500
0 4010 7924 2864 2438 2441 2748 7960 2099 4641 4961 8714 2304
1 6502 5054 5706 3989 2470 5345 3838 9529 5389 1620 8629 5531 4786 6827 6613 2
2 4411 3401 4253 8551 5402 1811 816 5293 3617 714 244 8552 843
3 2282 7560 6265 799 7977 6132 5276 5599 9689 2876 4129
4 375 2301 8273 6782 8997 549 8366 4873 1430 8068 4352
5 4229 6361 8969 7958 2181 4401 620 9794 3268 9604 6171 1246 5848
6 5320 505 4250 2131 3445 8729 1899 686 5218 4540 5772
7 7311 3439 7124 7582 5040 8556 5511 9850 5874 6852 6115 9178
8 6773 8494 5587 2127 3474 710 9273 2794 7707 4240 363 9350 2187 4104 2074 2028 3163
9 1122 4971 3891 9217 6249 5130 6063 4167 2098 9770 7939 3801 450
10 4046 9763 5657 8870 7070 5987 9342 7668 8954 2195 9109 5710
11 5933 905 8410 3847 621 20 5982 606 6826 1470 4008 46 9404
12 4187 7451 8559 8119 4140 8916 8999 7617 4975 4399 6465
13 1082 3318 59 6975 2335 7019 2812 3990 7928 2211 3403 6178
14 8665 5627 145 7855 3633 7136 9730 5589 7990 5632 7501 7895 3098 1031 5849 5860
15 5244 1706 8963 5108 7453 1501 1459 6022 8226 4556 6980 2892
16 6810 7482 3887 5568 5695 2200 9055 2631 1495 622 3234 402 708 4156 1979 9545
17 2710 6751 2442 3269 7104 7664 3963 5515 2561 1553 7521 3229
18 8237 8149 5635 7392 9033 2830 2434 3296 7479 5980 9107 5043
19 639 3749 3637 393 3815 1624 362 4374 6674 7846 6320 9036
20 4955 1174 438 2293 3695 7619 7118 9813 763 7148 4011 7320 8125
21 1757 1022 1551 7747 1648 7961 6644 8681 6413 9119 3314 1345 4730 3612 279 4108
22 1591 5103 6543 2836 9547 6553 5317 3019 2612 1869 3232
23 8877 240 5297 2173 3522 4412 1006 9925 9750 5946 6889
24 1266 4002 6421 9621 8153 6316 6344 7754 2505 4126 4216 6514 6168 9004 6482
25 6527 9614 3059 1923 6815 6050 9761 9830 3738 4569 9832 3476 1512 5219
26 8645 5743 4298 6816 7431 3330 6804 8120 2907 2615
27 5652 2248 2176 2605 9027 7491 5358 6169 9092 5141 8625 7044
28 109 2903 7694 7447 5202 7056 6721 5114 6560 5734 1737 4312 9478 3498 7179
29 2231 7909 8911 1419 3649 8222 73 5363 7722 9335 1601 5064
30 4952 2126 3143 5396 9891 9508 5861 2222 4154 6549 8235
31 6468 8766 9797 2506 4270 3794 7236 812 7355 5445
32 5425 8280 2582 7189 3392 5247 5477 9257 7024 8891 7787 6082
33 1126 6654 3657 5877 2104 697 4997 6419 4088 5337 2736 4562 5014
34 1199 9877 6085 6749 7450 2777 4782 5319 5313 9982 707
35 5299 9441 1068 437 6323 6397 8208 2515 8947 8713 7389 3379
36 9910 5327 7381 5953 151 9014 8357 534 4447 6625 1498 8922
37 8078 3551 110 1374 7833 4705 3664 4102 4297 2709 1664 2134 7753 1053 9290 5752 7001
38 7015 3931 7225 2065 2686 3688 4489 9608 8140 9013
39 4355 7659 7396 8269 5925 5573 2595 6433 7701 1014 7785 9468 5030 1871
40 8127 5128 748 7197 8897 3921 8197 5522 2075 3051 5326
41 3221 2145 3653 4171 5420 236 4179 1651 1048 9595 2725 8109 7545
42 7600 5671 6443 4031 9711 1261 8636 4443 2225 3374 3444 7765 8580
43 3580 5669 2280 6055 6294 649 7955 1067 5249 7653
44 1530 7953 7111 5238 8147 2169 5487 750 8733
45 882 5139 6349 7007 3343 2299 677 299 6609 675 6531 8701 4596 2000 6762 1504
46 9644 1771 5200 149 3917 616 7642 1156 4190 1981
47 8318 7870 1966 2337 5597 3287 3643 5334 4232 5310 3119 2601 6584
48 664 5519 2523 6218 1285 4830 6849 1949 1612 9003 9270 9848
49 3279 6066 4279 756 8753 4334 7314 5392 4271 8675 2038 2264 935
50 8622 3080 9630 2267 7865 4166 4899 5480 2551 4823 9197 7736
51 5590 5290 8878 1897 3787 3767 5823 5564 6919 1141 6053
52 7452 9124 1519 3861 7989 3039 8026 7383 5922 7437 3093 6790
53 7366 9636 6655 4777 1387 5674 7010 9716 9872 2235 8300 4513 5993 4341 3521 1668
54 958 2124 7757 3365 3540 6659 1221 6083 5636 2767 891 2286 3870
55 2364 3778 3049 6901 2252 9638 3453 5926 5806 862 871 673
56 515 1742 9946 9616 2820 3868 7228 1637 5853
57 29 2471 9787 4393 731 6591 255 7264 9371 1478 2343 8790 6490 4377
58 7208 7037 973 4821 6203 9799 7374 7868 6337 6248 9323 547 3061 5775
59 1032 8974 5900 1758 6065 8835 4406 9776
60 6346 9183 5196 9346 2653 1366 7656 6851 7601 2939 2460 3128 6020
61 9434 7128 7957 5047 2995 4891 1805 9772 4299 6534
62 9449 364 2277 9523 2522 3508 2846 842 3781 2218 6088 7730 6400 2034 7968
63 9998 8203 2067 4758 2418 9803 741 7255 5647
64 5550 2629 4054 6518 1630 525 1946 3639 6330 446 9260 3792
65 5858 3108 5093 8898 3980 3581 8792 7376 9602 9979
66 4425 7758 5303 521 9825 7700 3011 2697 3267 8652 9152 131 650 8470
67 4147 471 6365 2915 3881 6544 9626 7220 5460 10 1750
68 5648 8489 152 9735 678 9869 778 8098 5077 1804 8725 9216 3186 5543
69 5008 7897 2969 6268 7083 5057 1994 8442 1829 443
70 6570 5127 830 7776 8787 2999 5942 3669 1390 792 6164 2677 2010 5349 6123 3961 1934
71 924 9304 5279 3473 8464 8341 6119 5990 5390 847
72 4128 9918 4791 8364 7563 8549 5641 5426 7898 2744 90 6833 753
73 4083 946 8707 7218 3587 8295 7424 2896 3454 2745 6938 3936 2240
74 1123 4807 9935 8837 3180 71 8658 8744 4546 2047 6287 2283 7725 683 2158 8910 2555
75 8305 9352 4015 9768 5540 9098 2879 8447 104 7873 7253 8601 8487
76 5608 5951 1029 8957 6807 3766 473 5594 1320 7875 168 5899 9129
77 1371 5516 2278 434 4911 9236 1598 1683 5197 6618 610 3184 8462
78 9876 3747 6140 5714 7410 7036 147 9522 5500 2022 2626 1019 8404 2927 4176
79 8162 789 7908 2663 1903 8513 1521 5560 2450 1444 9697 8776 5917
80 6872 4573 2713 5124 1010 5673 1927 4243 6129 121 9255 5248
81 4313 7534 5631 1895 2821 878 8616 7371 1164 8724 6001 9164 5451
82 2456 3449 2891 5855 466 9739 1458 8698 2085 1518 4629 6401 132 8934
83 6864 3519 6058 5220 8879 2671 9225 7292 5062 4928
84 4545 8437 9771 4100 486 1622 3327 5471 7740 7177 2207 6061 3117 6305 3236 8498
85 7310 3875 1764 1659 1249 9148 8986 5871 1963 8509 3452 6243 9677 2673 5446
86 7502 4858 6995 6633 9704 9907 407 2476 1078 5022 6261 3757 991 3144
87 7278 8529 3494 715 3021 1329 142 3260 8780 6434 2528 9155 1566 2542 5788
88 8219 8469 9938 8569 1007 6860 5137 2517 7585 8851 783 4660
89 7313 1965 9742 3055 5488 1690 5291 86 8196 6473 9990
90 4920 4995 6745 386 4226 2841 9883 7388 9819 332
91 2170 4814 8620 4309 4630 198 8695 2617 2474 8655 5897 3023
92 4130 5084 9035 8977 1594 6146 9370 4864 4627 4324 5401 5821
93 4000 3076 3029 9509 7435 7030 1998 3604 4845 5481 7933 1042
94 7840 8262 8440 6746 1982 1011 1933 12 1247 8418
95 4515 1684 8781 8266 3696 1525 2009 9422 6842 8848 7219
96 4478 1200 9912 3284 7409 1327 1472 929 9060 6704 6231 6526 9836
97 2092 4793 2646 5644 2910 2229 728 8052 1661 9099 5482 155 8134 3877
98 7944 8479 3141 1918 9474 2751 6900 7276 2632 5711 6817 1101 4311
99 3743 7930 3382 4211 4514 8265 7043 5497 9671 5528 263 3212 2818
100 2762 2734 4686 3126 6586 4372 1494 911 1146 9652 3584
101 392 8861 1063 735 9482 2539 1673 8263 759 1535 583
102 8424 3109 9862 7261 1973 3893 7942 1686 3270 3013 25 7602 3752 3427
103 5611 2199 1825 3517 4743 1910 869 6497 889 9443 3395
104 7625 4934 414 1245 9721 7983 6859 5089 2415 5541
105 6076 8730 5431 1412 7338 3501 3052 4599 6818 7341 4815 1058
106 8923 9372 3939 7335 3211 1297 8991 8630 1473 7202 5685 6188 2030 4879 2123 7486
107 4014 3162 6520 3225 8650 5121 5700 4921 6214 3058 3349 9548
108 2221 827 6964 8752 8329 1702 3399 6048 9705 5201 1166 6424 8406
109 8667 6368 4938 2508 7797 4272 667 6013 3569 5490 5295
110 9899 4869 2921 7372 2948 6708 287 8643 7683 2439
111 1037 9906 1863 5407 5833 4221 9694 8605 5256 8405 4236 9187 6347
112 8540 8382 243 9287 6905 8741 5506 8467 6071 3566 9144 340 4230 4400
113 9020 4748 6358 3196 4549 856 8002 7988 980 9984 4252
114 5761 4469 9736 1944 855 8669 8536 6339 3748 6986
115 8241 928 2878 4519 9042 3477 5042 3027 274 2540 4107
116 3429 5381 9161 2120 1201 9920 7686 6289 9090 8191 3720 2100 5869
117 4482 3585 1767 262 5663 9895 5222 3025 5418 7822 5622 5756 4957 420
118 5974 3971 9136 2678 918 7062 2755 2513 6095 9930
119 2135 4361 3193 3859 4384 9383 7141 2581 7807 4111 2345
120 6858 3262 7115 6019 8081 7017 4132 6278 146 3668 6554
121 5579 6634 1489 8110 2189 461 4794 5533 8277 6463 6699 5643
122 990 4833 8012 6381 4903 9717 3462 2690 3016 9208 1782 9426 7078 2113
123 4116 2503 2420 2245 2391 7688 8223 4486 4959 9655 3461 8011 5177 4965 9931 6044 3894
124 2006 8760 4917 81 3951 5678 7271 8260 1666 6029 8671
125 4331 1902 341 8672 6353 6166 4915 4653 9317 5245 5251 8841 7732 7296
126 2250 5453 6239 317 6297 2168 1890 2906 1876 9573
127 6677 9791 6706 96 7084 7316 9653 3404 1885 6459 8567 84
128 1314 7364 3017 7729 4273 134 3842 654 5167 8369 7145 3865 863 2668 1121 2643
129 4283 3344 3451 1558 3423 853 1548 596 1692 6895 7133
130 6432 5102 6557 5501 2801 65 9450 7637 1894 1454
131 409 4711 9684 1338 8785 4600 4713 1219 6838 4847 5656 7456
132 3825 2887 3793 3536 9971 1769 16 6385 495 435 9005 3910 7883
133 2909 7650 9044 4268 1688 1184 1442 4091 305 9924 7306 1607 7266 979
134 8194 8200 2854 9544 9488 8555 6077 5629 2811 7536 554 164 9021 2413
135 4142 5098 8823 6450 3594 181 9153 9393 8919 5019
136 2575 879 5931 4510 3726 3430 3083 9977 9665 3493 6604
137 9309 8315 4175 5285 1436 4408 7224 1509 740 3681 9138
138 2586 5890 2992 6078 824 7964 3068 9857 8619 7425 6030
139 1578 6623 4249 614 5824 3312 9921 2101 1833 3137 4764 8617 662 8900 5896 6772
140 1592 166 7784 8381 6182 9919 418 3210 9600 4020
141 8703 2947 9223 5168 3542 492 4994 1505 9640 9796 5846
142 797 9560 8941 7173 3907 7547 8438 6472 9503 4659 1711 6060 7438
143 5035 9958 8613 3608 4642 3431 8001 4574 4762 5732 5462 6170
144 231 4922 1859 9829 6887 2976 597 278 2872 3592 9965 9453
145 5176 1420 3656 2534 5930 4621 5544 9415 9943 6694 4354 9301
146 3168 4347 6963 5776 3424 9233 5964 5283 9294 8307 5571 6695 1657 4528 2533
147 3346 7239 1970 2355 5278 7587 749 2981 9889 4924 7920 3006
148 2719 8971 7195 6471 3129 3411 8575 4259 5005 8982 1739 7709 6101
149 9532 9643 408 5463 9095 6389 6812 5133 5413 5680 6270 3543
150 2487 3833 1516 6733 7781 3030 4050 4666 7572 6701 8183
151 2122 4023 7516 6159 978 6540 3257 1824 6331
152 2007 6542 7478 8075 4338 6577 1677 3147 1922 7511
153 5342 452 3828 6036 3056 8608 6283 6103 6902 8743 1741 7641 9066 9461
154 7402 1577 2869 642 5937 6981 6052 7817 567 4658 1740 8896 4457
155 4502 693 3071 9593 7318 6213 8289 9281 8004 6177 7905 6511 8189 1176 3964
156 383 9514 7226 5028 3515 1452 6876 6823 9209 993 9219
157 3816 9079 7612 4087 154 6824 6009 7496 2318
158 191 9759 7469 2776 3622 1867 3398 273 7804 7087 395 76
159 9549 2568 8038 8454 1785 5370 7800 6680 6205 7419 7472 3213 3125 4539 8491
160 2832 3744 1393 1623 8281 9782 8497 2097 1765 9795 4624
161 2848 4939 3722 3472 8888 1898 4296 6931 6711 2257 1964 4397 5948 1311 7429
162 6776 8475 1609 9599 5547 2746 5574 6904 4206 1092 4760 2732 1383
163 1474 5934 1865 140 9539 592 7889 3625 2510 1231 6903 3677 7399
164 7307 8763 5839 5066 1883 6172 770 6646 9826 7167 5384 9325
165 6501 2759 3960 5226 2834 1792 5379 1786 9237 1610 5322
166 3224 2204 3616 5956 2785 3302 179 3375 2603 502 3539 7820 7790 9224
167 2642 4157 8477 5235 3899 2382 6719 1112 4543 8428 369
168 3456 1488 1715 9343 9494 1451 2819 7654 5442 4943
169 4689 656 5443 52 1693 8198 5154 930 3300 8403 2107 5305 1858 2898
170 1989 6461 5388 3299 1450 1909 5804 6517 1181 6953 8831 6547
171 3355 7761 2214 5000 8456 3389 5630 4064 291 833 9120 9496 8907
172 2076 8502 4219 5255 698 6747 2201 323 9202 6081 5419 8195 4912
173 7687 6507 8553 379 6092 6180 6002 9624 9038 2060 8049 8711
174 150 900 4275 9392 9329 2815 4881 532 4738 4651 8062
175 3459 7112 5757 7823 6939 315 8918 8014 1930 5857 6537
176 9125 9189 1189 1035 4993 5664 4369 2226 1400 3810 7216
177 9361 5779 8928 9176 9182 6111 4258 1155 9348 8516 2115 2190 6198 3158
178 4465 2477 7847 4631 4753 1441 9939 657 8365
179 1954 5803 1234 1789 5696 575 8731 433 4040 3741 4950 5292 6011 7439 2666
180 9714 2563 893 6410 6204 9997 4756 3582 2826 7506 4717 5175
181 210 2026 235 1468 453 9279 7894 3819 5773 1144 3372 836 61 8528
182 1545 9184 1886 7248 6455 7232 9102 3561 3303 1238
183 7580 7144 543 1675 2428 6396 2647 2580 1084 2608 5767
184 9447 1725 6267 4966 6726 6335 2711 5059 2390 8582 2929 6280
185 4490 9487 5886 9959 3381 566 3009 8710 9526 4292 444 6351 838 6134 4199
186 2994 2958 6671 6416 4848 8327 2011 9692 1410 6891 1211 3405 1602 4134 1534
187 6326 1631 1879 7442 8778 6104 8377 3620 1621 2585 5331 1342 7055
188 5894 2032 8809 4278 4895 5535 7113 5213 6370 5387 7811 1939 4988 3261
189 3701 5854 3955 9385 1480 9192 7828 4718 1404 3714 9089 9518 2182
190 7503 9556 8595 5070 1186 8372 4251 1194 4362
191 8968 9357 3606 9140 8397 5050 9880 7567 1639 8814 2246 1145 7413
192 4874 5763 7283 2130 8164 6252 8217 5955 5670 2704
193 1704 9961 9875 9863 2396 5661 1772 5598 2254 2073 4667 9173 7513 6675 2155
194 7620 3192 2779 9537 1382 3516 6822 1445 2183 1552 7874
195 982 6264 3800 4750 7294 923 7422 5513 8959 2972 7579
196 9900 3713 8560 6686 615 1872 3611 8468 3864 3468
197 2197 1212 2423 5754 2731 6648 4454 947 6155 2507 6710 329 2121
198 5227 1336 5916 4048 9049 4041 2778 1843 2669 7684 3113
199 4818 2738 9428 2440 2041 144 6286 4575 8939 1920 5536 4378
200 4665 9456 2980 7152 9074 5840 666 9132 1874 1559 2693 6355 4531
201 8757 1587 6616 3238 463 3347 7301 1119 8591 2463 6453 8144 4065 7064
202 5835 3342 5591 4802 4693 8298 7507 4353 5116 648 9757 188 7053 6049
203 5778 582 7826 699 8709 406 8998 4654 2008 2775 400 9499 5966 3728
204 1274 7527 9698 8511 3647 8155 3334 309 3216 1812 4069 7992
205 3041 1957 1001 8937 1132 2782 5545 1418 3857 8282 4180
206 5086 6274 8926 2156 8013 2458 2874 39 3222 1012 214 1633 4459 1555 5548 6404
207 2253 3295 4668 503 7911 7836 8727 9741 1380 2432 6141
208 3140 1723 8664 491 4597 760 4238 1547 4517 3348 2109 1328 5762 427
209 4373 6222 3197 4906 3486 1045 5430 9831 5134 8 1815 7802 1289
210 8755 2982 7937 9868 2431 6578 4420 4451 4183 4497 7798 4907 2577
211 861 5087 6738 7538 9091 7779 814 6949 9976 356 8869 9701 8880 5885 412
212 1565 6310 1803 8099 2530 3898 3278 6105 661 6100 8716
213 1678 8041 559 1588 5231 8867 1696 6348 9472 3884 3773 2537 8043 6692
214 482 6954 6952 1732 7860 1028 319 5041 2564 6417 8728 3195 8858 259 5715
215 3045 8840 157 9886 7581 1215 7718 7848 4196 1857 3320
216 4856 8850 2369 2886 288 618 2763 5335 2591 1790
217 9927 9985 4954 8940 4025 963 6801 8328 9034 8978 1248 4317
218 8458 1709 1440 5565 5628 114 6352 7752 389 2261 7165 300
219 2918 2664 3862 5745 8256 1405 8215 802 6950 8804 952
220 3396 7723 4417 5073 5289 2048 4671 8102 1900
221 5976 6000 4744 8274 6639 9052 9039 9147 3704 6829 7630 5026 3207 5286 7669 7652
222 7040 7411 7052 7342 9497 3114 3239 8795 8182 7363 3489 4811 3015 6057
223 7358 8190 1319 9708 6117 9769 7089 8789 2050 5800 8832
224 5713 7697 2403 9284 4403 4358 9275 6350 907 4547 1116 1619 3836
225 3692 9942 4481 3760 2357 9538 4448 248 7994 475 1731
226 2238 5094 3166 4430 4164 4112 484 8088 8246 6189 5340
227 2683 2191 3469 4883 1060 1762 687 6121 7114 7393 1665 3929 6062 5003 4035
228 8507 2531 5456 8037 5183 5634 6041 2017 6209 7605 1745 6387 1125
229 1823 9388 5374 3593 1333 4061 1291 4458 4766
230 2667 4005 3995 4181 9245 2234 7337 2384 1129 8894 7096 7252 7864 2340
231 7421 8409 6275 8720 6136 1855 1870 7981 3070 2194 3727 2569 7575
232 2063 2219 5360 7773 5485 3673 3173 6124 5702 3024 4307 22 6254 9666 8985 6737
233 2427 4391 961 5814 3848 5354 7869 688 1253 5316 148
234 8557 4936 9823 6620 9988 1862 524 7238 4321 1360 3602
235 8264 5665 4492 7554 3322 4872 4740 4204 4548 399
236 2622 7544 5790 8699 8351 2996 9744 1434 4775 5277 6099
237 9249 1644 6293 35 8171 4201 5588 3123 1801 4812 2613 6778
238 6162 7171 5978 1055 4516 9201 9590 6781 3047 7347 2679
239 6086 3959 1272 9542 1649 5947 3390 9264 7623 7661 2983 8193
240 2729 3902 4840 6510 3802 3974 6700 4508 9395 1908 3032
241 3573 7377 6247 810 5965 5508 7923 4437 4591 367 9265 4314
242 8238 4500 9112 7297 3911 5766 1628 3629 8975 5129 3165 7606 7474 457 3316
243 5328 3938 6958 5924 4524 8973 314 845 517 7050 9160
244 9263 9181 1457 8176 9755 5684 33 1787 2116 6466 2674 5988 1961 9646 3504 780
245 9146 9953 4039 1002 1777 7815 9700 4577 5001 1793 2875 3944 321
246 8657 19 1255 6787 359 9327 4535 4918 3036 301 1051 4402 1153 6258
247 7749 9627 6516 89 6846 8288 8395 5909 5486 6144 6228 9271 3106
248 2602 9221 9897 6158 2492 6237 9330 931 6921 2604 2437
249 7139 6976 7557 9738 4376 4564 974 2036 8503 4628 2857
250 7211 49 6023 8240 2330 2500 3313 6960 5143 4626
251 7142 3820 1878 5016 8813 3845 7831 1694 4523 8799 9969 8493 5969 18 4728
252 7168 3198 1423 6479 8587 3245 9319 7130 9584 2810 4741 9709 5458
253 9553 690 9951 3984 6598 9540 1822 3968 602 218 7577 3954 6477
254 4058 122 9491 4819 4301 919 773 9278 8864 7212 2307
255 9760 3996 6908 6959 2853 3400 2461 564 8694 6640 917 4909
256 8128 6932 8737 3742 2068 11 64 553 4684 4529
257 5415 8030 5676 5954 1841 5957 4160 5690 4440 3321 1461 8868 8245 5898 718 3827 9615
258 6300 7676 1891 4557 6245 7270 4266 7143 8058 7692 2464 3276 6458 7762
259 4617 1304 8159 3263 8309 13 1095 2641 3888 465 6223 9669
260 304 5367 3131 5592 7490 3189 5055 5449 6167 2416 1043
261 1258 215 2633 6519 9410 1996 6993 1562 3949 6070 2024 4808 3753
262 6319 6012 9158 2765 126 2680 3832 5376 3547 1085 7029
263 5493 5398 619 2188 4850 1062 8966 1263 1937
264 8393 1008 3654 9896 9635 5207 1318 3925 187 2349
265 4700 6220 1775 722 1641 6722 2358 7792 7090 5600 5682 9485
266 2333 2387 5394 9324 8518 8886 581 3384 2467 7042 1717
267 3333 4512 9028 2501 498 537 4849 9364 7525 307 2175 9533
268 5436 1718 9660 4538 9754 4974 7588 9105 1852 8578 1223 6296 3074
269 3660 7774 6318 3067 2215 3770 9108 7349 5507
270 2015 5687 6051 1222 6757 6972 5943 2627 7008 2223 8212
271 7155 8084 7268 4655 2031 711 7616 8113 1988 162 1728
272 5617 7695 2045 8319 8076 1941 6894 4316 909 4343
273 3663 2584 8679 6714 6602 9282 9135 4436 1369 6469 887 2662
274 5584 4225 7510 9248 3537 2272 5789 3484 6492 4224 2263 8106 5660 3376 5112 9583 7206 3586 5962 79
275 7308 7649 9870 8036 6506 7975 4866 3798 6893 3873 1629 2203 1105
276 3410 3218 5888 2519 6658 9067 8759 6886 6951 454 3371
277 9179 9113 7281 3605 422 3775 4798 4336 9914 6483
278 165 9667 6678 8749 5281 9435 9513 3007 9585 3514 8604 2260 2407
279 2262 4280 8632 8960 8989 9516 117 4419 5995 4657 322 3987 4068 813 5801 8343
280 5521 8033 9811 7305 669 6856 3217 6830 8233 2288
281 3759 2715 5936 9298 5217 5876 239 5356 2610 5994 8484
282 880 1481 4178 8258 7002 8286 1286 966 171 9824 8290 8167
283 7003 6575 4571 1626 4427 7237 643 4452 4335 5270
284 5603 840 3042 2997 4589 9419 6427 283 6775 6504 8169 2128
285 241 8253 7107 8247 6325 1288 4926 2599 7060 2383 2739 183
286 4193 7080 1893 694 211 5595 4707 2851 6593 7932 200
287 672 7548 4244 3549 2796 1296 184 3339 3271 5027 2825 977 8639
288 9163 9975 6276 7901 6579 5911 8550 5302 1971 8031 7185 2900 6454
289 4370 2193 5250 3952 1697 7632 9416 2070 1529 4276 2946 7033 6014
290 3373 9291 4318 4158 9949 628 6693 9206 5386
291 1636 4981 8003 5842 5649 4694 6769 7471 6311 5211 4079 75
292 1567 4674 8009 4456 1113 9986 9026 5967 4136 6151 3065 7183 1625
293 5527 9574 7872 3882 9024 5489 9519 5555 1376 2454 971 8060 6343 5072 4765
294 9064 195 7543 8779 3 2162 9466 6356 5025 5441 3408 9903
295 7484 7108 2881 2054 318 6024 608 9308 1978 2334 8121
296 1976 5878 1183 3646 1827 185 7027 1024 7795
297 5236 7350 5741 3275 3635 9194 7498 5843 7704 7551 2037 1154 7553 7147 2589 7200 6360
298 275 7993 9232 679 1703 3369 589 5033 3102 1736 8599
299 1795 260 6035 5468 8283 3139 8638 2593 747 7509
300 1307 353 4852 2255 5018 2310 6918 2354 4375 1402 4504
301 9017 3831 9699 2865 2806 230 5739 3588 1991 8018 9425 3731
302 494 5817 2319 9001 9775 2469 5142 7345 102 1921 1700 904 4234 1557
303 3595 351 1196 7962 3822 1643 7927 9047 8248 4340 2904 8994
304 2964 178 4768 8537 4633 7573 306 5882 2692 7979 5998 5411 9733
305 9710 7628 2302 4867 2516 9695 1381 585 5798 7657 9837 9541 6423 6292 9114 9731
306 17 8354 2451 3115 358 8425 2598 9123 5324 7445 3762 7138 2393 4962
307 290 1853 2829 692 8103 1003 1995 7158 2159 6621 4664
308 9492 2287 8828 9922 3922 8356 7034 4095 2497 7780 6650 2147 541
309 3407 3095 6043 9380 8032 9810 9815 8882 2749 4761 54 1375 7997
310 9748 5618 7099 5621 6832 2433 9471 7799 462 2205 867
311 9571 2780 8839 8091 2899 7302 5223 6868 9878 858 4151
312 2241 4360 8152 915 8430 4173 4285 6193 8239 9622 4350
313 1543 2151 182 1851 9167 464 3324 5377 9566 58 5492
314 6934 7201 9847 1729 7176 1663 9881 3806 1466 3723
315 4337 6515 312 6989 3237 7137 9530 8376 5162 2571 3644 4586 8227
316 3200 7073 5724 5125 3733 2448 6697 6156 6748 3651
317 2217 158 7680 5311 7925 6869 5017 2579 6957 6532 732 5748
318 3188 7900 7609 8535 6398 6768 9418 1699 6597 368 8046 8782 5520 6635
319 9062 3998 1681 1945 3149 6108 7631 8592 7420 1220 7881 4191 2773 9968
320 5558 631 7768 7731 7696 8979 5712 4877 3883 8747 876 6538
321 5083 2488 1912 4563 2071 5720 1279 8761 4231 4799 5609 3111 4985 9244 7153
322 9874 9680 439 8967 2429 8563 5704 1269 5240 5457 5919 3661 4269 5437 4855
323 1172 2936 1103 4803 5348 1161 4153 6034 1713 5406 1953 3370 2414
324 3957 3000 6605 7724 6142 6536 4195 5567 4558 9075
325 2484 7022 339 5024 4908 5484 1656 5838 2468 7054 5122
326 1187 4900 5769 8808 953 2769 2684 6512 3814 3146
327 1235 2772 3311 3711 9166 3906 784 895 7569 8797 3982
328 5940 6508 4366 1698 9978 1089 8095 8819 6913
329 7279 381 5610 7386 3724 333 3670 6585 1888 4081 7682 7880
330 7370 2788 2046 3846 659 1173 8148 1330 721 2527 1352 7599 9510 9299
331 2636 6039 3066 5812 9853 9126 5267 2021 1041 7233 2696 1401 5341
332 6072 2987 7203 2339 4947 9398 6814 3879 533 7006 4602 4222 352 9007
333 3170 1316 7522 4734 3685 9612 2618 1660 7647 787 496 527 3830
334 3805 6723 2025 9773 2091 5863 4838 4024 6965 4636 7280
335 7414 6165 9816 1322 8817 2741 4522 5375 9934 3380 8722
336 2087 1094 3867 8314 4261 3948 9059 9751 4880 338 3576 56
337 529 5615 2083 5721 3687 910 1760 1071 2455 405 3085 1809 8800 2790
338 1768 4853 7951 3518 9386 2111 3976 716 7954 5188 3562 6967
339 9981 9752 1589 4394 1409 1938 5230 6308 7842 2491 5111
340 3737 8242 9603 5179 3171 1950 2624 1751 3378 837 5338 2565 8600 8512 8387
341 2606 4785 803 1171 1312 7101 1061 3680 2795 9576 5110 1066 1611 4071
342 2880 1049 1384 4582 3843 3975 848 2717 4607 8811 2737 269 5090 925
343 4085 1864 2268 4763 3422 2365 1727 1213 4218 6705 6187
344 6064 2787 4865 6911 3412 5794 2616 234 4192 4059 9712 730
345 808 561 9531 3520 8983 7858 8860 7457 5786 3057 6281
346 5475 996 196 118 9723 3979 8523 4323 8083 3254 3648 2518
347 7648 7693 7689 8648 7532 3460 6212 8019 6915 9056 7323 6712
348 5725 9753 6835 9063 7814 6273 5123 2001 972 8142 477 6672
349 580 6027 1267 4475 4837 9963 6666 441 6825 5929 5961 8375 4284 9139
350 3589 4634 3310 612 8806 7727 8803 7524 9993
351 6624 8596 1980 3145 8976 9732 9188 3031 1499 1490 2538 6920
352 6219 9373 8628 4551 6805 6110 8754 9326 3978 5061 394 3795 2088
353 302 7121 1018 8391 2722 2911 3983 2064 9871 284 7262 2882 6611
354 4972 2884 347 3094 913 8170 4429 8426 5079 9833 6898
355 4094 4215 7161 192 9417 232 4302 1576 8572 4294 8071 8465 9463 6771
356 3353 6367 7150 1298 4120 8816 1280 3010 6892 2274
357 448 8615 8676 4816 8827 5852 8668 3600 9408 9973 6451 5097
358 7711 3909 3187 8640 5052 2916 968 5539 6561 1550 4941 8284
359 7103 6125 3088 7194 658 9596 6192 1540 8243 983 6603 246 4619 8293
360 4255 536 161 1133 5120 2374 4137 9743 9957 9501 8908 1710
361 5705 9561 623 87 1733 8276 9241 7284 1784
362 97 7028 5152 5781 2973 3194 4067 1554 5315 7902
363 7403 42 1662 6649 8762 7539 6867 6475 487 1137
364 5518 189 9012 410 3416 4018 9072 57 4213 1572
365 5380 6828 6256 7356 4640 6031 1087 2559 9000 7713
366 6944 2473 4846 207 1244 6600 3850 1479 4708 724 1086
367 970 7014 1232 7970 9575 3655 3470 542 2350 8349 6924 4679
368 153 4638 51 8798 8400 6263 9960 1284 3699 2640 8931 9654 4824
369 7246 5777 6535 4937 8796 8538 8504 3603 9110 7290 1160 3905
370 7913 4990 5686 2757 6614 8115 4356 2084 9196 2774 8506
371 3676 1614 1005 8270 4537 2576 962 2648 4122 8042 8116
372 1448 4161 7319 6794 4293 4038 8151 822 88 5304 3703
373 651 2849 2103 7184 2402 8890 1877 3739 512 5479 9205 9043
374 5032 1783 8526 1645 6896 4662 3266 7398 45 1761 3377
375 8034 5510 1532 4505 3252 5147 6813 7819 7922
376 6589 8449 3930 6357 8311 5034 6656 3671 6059 3557 7365 4346
377 8833 4359 8359 4554 8951 8624 8734 1569 4205 9313 2578 5099
378 6760 4817 2545 8360 744 5081 1324 2157 3337 4579 6250 5156
379 3610 4290 6740 7818 7321 280 485 2125 4418 9543 738 5408 2275 6615 5997
380 95 2035 6880 5944 7734 1712 7018 7190 4345 1081 1524
381 1916 8411 2295 2897 9061 5753 5011 6006 8363 8291 9351 1281
382 5046 8689 8337 1796 4169 2781 8914 4704 8420 6539 5138 551 9008
383 5417 5633 8610 8250 3928 9362 3026 8045 6606 2856 7285
384 6383 7476 1730 5263 2049 4645 9218 9002 5309 794 6513 8480 1242 9807 1175 7615
385 72 3464 6562 209 1635 2799 1917 8285 1076 468
386 1203 361 3156 6533 4875 8275 6839 4570 9915 1343
387 4155 1064 3693 2863 5146 3367 5036 1669 5074 9659
388 818 7885 7859 7775 8594 138 9365 4496 3529 500 3797 8987 8495 569 7949
389 4914 8846 4806 5796 4466 877 4235 7247 7009
390 9104 8892 3941 7459 2716 5209 6246 6032 2444 1456 1027 177 8345
391 6657 6522 8623 5836 8214 8322 357 3895 7766 4521 3853 2652
392 5638 8815 9563 8380 8981 5115 366 4632 4789 8460 7946 5365 6984 135
393 7824 2378 5161 5205 6546 3437 9207 1778 8338 3597
394 6425 2043 4281 8872 8457 8287 4688 3596 7169 4598 4007 3305 6899 7759
395 7430 8992 3150 2296 4827 4913 7066 4978 8008 7791 5862 8794 199 2962
396 9058 7561 5056 9340 4935 7835 7674 3046 6731
397 1632 531 9911 7229 7454 4217 6564 4426 2489 9397 1884
398 9785 4612 5623 5020 7706 4813 6080 8163 3834 1511 8488 3432
399 9382 5330 8705 355 2186 4480 5350 3900 6556 2705 6922 9834 1774
400 4247 2326 83 5478 8866 725 8514 5730 8051 4623 4416 6961 5339 4561 8005 9842
401 8201 7748 4725 1679 3478 7340 8236 7426 2029 2105 2412
402 6442 7996 9413 7884 4946 2654 3871 2118 2138 1932 3103
403 4274 8500 5945 6783 3558 767 3110 9527 9690 5973 6797 782 6802 2630
404 9890 4844 6718 3161 6312 8740 6968 7041 8584 601 5383 6428
405 222 8862 4339 5602 5423 6422 5096 9802 5654 3386 9649
406 7770 4131 6974 1682 6684 3471 9956 3414 2401 6153 4527 4901
407 2701 4829 2623 883 5414 955 5068 8173 8272 1983 8439 1353
408 7678 5266 1301 1446 8915 5268 3993 3446 2392 984 4998 7643 1056 6467
409 3014 4611 5045 1250 8842 4239 9633 4767 4699 2658 6636 3958 8893 6555 8938 7517 7120
410 3710 5738 938 6691 1424 268 8854 5495 4984 8961 2938 6288 6588 9580 9758 2986
411 4603 3598 6541 3626 9438 6627 9358 595 5666 4776 7481 9713 1256 1984
412 5883 3556 2895 6018 5275 1854 1218 7918 6109 3578 2327
413 7317 4395 3293 7235 9195 9515 6069 253 5546 7702 8964 9174 9050 7782
414 2945 2657 8296 7783 1104 6882 4223 9071 3133 7597 5224 9970
415 2385 113 6224 3839 3698 5435 6850 5306 9229 6137 2858
416 5782 9103 1482 7368 401 6040 5856 9898 6682 9199
417 5229 2743 1586 4673 8472 4795 1608 6874 2362 2192 5784
418 5012 9792 1533 9185 5132 2153 3331 1293 8463 2208 4168 2066 2236 7574 7852
419 2567 3849 5626 1046 3523 5287 8909
420 2989 8244 2968 1556 6930 1866 6420 9661 7622 8574 8131
421 6079 4143 4383 9950 1672 7244 7443 9440 2305 5639 9116 8687 4709 311
422 6033 8481 4723 2852 4648 2831 6302 7552 8301 1985 3789 5677
423 7387 4790 8402 8697 9778 6003 3152 6386 1131 3077
424 4992 2279 957 600 7227 6505 5455 4435 5192 6681 6470
425 2336 4106 1810 1613 2408 4697 2688 6752 4439 6191 7299 8735 6676 3750
426 7058 3512 1977 2920 9156 5949 4637 2300 3053 9607
427 4722 682 2609 6094 32 2265 7662 7830 1573 6862 640
428 7272 6799 8186 8944 3428 7660 6379 8228 1838 6962 6631 105
429 6120 5395 2925 1520 3818 1398 9916 2149 6200 898 6946
430 9859 5731 1264 3419 7739 9628 2490 5107 4601
431 2839 445 540 7129 6567 7777 2459 2789 8568 8092 552 8431 5412
432 4690 8308 4503 9289 7344 3892 7274 3684 5474 2771 343 934 8087 4967
433 7465 204 6388 4797 7991 5422 7494 6821 6015 766 828 4027
434 9363 9106 6500 4483 3417 9866 5450 419 5362 2486 6327
435 6406 4534 9412 3388 4969 737 7558 9157 7400 7821 6445 849 6074
436 3351 6803 3328 6741 743 1334 1544 7175 6332
437 2053 1492 8769 8748 2171 8267 819 3918 1128 5554 9962 1020 5895 4923 4170
438 8324 5729 2742 2482 6190 6754 4587 1962 7026 1868 7467 8156 7105
439 6324 3705 3526 8028 9266 2706 8501 6210 2421 9996 5155 3706 9555 9852
440 5312 175 4643 9296 9446 1860 4103 6808 815 2216 9122 8881 9579 3758
441 8965 1517 6943 3443 7495 8912 3511 247 298 8843 2650 1942 112 8581 3004
442 3962 6885 8278 4139 1808 7499 2273 2828 1579 5166 3946 3241 6785 5029
443 646 2637 6992 7808 4330 6660 3391 9093 1394 5884 7069 7193
444 396 3175 8292 4386 2700 5021 7849 7331 999 8145
445 8459 6563 4072 6184 9322 4832 3972 3096 66 6906 4423
446 4703 7312 7986 4246 5542 9620 9345 7404 9505 865
447 5658 507 4105 3214 7562 8863 6207 3897 6565 6307 868 6415 4037
448 7045 6242 4944 8100 8316 942 4661 1500 397 6607 7837 7259
449 1313 5787 4739 1650 9856 7904 9681 6084 2324 7174 4784 3078 8209
450 331 2002 9559 9591 8635 5346 5699 62 8422 7395 1429 4326
451 8853 8527 8389 1225 603 6435 4650 3854 2072 5038 7240
452 3181 4613 5031 297 832 7515 5737 8653 1568 6359 9688
453 1972 7327 7854 5494 5868 5259 1317 6303 2102 8686 5204 1839 1560 8352
454 8917 7969 5454 23 3826 7972 2977 2228 5440 3779 9908 4055 139 7699
455 8416 2140 3366 586 2481 1959 4804 6313 8774 9367 820 2660 2322 7088
456 2332 4542 7743 4568 5566 3063 3645 1432 5746 2422
457 4163 4842 2802 229 1378 5512 9568 423 3167 1523 2475 5698 1252 6054
458 5344 3658 9552 9507 9389 3662 3638 1707 4086 250
459 4172 4622 2792 7851 804 4592 852 2051 6669 3915 4581 5369 3631 2847
460 2213 2502 9128 6912 7181 2224 9303 3784 8644
461 6789 3632 1259 4970 801 3005 1417 8133 7428 2161 3292 6163 3249
462 7359 6394 8768 6780 9009 4388 2242 53 8105
463 8112 7063 2397 9887 4113 7122 5958 2079 3908 2873 3050 1956
464 9767 772 8254 6211 6126 9937 9511 1217 467 4434 8093 1647
465 7475 8216 6206 4090 9812 805 1182 6617 7135 9283 2902 3981
466 4696 8024 7763 4186 7357 3008 6208 5797 613 3783 5880
467 5605 8905 6462 497 6982 2827 4652 5353 7867 1542 9687 3729 727 176 8396
468 6999 129 635 8715 3177 7071 5844 8434 5556 7131 2114
469 7385 1563 6645 1295 1685 4209 5109 854 6201 7735 5085 3101 2990 8174
470 335 6157 8522 2963 7401 219 7681 8614 2061 1652 7629 2676 6196 3885 5307
471 6395 8114 7382 809 55 4834 2730 4013 6865 2499 5172 4467 637 1348
472 9246 4889 8232 7717 5620 9454 5834 7102 8313 238
473 3242 2167 617 2702 7132 8192 2814 216 5728 523 8663
474 4322 9749 9117 3169 5637 800 1093 779 4277 5504 1496
475 1818 2835 1162 9558 8035 8040 9431 7505 9065 3054 8111 6551 3190
476 6592 5913 7529 6402 4076 5827 2808 3259 1986 3226 8367 8745 206 5149 8812
477 2311 8801 7440 4544 3950 5577 6866 3765 3505 6298
478 791 5164 7164 3568 7518 775 430 3613 6791 4788 5887 116
479 4616 5851 1539 9337 6315 6647 94 237 1582 2687 798
480 1603 6581 9387 5282 8786 8427 7832 6269 9762 5576 5063 447
481 8684 2399 3790 2165 9582 6118 2721 874 9162 1842 3624 1746 1464 3841 3567 8306 4045 1299
482 2249 1931 6834 2359 3179 2798 6097 545 4036 4210 6374 3048 8089 967 1358
483 6997 9672 1593 7492 8805 6197 3332 3357 4890 4390 5126 4494 30 9719
484 1142 535 3940 8478 4860 9631 6147 8094 4177 2923 7277 6236 6021
485 8123 2144 9477 7461 3872 1341 9414 6295 7444 5347 8390 6354 4348 1117
486 346 3858 8006 7295 9088 7257 4979 1526 2266 5751 7023 8830
487 7857 1597 764 4604 7772 5683 9756 9170 5747 3745 2052
488 4328 2614 1233 4148 3317 3297 7074 9171 2890 7146 9703
489 6474 1335 1873 3183 7286 8117 9222 8972 6717 1439 1040 776
490 67 2560 8530 8154 2850 9786 5805 577 1753 3491 4333 6028 8455 7077 9451 647
491 4149 6107 2110 7397 870 7348 7260 5758 1204 4320 9562 6161
492 506 5722 2800 8261 5145 8673 4264 7976 5755 1798 1310 745
493 7843 6408 5583 5496 9722 3682 4189 349 7712 7109 7570 8130
494 4656 6154 1616 9333 6574 8374 8904 8230 954 3761 1763
495 4615 1047 98 2594 7106 5258 632 821 790 8104 1134
496 4559 7362 6255 7207 4552 7891 4233 8379 7025 8566 7012
497 1743 7406 5952 2042 3702 480 3253 7346 7477 3707 7213 205 2013 3012
498 539 7608 9234 8670 3717 2347 4565 217 1107 7361
499 1236 7535 3420 5203 2758 3991 571 7468 7856 9368 1157 5810
