500
0 676 1110 2236 2382 2409 2437 2752 2887 3608 3736 4015 5962 6061 6217 7320 7452 7607 8124 9609 9840 9873
1 33 503 847 884 978 1770 2349 2753 2906 3562 4378 4989 5462 5833 7120 8235 8470 8987 9115 9262 9392 9495 9939
2 736 1564 1842 1856 3092 3485 3963 4582 4719 4822 5244 7130 7230 8405 9918
3 1098 1231 1873 2782 5130 6199 7001 7195 7579 7906 7916 9318
4 1281 1633 3540 5113 5164 5615 6173 6389 7351 7530 8104 8117 8163 8245 9125 9721 9878
5 302 358 732 2638 2767 2903 3087 3928 4055 4434 5086 6560 6979
6 1087 1168 2863 2922 3569 3575 3905 5187 5216 5366 6281 6991 7157
7 854 2152 3145 3997 4029 4188 4917 5145 6225 6701 7045 7324 7575 7664 7833 8040 9253 9324
8 291 654 1642 3113 3307 3678 4276 5198 5228 5783 6467 6919 7274 7299 7548 7560 8403 9866
9 837 1034 1822 2532 3080 3705 4078 4644 5095 5682 5860 6042 6134 6767 6790 7133 7586 8239 8498 9007 9461 9920 9955
10 528 851 1051 1303 2868 4266 4299 4561 4569 5131 5423 5620 7405 8156 8520 9041
11 756 1477 1781 2031 2918 3451 4154 4170 6999 7696 8190 8266 8380
12 389 571 720 1415 2109 2486 3757 4362 5237 5467 5509 7444 7672 7679 8060 8355 9889
13 253 496 951 1229 5271 7022 7535 8175 8391 9113 9370 9466
14 304 991 1248 1607 1852 2497 3068 4356 5673 6729 6748 6787 7381 9079 9405
15 560 836 935 1156 3343 4239 4589 5061 5634 7008 7732 7772 7782 9161 9259 9296 9474 9627
16 365 533 1121 2375 2387 2695 4404 4721 6570 7014 7166 9991
17 39 1280 2149 2232 2243 3028 4013 5907 6347 7431 8109 8178 9912 9992
18 1876 2269 3268 3822 4132 4596 5781 6232 6744 6954 7000 7698 8007 8031 8852 9152 9703
19 2776 2812 4485 4520 6068 6847 7150 7745 8181 8963
20 563 739 817 1834 2596 2966 6032 6614 7702 7835 8247
21 1077 1396 1414 1580 1668 1708 2168 2465 2760 3104 4692 4714 4816 5065 5432 6233 6400 6464 6821 7213 8514 8516 9605
22 1305 1608 2024 2711 3600 4050 4930 5024 6811 8374
23 970 2126 2451 2595 2969 2984 3948 5001 6280 9209
24 113 170 465 917 1867 2344 2358 2383 3048 3935 3961 5534 5536 5842 6583 8177 9464 9558
25 394 1061 1647 2790 3297 3584 3719 4666 4858 6105 6204 6621 7031 8455 8555 9583 9946
26 659 2490 2657 3872 4990 5303 6749 8216 9093
27 139 329 834 1565 2148 3776 3850 4223 5069 5190 7055 7154 7155 7737 8335 8830 9248 9771
28 281 463 557 1736 2652 2747 2858 3914 4709 4844 5126 6843 7415 7443 7733 7789 8228 8320 8570 9109 9522
29 178 2534 3382 4747 5991 6370 6438 8052 8952 9448 9871
30 864 1578 2751 3494 3699 4363 4522 6579 7283
31 591 1230 2296 2394 3149 4636 5109 6033 6825 7646 9835
32 486 1845 2072 2101 3232 3549 3625 4567 4661 4985 5108 5239 5409 6353 6935 7323 7904 8438 8465
33 94 176 494 1721 1961 2608 3060 3393 4651 5209 5973 6133 6491 6675 6916 7285 7463 7601 9656
34 133 455 1048 1799 2115 2191 2604 3077 3216 3323 3360 3831 4056 4254 4450 4513 4975 5954 6485 6829
35 100 552 2531 2882 3098 4552 4604 4765 4860 4945 5866 6075 7883 8139 8610 8920 8970 9581
36 1090 1889 2171 4999 5491 6192 6850 7344 7356 7590 7815 8009 8377 8766 9367
37 1127 1682 2327 2884 3870 4012 4921 5408 6184 7114 7716 8231 9640 9732 9783 9822
38 1126 1765 1952 4368 4463 5338 6473 7093 7626 8035 8220 8402 8697
39 1683 1879 2074 2205 3261 3428 3576 3958 4277 4393 4726 5862 6146 6198 6216 6305 6367 6712 7740 7751 9674
40 1613 1623 1670 1966 2809 3022 3238 3365 4136 6661 7714 7989 8378 8573 8978 9538 9751 9969
41 447 554 1734 1841 2105 2666 2847 5479 5606 6237 6310 6934 7930 8019 8148 9102 9397 9712
42 2411 2464 3026 3403 5282 5337 6193 6947 7504 8291 8955
43 29 131 534 3265 6136 6854 7357 7645 7852 9263 9719
44 1311 1739 1864 1874 2125 2431 2542 3137 3454 3860 5411 6359 6964 7105 8864 9902
45 786 1654 2209 2447 3218 3588 3718 3785 4583 4622 4670 5894 7060 8151 9829 9852 9887
46 441 1522 2041 2070 2179 2979 3005 4155 5376 5685 5752 7471 7984 8494 9206
47 296 2022 2107 2230 4655 5174 6259 8329 9999
48 598 2529 2822 3072 3233 4296 4375 4482 5416 5670 6375 7335 7570 8086 8361 8441
49 688 1934 3976 4212 4214 4297 4624 4939 4941 5088 5558 5609 7309 7616 7808 7924 8159 8462
50 502 1515 4488 4898 6040 6091 6778 7847 8223 8269 8641 8770 8897 9200
51 873 896 1085 1315 1354 1628 1698 2085 4189 5732 5983 6086 6613 7253 8392 9044 9191 9305 9794
52 396 839 1482 2270 3956 5106 6456 6644 6925 6938 7238 8114
53 216 2049 2476 2660 3208 4107 4559 6357 6923 7448 7547 8505
54 28 525 943 1241 3731 5589 5590 5705 5839 6610 6892 8781 9535
55 415 932 1240 1555 5138 6622 6690 7296 7445 7889 8483 8750 8964
56 397 613 804 987 1246 2784 3125 3199 3561 4180 4271 5564 5989 6437 6447 6545 6587 6651 6875 7092 7347 7459 8174 8883 8894 8918 9409 9487 9565 9655 9921
57 342 993 1228 1981 2310 3521 3661 5043 5969 6263 6561 7074 7450
58 7 1128 1314 1442 2677 2730 3326 4086 5246 5513 6137 6275 8734
59 200 1011 2359 3674 4766 6028 6230 6902 7912 8208 9315 9488
60 456 646 850 2213 3275 4343 4665 4746 5013 6123 8083 8627 8756
61 1826 2007 2827 2900 3994 5229 6241 7262 9266 9484 9861
62 451 510 1353 1751 3950 4087 4420 4853 4935 7178 8346 8889 9317
63 508 1346 2456 2640 3550 6540 6798 6939 7301 8251 8310 9371 9388
64 21 1531 3161 3354 3652 5110 5507 6608 6975 7026 7632 8119 8200 8484 8891 9710 9769
65 742 779 1546 3613 4104 4209 5223 5621 5888 6144 6539 6771 6950 7860 9429
66 73 754 1436 2147 2914 3885 4179 4536 5977 6584 6966 7678 8519 8524 9459
67 611 1591 3802 4309 6299 7372 7467 7738 8075 9055 9290
68 324 1137 1806 2365 2512 2611 2630 2872 4080 4081 4977 5511 5677 5728 5857 6248 6672 7263 7736 8230 9271 9273 9836
69 622 1400 2434 2485 2749 3129 3195 5083 5743 6753 7085 7419 7469 8134 8572 9900
70 1586 3505 3648 4367 4379 5349 5960 6292 6488 7173 8624 9403 9895
71 286 585 793 927 1443 1489 1560 1730 2466 4010 6580 6623 7360 7839 8887 8932 9197 9416 9425
72 311 983 1066 1141 2087 2227 2322 2965 3334 3706 3754 3823 4551 4704 4879 5399 5501 7400 9270 9842 9883
73 1081 1352 1685 2184 2285 2681 2795 3220 3345 3781 3969 4840 4932 5543 5671 6595 6728 9350 9594
74 478 1376 2065 5299 6499 6624 6809 8243 8540 8775 9877 9892
75 221 1297 1917 2796 3689 4507 5064 5101 5580 6038 6213 6415 6656 6759 7581 8309 8885 9252
76 366 609 728 910 1083 1431 1535 1542 2302 2896 3120 4091 4528 5002 5555 6718 9492 9848
77 1342 2138 2617 3267 3405 3909 6175 6346 6387 6480 7461 8041 8959 9959
78 3049 3818 4294 4733 5505 6163 7004 8421 8469 8822 8853 8986 9190 9557 9600
79 310 1140 1455 1839 2458 3202 3352 3434 4403 5020 5343 5347 5461 5995 6521 7849 8116 8439 9551
80 404 581 675 931 1318 1319 2605 3166 4654 6195 7621 8746
81 63 980 1638 2299 3213 4523 4712 4797 5421 5647 6941 7615 7692 8914 9808
82 202 733 1337 1367 1786 2048 2155 2277 2662 4938 7013 7050 8693 8917 9673
83 23 805 1204 1495 2909 4986 6289 6952 7709 7985 8095 8900 9299 9577 9823
84 2267 2510 2615 2746 2785 3007 4256 4391 5268 5326 6122 8680 9793
85 2093 2187 3741 6546 6877 7100 7470 7507 7931 9111
86 152 1914 3009 3450 3509 3886 5008 5193 5730 9704 9944 9998
87 1343 2418 2729 3107 3431 4100 4151 5248 5393 5825 6267 8731 9284 9375
88 2898 3156 3662 3681 3862 4662 4696 4946 5188 6574 7149 9780 9825
89 238 276 345 1086 1428 1550 2254 2661 3635 4289 4556 4901 5651 6069 6401 7801 8344 9269
90 252 548 988 1554 1919 2207 4896 5040 5838 6161 6302 6547 7869 8024 8729 9289 9615
91 417 996 3250 4094 4099 4166 4821 7108 7800 8922 9595
92 1335 2725 4009 4300 4633 4744 4971 5930 6630 6953 8050 8314 8496 8509 9265
93 517 787 2798 3226 3278 3325 3339 4334 5628 5906 6558 6802 7127 7151 7442 7864 8605 8836 9255 9604
94 1530 3504 3835 3946 6154 6168 6792 6796 7368 7824 9359
95 1742 2079 2162 2763 2927 3943 4419 4801 5808 6155 6617 7233 7718 9107 9803
96 547 776 777 1289 2916 4046 5261 5980 6784 7742 8620 9016 9233
97 26 477 487 824 866 898 904 1529 2266 2346 2496 2860 3876 4020 5078 5715 6908 8692
98 3303 3762 4865 5766 6776 8325 8808 9122 9249 9411 9853
99 188 540 673 1080 1130 1181 3146 4336 4648 5062 5323 5548 5639 6001 6025 6834 7033 7304 7769 8688 9845
100 81 191 287 721 1192 1498 3970 4160 4541 6052 6426 7476 9500
101 1196 1492 1916 2117 2511 3106 4346 4504 4893 5572 5678 5679 7276 7631 8144 8666 9077 9483
102 641 1610 2803 5295 6224 6709 7205 7312 7719 7919 8489 9235 9282
103 564 662 1040 1893 3241 3386 3400 3810 4225 6157 6330 6460 7228 8049 8195
104 51 174 526 1032 2998 4193 6021 6261 6512 6648 6801 7007 7511 7880 8158 8939 9047 9943
105 122 2635 2992 3013 3398 5042 5283 5446 6421 6567 6970 7240 7508 7746 7918 8137 8911 9521
106 2582 2726 3640 6785 7374 8258 8902 8957 9514
107 262 1097 1831 1944 2586 3254 3418 5395 6482 6578 7410 7722 7921 8071 9137 9731
108 593 2172 5424 5704 6160 7128 8596 9639
109 5 1528 1695 3277 3597 3808 4464 4639 5284 5663 7281 7333 7886 8254 8495 8687 9293
110 41 1073 1397 1581 2684 7284 7873 7967 8416 8715 8828
111 307 621 1201 1206 1932 4071 4875 5872 5890 7198 7289 7481 7810 8463 9449 9692
112 43 2292 2331 2543 2616 2975 3495 3729 3937 4333 5030 5233 7207 8008 8408 9770
113 436 1071 1459 3193 3499 3955 5630 6459 6573 7164 8358 9691
114 27 933 1102 2503 2704 3130 3437 5181 7310 8502 9616 9683
115 1631 1713 2144 2218 4500 4544 6677 7223 7882 7956 8652 8765 9091 9381
116 1595 3778 4283 4344 4884 5027 5152 5381 5814 7992 8145 8804 9398
117 454 632 2307 2842 3024 3036 4313 4558 4731 4779 5077 5398 6463 8349 9228
118 879 2067 2210 2318 2911 3700 3998 4506 5180 7934 7988 8257 9363 9659
119 945 1298 1680 1901 2255 2537 2739 3629 3687 4778 4873 5250 5312 5816 6576 8810
120 1697 3283 3538 4176 4511 4547 5415 6151 6639 7633 8674 9065 9956
121 773 901 2009 3053 4591 4803 5116 5149 5154 5211 5247 5996 6067 6817 8327 8631 9132 9958
122 295 912 1111 2016 3127 3329 4314 5600 7119 7342 7558 8121 8623 9374 9857
123 842 883 915 1478 2857 3320 3967 4069 4437 4531 5192 5241 5465 5578 5661 6149 6189 6528 6695 7321 7791 7955 8102 8762 9412
124 799 1810 2029 2972 3490 3565 3981 4697 4774 5419 6326 6683 6989 7790 7856 8044 8466
125 34 64 301 425 3044 3322 3423 4924 5504 7303 7454 9195 9786 9800
126 501 778 1058 1234 1602 1812 2165 2208 2462 2923 4220 4780 8768 8930 9036 9149 9443 9994
127 135 338 599 1773 1829 2173 3350 3460 4110 5335 5526 5956 7526 9073 9451
128 177 264 1250 1256 1364 1788 1850 2000 2570 2607 3790 4628 5318 5515 6130 6410 6827 7054 7167 7314 8068 8396 8977 9175 9309 9376 9761
129 293 690 965 1738 2025 2367 6081 6486 6818 8028 8635 8776 9048 9286 9404
130 239 299 1195 1295 1585 2866 3481 3853 3875 4481 6125 7191 7436 7749 8831 8905 8985 9089 9327 9664 9868
131 359 2235 3787 3944 4044 4198 4236 5519 5981 7352 8087 8368 8423 9589 9619 9917 9989
132 660 1144 1865 2223 2808 2879 3281 4252 5278 5655 6498 7807 7855 8724 9164 9380 9675
133 1290 2139 2150 2489 2553 2692 3042 3368 3560 4474 4607 5804 7227 7325 8233 8242 8827 9576 9952
134 37 434 573 770 4425 6514 7058 7065 7330 8160 8994
135 150 357 1075 1147 1784 1947 2034 2612 3524 3888 4084 5664 7037
136 755 1095 2448 3794 4037 4430 4777 6260 6321 6481 7034 8400 8486 8995 9231
137 1167 1657 2384 2414 3426 3716 4169 6385 6724 7243 8128 8586 8587 9747
138 330 364 380 1117 1308 1329 3612 4211 5269 5483 7432 7490 8056 8371 8386 9714
139 715 1208 2768 2952 3050 3263 5265 6034 6937 8331 8705 8739 9008 9171
140 1358 1408 1815 2627 2828 3176 3280 3474 3590 3601 3664 7792 8532 8882 9928
141 697 1186 5267 5396 5472 6518 6766 7542 7668 7777 8012 8417 8789 9821 9908
142 601 1341 2077 3111 3518 3804 5219 5459 5583 5764 6077 6089 7537 8410 8792 9227 9988
143 2353 2678 3031 3913 4127 4401 6087 6494 7179 7623 7666 9097
144 240 270 816 1219 1500 1702 1877 2519 2555 3772 3858 3907 6618 7068 8554 9584 9839 9993
145 2522 3015 3242 4178 5028 5195 5873 6073 6139 6240 6909 6914 6961 8533 8713 8981 9706
146 2613 4019 4435 6489 7544 7598 7870 8543 8819 9686
147 550 820 1132 2366 2976 4036 4134 4228 4293 4521 5009 5288 5523 6391 6602 8173 9968
148 406 762 1383 1411 1426 1567 1646 1846 2240 4164 4707 4991 5622 7308 8832 9285 9843
149 171 800 2338 4407 4966 5786 6152 6851 7246 8751
150 523 969 1025 1469 1644 1763 2515 3249 3411 3821 4486 4501 4610 4720 4984 5294 5401 6523 7457 7536 9066 9865
151 186 2336 2421 3105 3135 3991 5631 6395 7153 7465 8940 9689
152 1174 1772 2231 2546 3144 3446 3512 3812 4347 4494 5660 5744 6537 6910 8534 8803 9124 9778
153 926 948 1473 1539 1750 2890 6119 7854 7946 8298 8350 8749 9169
154 8 3118 3138 3726 3799 4153 5840 6500 7596 9471
155 72 205 529 1957 2183 2283 4808 4923 4944 5908 6082 6680 7124 7294 7517 7834 8090 9435 9510 9544 9953
156 57 1958 2877 6973 7201 8597 8736 8898 9424 9431 9621 9699
157 1521 2800 2938 2997 4073 4785 6872 6985 7966 9970
158 1301 1582 1619 2840 2929 3021 4053 4730 4908 6380 6502 6990 7160 7688 9385
159 1476 1499 2838 3593 3723 4031 4077 4353 5379 7017 7828 9094 9624
160 71 1009 1307 2817 3114 3190 3256 3476 3865 3936 4241 4319 4365 4529 4679 4995 5035 5855 6650 6913 7193 8205 8388 9351 9515
161 2341 2683 3259 3798 4140 4238 4565 4784 5060 5240 5703 6126 6418 7364 8304 8431 8461 8601 8973 9940
162 235 472 958 2540 6050 6298 7290 7805 7822 7981 8821 9420 9560
163 3 129 284 642 1299 1987 3020 4414 5059 7480 7813 8057 8302 8457 9607
164 757 875 1849 2960 3108 4710 4735 5098 5178 5330 5389 5688 6178 7861 8203 8716 9306
165 17 2194 3140 3920 4206 6647 6853 7041 8064 9570 9937
166 1632 2083 2397 3966 5134 5707 7823 8454 9723
167 480 592 684 774 1534 1722 1911 2102 3880 4588 6963 7163 7519 7562 8142 8512 9666 9795
168 1548 1982 2679 2764 2792 4245 4619 5836 6474 6615 7500 8845 9023 9422 9671 9807 9830 9995
169 83 1451 2037 2239 2721 3383 4350 5014 5041 5402 5440 5801 5824 6053 6472 6476 6538 7780 7971 9740
170 86 260 336 826 1264 2137 2444 2859 3651 3873 5275 5443 8248 8491 8850 8949 9775
171 930 1572 1605 1969 2326 3273 3374 3408 3745 4226 4791 5442 5941 6861 7652 8227 9135 9395 9501
172 55 3673 4804 5000 5048 5214 5258 5988 6002 7059 7960 9566 9708
173 297 355 929 1160 1366 2215 2426 3552 4698 4802 4820 5022 7087 7288 8773 9268
174 159 702 823 1207 1484 2160 3632 3756 4062 5103 5339 8367
175 1199 1794 2968 3500 4218 6409 6674 7064 7915 8143 9369 9601
176 2193 3316 3429 3884 3990 4532 5226 5502 5785 6109 6636 6820 9408
177 343 462 1385 1747 1787 2001 2113 3758 4359 4441 4788 4882 4892 6327 7199 7275 7564 7677 8609 8829
178 643 1106 1869 2329 4027 4148 5096 5334 5690 6018 6306 6625 6631 7210 7259 7816 7951 7961 8289 8834
179 175 1043 1146 3534 4115 5554 5999 6015 6582 8989
180 278 687 1365 1561 1880 3447 4836 5321 5784 6374 6379 6416 7752 7759 7842 8593 9028 9211 9493
181 1760 2288 2321 2450 2471 3502 4349 4786 7162 7543 8990 9784
182 9 168 795 1724 1741 2438 2643 2874 3677 3926 4937 5186 6358 7005 8823
183 882 1344 4325 4337 5494 5587 6313 6688 7174 7365 8162 8824 9063
184 499 1091 1249 1276 1374 2169 2454 3210 3568 4129 5710 7407 7890 9177 9245
185 916 953 1059 2202 4787 6730 6960 7437 8089 8649 8997 9069 9196
186 497 1258 2626 3466 3488 4060 5468 5796 6477 6895 7389 8324 8941
187 182 410 435 1345 1571 2032 2134 2433 2628 4242 4813 5090 6301 6393 6509 6616 7131 7929 8538 9957
188 1660 3143 3702 7027 7638 7680 7920 8696 8714 9413
189 1371 1706 2904 3174 4253 6063 6568 6585 7683 7775 8871 9294 9602 9977
190 1637 2008 2246 2320 2621 2924 3304 3348 3686 4330 6197 7408 7639 9884
191 2006 4097 5160 5644 6519 7943 8560 9232 9440
192 390 1092 1658 2176 2323 2449 3497 4257 4369 5359 6867 7414 8294 8338 8876 9313 9838
193 405 1833 1851 2298 2499 3309 3606 3766 3813 5177 5230 6060 6365 6369 6687 6722 6808 7385 7753 7932 8027 9677
194 80 518 992 1651 3983 4457 4505 4967 5045 6735 6826 7188 7383
195 79 984 1616 1662 2401 3395 3531 3786 5771 6577 7867 8700 9311
196 423 1648 1971 2319 3109 3314 3370 4680 4870 5038 5747 6721 8826 8837 9587
197 522 868 2010 3243 4054 4065 4740 5770 6121 6912 7265
198 889 1601 2043 2186 3752 4487 4695 4828 5668 5746 6373 6705 6981 7409 8093 8677 9215 9216 9295 9527
199 102 1375 2145 2339 2558 3344 3670 3827 4039 4345 5346 5458 5687 7550 8295 8676 9337
200 567 2513 2745 2987 3789 4587 5478 5632 5721 5788 6390 6924 7177 7185 8300 8839 8968 9037 9903
201 1649 2026 2141 2343 2539 4455 4489 4533 5500 6223 6403 7637 8140 8389 9205 9476 9623
202 493 627 2475 3065 4159 4782 5316 5922 6150 6786 7159 7261 8366
203 116 1183 1253 1656 2682 2957 3376 4175 4916 5319 6039 6710 7727 7933 8209 8848
204 2129 2393 2735 3237 3620 4121 4468 4903 6143 6554 6698 6869 8211 8569 9120 9344 9717
205 393 398 602 2057 3097 3857 4431 4557 4584 4772 5706 7030 8279
206 179 1063 1109 4663 4789 4837 5854 6414
207 353 527 624 878 1508 3417 3424 3630 4035 4348 4564 7628 8221 8733 9701 9872
208 634 726 766 949 1327 1948 2569 2580 2728 3167 3305 4612 4717 5566 7071 7331 7713 9104 9942
209 45 559 1284 1727 3838 4575 6405 6654 7788 8115
210 6 521 1243 1611 1731 1832 3631 3653 3842 4671 4757 5304 5636 6673 7395 7734 8481 9026
211 638 717 1154 1188 1999 5683 6557 6600 7204 7516 8659 8881 9308
212 1541 3182 3564 4957 5005 5852 5875 6141 6479 6894 6900 7169 9393
213 1634 4409 5217 5538 6316 6747 6878 7250 8866 9319
214 244 450 700 2055 2228 4949 5070 6355 6659 6789 8671 8741 8924 8927 9886
215 771 1055 2897 3809 3975 6363 6378 7493 7907 8732
216 340 360 488 575 1538 1900 2416 3173 3207 3506 3647 3795 4855 5947 6320 7038 7291 7486 8699 9168 9224 9236
217 2135 3847 4978 5263 5327 5384 5882 7029 8363 8474 8660 9586 9964
218 247 1185 2935 3362 4282 4897 5189 6531 7186 7618 7917 8950 9491
219 1018 1650 1672 1797 4358 5176 5309 5699 7126 7241 8451 8701
220 863 1401 4590 5530 5813 6117 7675 8101 8670 9462 9643 9827
221 90 833 2459 2733 3761 4003 4323 5212 5328 7235
222 245 1377 1933 2308 2762 3624 3683 6210 7909 8065 9119 9348
223 605 1124 1149 1843 2377 2594 4227 5653 5984 6308 9098 9730
224 243 1929 1931 2376 2429 2602 3155 3665 3748 4878 5085 5445 5834 7426 7617 8129 8278 8946 9470
225 1038 1468 3157 4051 4411 5560 6693 6944 8213 8452 8935
226 25 211 427 1577 1847 2797 3792 4573 4795 5438 5597 5756 5911 6797 6859 7252 7771 8084 8710 9027 9187
227 232 724 808 1116 1465 1566 1853 2103 2516 5313 5638 6046 6059 9040 9705
228 54 246 921 1579 2127 4304 5033 5429 5582 5637 5899 6218 6706 7042 7786 9518 9722
229 271 1562 3803 3869 5082 5143 5266 5565 6181 6716 7634 8556 8962 9034 9316 9364 9646
230 67 881 1265 1617 4361 4423 5206 6076 6295 7396 7447 7970 8098 8375 8813 9139 9188
231 1089 1389 2493 2773 3582 4623 4723 4950 6398 7945 8582 8767 9819
232 1487 3116 3672 5236 5322 5978 6056 6207 7249 7774
233 490 516 1470 1925 2576 3380 3622 5777 6781 7358 8103 8135 8698
234 24 781 2114 2157 2839 2999 3445 5700 5869 6945 7090 7116 8058 9153 9264
235 625 1704 2955 3235 3650 3866 4213 4951 4953 8015 8539 8718 9279 9816
236 1263 1754 2443 5215 5341 5724 6980 7036 7099 7498 8198 8253 8809 9597
237 466 822 1017 2550 2958 3203 4057 4249 4563 4658 5413 5865 7086 7203 8521 9010
238 2816 3456 4448 4546 5649 6180 6328 7362 8307 8376 9741 9847
239 553 1172 1861 2761 3759 3773 6857 9022 9302
240 431 1050 1056 1271 1590 2073 2771 3006 3767 4831 4843 5748 6058 6222 7477 7939 8171 8747
241 52 2824 3253 4609 4762 5986 7270 8179 8673 8815 9080 9733
242 694 3507 4191 4459 4562 4919 5522 5712 7363 8003 8133 8585 9304
243 1182 2061 2481 2769 2959 3468 4326 5893 6276 7754 8488 8893
244 1224 1458 1543 1674 2220 2718 5264 6244 6433 6949 7359
245 1740 2112 2889 2963 3033 4553 6571 6626 7434 8312 9788
246 1215 1691 1718 1998 2106 3074 5961 6852 7043 8493 9457
247 946 1430 2412 3153 3269 3392 3493 4388 4750 5387 5790 6496 7392 7438 7697 9340
248 367 1273 1441 3657 3889 4168 5157 6487 6564 6666 6831 7221 7455 7836 8125 8319 8863 9163
249 735 1212 1226 1859 2100 2104 2892 3486 3819 5871 6633 6667 7509 8308 8782 8965 9090 9181 9806
250 1540 1769 3212 3867 4103 6511 7739 8648 9532 9906
251 677 1065 1101 2062 3543 3696 4402 4577 5531 7023 7338 7902 8017 8022 8390 8442 8527 9772 9804
252 402 682 2136 2649 3410 5012 5726 6440 8444 8661 8951 9481
253 558 780 2986 3753 3811 4195 5235 6662 6890 7453 8588 8778
254 761 928 1796 2038 2350 2883 4900 5547 6250 7386 7559 7694 7715 7899 9766
255 120 1420 1432 1776 3270 3563 3771 3923 4385 6231 7534
256 758 794 2473 2623 2698 3742 4230 5454 5735 5767 5817 5849 6129 6354 6977 8807 8999 9014 9342 9632
257 1053 1112 1125 1242 1907 2590 3355 4210 4940 5227 5948 6256 8333 9005 9085 9141 9162 9947
258 810 1074 1216 1456 1790 1871 2047 3100 3119 4215 4234 5277 8879 9603 9948
259 88 785 1347 1527 3679 5029 5845 5919 7020 8476 8683 9283
260 1282 1501 1940 2036 2419 3286 3641 4004 4574 5430 5939 6640 6996 8214 9932
261 414 944 1424 2290 2440 3110 3779 5119 5864 8744 9608
262 66 2624 2902 3160 3188 4011 5052 5171 5234 5259 5448 5535 6873 6933 8566 8600 9547 9954
263 58 705 1079 3491 3846 4490 4526 5489 6445 8468 8477 8752 8763 9194 9275 9668 9881
264 729 1814 2315 2407 2781 3296 4308 5481 5889 6291 7707 7730 7876 8529
265 1210 1348 2653 2732 2871 3338 3604 5124 5719 6423 7224 7862 8297 8440 8851
266 1041 1407 2278 3690 4306 4736 4888 5391 5885 7095 8449 8492 8840 9025 9146
267 1496 1890 1964 3151 3414 3717 3895 4032 4216 5477 7226 8531 9160 9540 9628 9688
268 714 1614 2629 2717 3539 5194 5431 5859 5993 6376 6807 7776 7976 8284 8508 9543
269 151 439 686 698 713 1413 1606 2018 4539 4811 5072 5135 5340 5362 5557 5913 6598 6752 6889 7673 8183
270 1133 2423 2744 4089 4145 4668 5026 8608 9071 9110 9490 9512 9874
271 511 667 1339 1985 2017 2925 2933 3043 3530 4974 5567 5870 6092 6412 6670 6696 7247 7318 8522 9414
272 352 888 1380 1472 2098 2470 2788 3088 3288 4244 7845 8459 8708 8904 9138 9697
273 2603 2945 3172 4456 6219 6505 6620 7239 7366 7397 8557 9568
274 532 545 2452 2937 3141 3684 3843 5342 6212 6274 7996 8033 8296 8351 8948
275 604 874 985 1884 2468 3541 4354 4470 5537 6341 7578 7728 8282 9833
276 126 2495 2722 3057 3356 4597 6031 6200 7156 7541 8002
277 626 685 895 2164 3461 3986 4510 4537 5527 6022 7974 8599 8812 9636 9896
278 505 616 893 1835 2713 2820 3574 4592 5017 5880 8618 9585 9750
279 22 1902 2856 3579 3987 4272 5034 5858 7341 7868 8013 8264 9938
280 485 551 2415 3214 3691 5253 5386 5456 6074 6762 6903 6942 7049 7121 7217 8126 8549 8947 9764
281 661 765 1463 3128 3774 4397 5150 5352 5810 6251 6765 7506 7875 8153 9661
282 145 215 442 578 674 1134 1918 2121 2598 3837 5097 5773 6337 7456 7549 7821 8123 8722 9498
283 376 919 1402 2279 2886 2990 3312 3852 4310 7202 7676 8460 8594
284 1809 2123 2264 2388 3331 4838 5179 5232 6104 6372 6507 7125 8176 8185 9368
285 382 2891 3377 4444 7075 7220 7561 7653 8032 8042 9070 9343
286 96 220 2644 3052 3404 4317 5273 5577 7255 7369 8342 9820 9976
287 319 1292 1309 2080 2192 2396 2951 3536 3750 4079 4823 5702 7028 7884 8238 8528 8580 9015
288 862 1170 1666 2204 2974 3096 4672 5826 6691 6893 7885 8592 9159 9238 9396
289 914 960 1232 1453 2709 3526 3984 4352 5049 5345 5942 6296 6619 8074 8106 8419
290 166 857 1904 2238 3103 3887 4807 4962 5867 6285 6736 6882 7078 7587 9633 9685
291 61 172 1593 1986 2674 2687 2791 2844 4703 6236 7671 7872 7893 9529
292 448 666 2051 2252 2256 2741 2907 4880 5099 5863 5910 6556 8029 8141 8193 8874
293 99 331 737 2197 4128 6191 6424 6609 7377 7429 8210 8379 8612 8636
294 117 169 648 750 1394 1723 2996 4342 5896 6124 7831 9029 9841
295 421 2124 3501 5714 6005 6956 7552 7597 8401
296 745 1197 1272 1780 2538 2633 3178 3708 3814 3894 5368 5799 6209 7096 7215 7684 8088 8131 9341
297 207 1045 1323 1655 1716 3432 4269 4763 5208 6325 7006 7439 7670 8411 9173 9645
298 157 3840 4042 4475 4956 5541 5742 6000 7278 7848 8000 8655 9192 9496 9990
299 647 1067 2885 4131 4421 5569 5605 6014 6921 7110 7142 7187 7533 8490 8998 9739
300 111 155 250 1423 2060 2189 2324 2680 3134 4580 4691 4727 6865 8234 8250 8313 8499 8759 9606
301 476 1417 1993 2021 3482 4453 6495 6572 6896 7887 8668
302 897 1446 1705 1943 2167 2961 4761 5075 6351 8146 8646 8842 9961
303 1332 1445 3067 3735 4568 4866 5245 5953 6271 7183 7787 7998 8658 9166 9573
304 265 768 941 1031 2368 2651 2669 3327 4258 4690 5351 7641 8336 9453
305 256 2249 5751 5774 5900 6635 7622 7925 8197 8246 9312
306 880 989 2591 2734 2870 3693 4469 5204 5307 6234 6352 6589 8816 9068
307 208 257 731 966 1072 2893 2943 4243 5129 5861 5901 6338 6364 6406 6743 6805 9218 9349 9926
308 577 670 689 4377 5146 5203 5400 5698 6188 6457 6526 6849 7604 7686 8043 9738
309 649 1262 1905 2723 3675 3918 4976 6879 6936 7251 9734
310 2802 2873 3034 3666 4102 4149 5220 5856 7370 8180 8720 9260 9545
311 229 607 695 1260 1336 2289 4135 4845 6425 6863 7066 7699 8711 8975
312 1162 1818 3016 3628 3644 5094 5528 7184 7329
313 489 535 663 791 1042 1622 1761 2574 2663 2881 5369 5821 7525 8077 8706 9064 9174 9199
314 30 212 617 738 1556 2286 2837 2867 3470 3525 3764 4320 4626 6030 7474 7582 7837 8794 9735
315 740 764 1870 2670 3284 3740 5550 5568 7811 8870 9524
316 603 861 1439 1510 2693 2910 3615 3660 5887 6162 7795 8434 8446 8487 9434
317 60 1652 2295 2865 3475 3633 5950 6110 6186 6777 7077 7770 8373 9582
318 164 1317 1996 4281 4332 4724 5367 6048 7505 8518 8908 9281 9687
319 2282 2342 2356 2391 2422 2716 3230 3841 4382 5470 5713 5802 5924 6711 9083 9837
320 140 555 610 1425 2019 2161 2260 3755 4034 4123 4549 4745 5006 5482 6329 6451 7551 8453 8515 8797 8934 9086 9649 9907
321 1261 2146 2424 3086 3194 4001 5011 5105 5257 6986 7557 7647 8991 9400
322 138 491 718 753 1491 2014 2099 2361 2618 8953 9526 9588
323 583 1026 2092 2294 2719 3051 3308 3522 3585 3607 3732 6725 7725 8147 8795
324 418 504 1010 3035 3328 4381 5371 6196 7062 9032 9613 9657
325 134 137 977 1466 1779 2309 2755 4847 5879 6671 7222 8014 9012 9151 9757
326 279 374 650 1120 1762 2460 4792 5390 5623 6065 6550 6997 7132 7565 8212 8788 9765
327 128 300 1084 1391 1639 1798 2199 2362 2647 2934 4835 5451 7079 7146 7972 9494
328 195 790 3910 4615 4931 5734 7656 7687 7975 8709 8784 9537
329 925 934 1277 1783 3041 4783 5375 5449 7061 8252 8413 9818
330 1 105 1460 2978 3298 3714 4002 4014 6131 6235 6490 6770 7859 8604
331 908 1710 1775 2712 2815 3122 4767 4925 6084 8552 9001 9325 9463 9742 9935
332 891 1123 1690 2175 3082 3443 6003 7097 7212 7416 7983 9554
333 710 830 2050 3902 4708 4737 6019 6303 8113 8536
334 316 3567 5168 5353 5435 6278 6590 6920 7435 8224 9387
335 453 1324 1596 2301 3988 4026 6312 7269 9226
336 751 936 1238 1351 1457 1461 1745 2417 2833 3231 3453 4412 5520 5584 6982 7137 8218 8583 8598
337 696 1361 1512 3211 3739 4830 5199 5254 6810 7340 8352 9505
338 312 524 887 1368 1746 3728 4699 4857 4982 5067 6013 6226 7209 7663 7806 7980 8290 9467
339 321 1148 2052 4514 4517 4572 4948 5418 5797 5933 6461 6611 6800 7088 8005 8275 8651 8758 9523 9610 9789 9997
340 303 513 608 630 872 1609 1923 2265 3012 4219 4416 5492 5794 5876 6543 6741 8293 9291
341 1717 2573 3682 4635 4796 6407 6773 7406 8360 8702 9679 9984
342 1398 2551 2770 3532 4693 5201 5658 5898 7797 7910 9357 9753
343 101 412 437 1049 3555 3580 3710 4292 4859 4963 6824 7143 7556 8206
344 815 937 976 1588 1645 2248 2932 2970 4883 5406 6057 7104 7194 8856
345 320 354 446 1896 1973 4705 5300 5850 6103 7293 7591 8969
346 193 707 1693 3189 3318 4496 6336 7018 7567 8249 8844 8854 9198
347 612 631 782 809 1294 1454 1749 3746 5132 5841 6185 8111
348 213 1868 2430 3204 5144 5185 5657 5843 9184 9193 9745
349 19 1037 1306 3578 3953 5197 5297 5539 7012 7172 7844 8287 8841
350 1113 1399 2483 2774 3219 3947 3978 4398 4798 6658 6760 9031
351 18 1675 2272 3342 3391 3784 5763 6478 7524 8464 9354 9415 9758 9850
352 399 1003 1715 1793 2203 2480 2500 2639 3121 3586 3703 3916 5897 6102 6880 7484 7841 8384 8790 8919 9465
353 2563 3027 3435 5561 6257 6715 6720 7610 8036 8595 9144 9650
354 162 254 546 668 1036 1505 2120 2518 2673 2757 3982 4307 4677 4776 4886 4988 5920 6815 6959 7254 9520
355 918 1686 1743 2541 2589 3089 5298 5928 5979 6566 6870 8757 9749
356 1370 2177 2214 2810 3458 4497 4824 4834 5031 5163 6140 7636 7944 8122 8406 8662 8798 8907 9247 9791
357 542 3282 4686 4871 4979 5831 6606 6738 6838 8443 8617 9707
358 3519 3743 3805 4133 4983 5115 5484 7302 8835 9217 9386
359 317 999 1574 2064 3379 3977 4646 5207 5563 5601 7682 9362
360 13 154 351 443 783 1440 3659 4025 4739 7488 8478 9223 9426
361 708 3023 3656 4576 4579 5466 6051 6238 6597 8684 9123 9893
362 273 1205 1963 3290 3381 3441 3610 4525 5063 6309 6555 6592 6702 6946 7258 7260 7896 8728 9831 9901
363 467 656 1145 2185 2404 5951 6530 6604 7234 7611 8535 8630 9035 9145 9254 9438
364 1667 3397 3845 5142 5662 6462 6466 8082 8621 8703 8936 9406
365 829 1720 1778 2340 2527 3017 4261 4669 4805 5514 5828 6054 6402 7379 9237
366 475 1753 3255 4109 4278 5183 5434 5958 6653 7892 8473 9658
367 241 1679 2158 3751 3968 5158 6901 7138 8226 8988 9432
368 165 2033 3877 4082 4400 4424 5092 6190 6775 7640 8503 8742
369 2930 3777 5363 5853 5903 6686 9049 9101 9802 9982
370 379 1247 1257 1481 2071 3832 3839 4260 4264 5503 6348 6520 6837 7053 7820 9330 9563
371 84 541 2398 2474 3251 3704 3744 3833 3856 4063 4428 4793 5260 6581 7499 8225 9533
372 1994 2225 2559 2634 2962 4045 4285 5428 5916 6532 6742 7710 7938 8382 9854 9986
373 42 1060 1357 1390 1935 2306 4246 4295 4852 7995 8026
374 2701 3271 3513 4174 4571 4614 4899 4920 6036 6707 6928
375 2571 2583 3165 4554 4926 5868 6085 6099 6323 8010 8092 8523 9678
376 420 438 2030 2297 2852 2994 3056 3897 4126 6453 6692 7411 7703 8738 8805 9682 9826
377 219 1968 2096 2262 4156 4472 4542 4909 6386 6506 6839 7609
378 734 858 1514 2850 4192 5737 5738 6417 7069 7413 7767 8429 8858 9185 9338 9846
379 827 1203 1422 2369 3366 3419 3516 8890 9202
380 2196 2599 2766 3384 3972 5155 5740 5848 6088 6176 7048 7449 7613 8541
381 678 1945 2198 2244 3520 3949 4413 4869 4905 4965 5755 7354 7765 7903 9736
382 115 769 869 3642 4760 4964 6147 6756 7371 7978 9043
383 1161 2305 3025 4340 4493 4846 4958 5167 5968 6516 6899 6915 9051 9378
384 784 971 1464 1627 1878 1941 2088 2128 2182 2805 3901 4068 4851 5054 5175 5182 5923 8263 8337 9383 9517
385 130 227 395 413 1020 1103 1287 2013 2095 2568 2577 2645 3836 4284 4327 5497 6362 7082 7629 7968 8067 8189 8589 8862 9021 9867
386 210 268 725 1406 2895 3715 3820 4095 5645 6101 7574 7744 7747 8062 8456 8843 8967 8980 9179 9805
387 144 1395 3101 3224 3643 6017 6723 7244 8928 9331
388 947 3945 4197 5992 6431 6840 7665 7840 8150 8199 9353
389 569 1694 2524 2983 3032 3047 3184 3863 4043 4237 4399 4689 5004 5596 5884 6795 6836 6891 7117 7693 7936 8136
390 108 233 876 1757 1840 2066 2116 2345 2373 3364 3463 6044 6177 7802 7857 8613 9056 9303
391 1005 1047 2245 2271 5793 5926 5972 7602 8186 9088
392 401 680 1029 2063 3964 5603 5607 6211 7266 7568 8880 9345 9638
393 65 712 2491 2648 2777 2926 3807 3925 4383 5107 6428 6458 8046 8414
394 136 1191 3669 4864 4973 5798 6318 6349 6504 8118 8542
395 519 1178 1903 1922 1955 3498 3523 4112 5161 5692 6269 7192 9506
396 939 2946 3293 3394 5754 5795 7491 7496 7600 7720 8447 9862
397 492 1434 2002 2142 3018 3528 3596 3859 4449 5818 8241 8656 8966 9637
398 385 1179 2003 2325 2894 3003 3285 3747 3941 5068 5156 5355 5457 5877 6681 7418 7606 7762 8011 9013
399 1190 2697 4418 4758 6420 6471 7843 9423 9694
400 75 225 691 1177 1719 1782 2390 2876 2954 3336 3508 5904 6669 7219 7554 7659 8078 8578 8672 8743 9444 9720 9876
401 730 3008 3164 3240 3581 3634 3775 5581 6205 6388 6962 7503 7681 8155 8418 8471 9480 9593
402 767 1410 1774 3551 3806 4106 4912 5533 6465 6968 7165 7280 7337 7487 7881 8507 8996 9578
403 655 1373 1452 3638 4959 5308 5383 5552 6020 6265 6266 7962 8259 9314 9377 9950
404 132 468 997 1259 2846 3783 5081 5356 5532 6116 6334 6449 7706 9208 9698
405 1959 2420 2799 2973 3014 3079 3616 5780 6627 6737 6860 7044 8270 8362 8564 9000 9003
406 148 1193 1233 1552 3375 4462 4534 5317 5921 6739 7141 7208 7425 7482 7583 8694
407 574 973 1035 1387 1821 1858 1960 2554 2601 3054 3349 3422 3533 3537 3602 4021 4047 5905 6768 7779 8167 8961 9428
408 118 748 1000 1471 2505 2848 3371 3904 4147 5251 5886 6041 8644 9684 9869
409 1360 1625 2201 2655 3148 3169 3496 5292 5629 6551 6607 6819 6992 7458 8896 9167
410 82 1198 2413 2552 3070 5374 6145 6311 6470 6503 6774 6883 7216 7650 7964 8511 9256
411 956 1640 1866 2166 3797 4664 5949 6534 6799 6918 7118 7721 7846 8450 8571
412 203 328 368 2402 3465 4439 5007 5695 6588 7895 7993 8425 8838 9004 9274
413 411 1363 1557 1939 2233 2494 2920 4372 4684 4812 5125 7200 7657 8678 9355
414 1924 2355 2936 4954 5388 6429 6436 6758 7123 7451 7689 8899 9075 9622
415 361 1202 1785 5874 5925 6164 6174 7865 8196
416 362 752 1105 1356 1992 2389 2736 2794 3073 3720 5093 5276 5775 6427 7182 8340 8726 9112 9261
417 53 665 955 1598 1665 1881 1979 2274 2690 2807 2915 3099 3609 3697 5120 6270 7180 7361 8204 9436 9815
418 325 4171 4389 4442 4641 4819 5019 5111 5417 5656 6095 6541 6750 7072 7122 7393 7642 7781 8562 9133
419 269 2335 3319 4364 4625 4741 5050 5617 6010 6434 8051 8761 9230 9418 9904
420 620 865 2188 2731 2864 3467 4259 4480 4605 5080 6549 9358
421 77 326 1118 1912 2111 3045 3554 3573 4602 4613 8053 8547 9499
422 369 3225 3763 4203 4286 5471 6497 7643 7748 8372 8445 8938 9057 9067 9366 9528
423 2143 2195 2544 3313 3409 4311 4390 4432 5112 5331 6922 6984 7040 7614 8343 9244 9332 9530 9743
424 32 457 849 1409 2579 3882 4502 4643 4994 5439 6408 6717 8427
425 347 652 843 871 900 1524 2549 3046 3545 5286 5768 6377 7063 7136 7585 7630 8272 8506 9172 9347 9562 9580 9716 9979
426 449 606 788 1164 1953 2432 3227 3883 4743 5846 6071 6115 6228 7784 8286 8653 9391
427 474 658 1136 1956 2708 3553 5450 5612 7367 7979 8079 8157 9335 9567
428 141 400 835 1157 1536 1570 1930 2668 4092 4117 4150 4627 6603 6842 6897 7101 7483 7521 7796 8332 8753 9652 9898
429 759 792 1330 2242 2275 2908 3529 3637 5891 5985 6287 8591 8878 9176
430 1559 2078 3932 4028 4928 5365 6764 7593 7928 8558 8632 8931 9129 9746
431 703 1412 2944 3075 4649 4687 4755 6100 6803 7024 7531 7950 9796
432 2 760 3623 3989 4302 4548 4586 4913 5287 5674 5696 6888 6940 7292 7373 7829 7851 8634 9809 9911
433 1013 1237 3330 4815 5172 5320 7197 7819 7940 8236 9182 9534
434 196 408 1142 1696 1817 2453 3425 3427 7756 7949 8154 8170 8501 9450 9709
435 507 537 1641 1661 1937 3102 3621 4328 4640 4906 5675 7478
436 283 600 683 723 1064 2750 3900 4224 4856 5003 5053 5301 5441 6676 7894 8345 9212 9798
437 1001 1369 2947 2988 3154 4161 4688 6917 7248 7691
438 2508 2783 3373 3473 3515 4749 4914 5127 6926 7135 9519
439 158 1028 1379 2082 2446 2985 4429 5104 6049 6094 6733 9667 9755
440 828 1044 1213 1583 1587 1600 1942 2533 3058 3721 4527 5117 5302 5385 5412 6772 7009 7545 8191 8348 8428
441 1107 1220 2333 2659 3469 3707 4360 4890 6029 6525 6594 8172 8921 9030 9832
442 76 798 2005 3147 3163 3959 5769 5902 6356 7161 8305 9421 9811 9972
443 789 1479 2027 2439 3222 5525 5815 6694 7021 7316 8448 8637 8764 9356
444 36 1159 1386 1728 1972 2118 3083 4960 5604 6043 6148 7954
445 727 1070 1419 3152 3557 3985 7148 7277 7522 7965 9965
446 469 1624 1984 2445 3603 4124 4915 4929 4993 5360 5595 5909 7115 7390 7485 8130 8169 9654
447 218 1897 2097 3038 3064 3939 4638 4652 5803 7553 7743 8081 8681
448 234 272 444 964 1169 1267 2180 2190 3004 3081 3159 4341 4483 6153 6862 7569 7599 7669 8480 8814 9038 9859
449 112 249 709 1855 3337 3817 3824 3992 4616 5934 6112 6381 6699 6734 6967 8194 8982 9114 9384
450 796 812 1129 2226 2939 3680 4433 5553 5693 5739 5929 6062 7147 9301 9460 9635 9763
451 142 349 597 2211 2263 2545 2787 2982 4173 4274 4478 5946 5982 6983 7513 8748 9050 9178
452 979 1019 1340 2293 2304 2403 2564 3236 4066 4108 4606 4660 4702 5358 6045 6884 7350 7355 9442 9485 9541
453 722 1449 1789 2237 2392 3095 4933 5023 5433 6732 7922 8037 8054 8138 8574 9241 9292 9352
454 14 206 1888 2526 2818 2823 3260 3457 6108 8895 9207
455 1209 2399 2467 3069 3433 6070 6201 6254 6484 6628 6955 6994 7624 9130
456 1004 1223 1699 2058 2059 2212 4152 4491 5407 5592 5643 5966 6360 6515 7501 7773 8097 9478 9559 9598 9777
457 10 255 1194 1681 1989 3510 4904 5169 5490 5915 5997 8217
458 62 78 716 1176 1444 2247 2835 2875 4324 4357 5141 5437 6113 6544 8548 8579 8867
459 1007 4040 4512 5350 5370 5474 5827 6035 6282 6833 6905 7566 8168 8925
460 1153 1885 1962 2314 2600 2869 4659 6203 7307 7651 7755 9336
461 2488 2597 3572 3694 3722 4943 6135 6397 7039 8976 9239 9728
462 1100 1756 1808 1823 3363 3415 5779 6700 8937 9258
463 1016 3566 3737 4632 4742 6114 6413 6731 8615 8906 9300 9653
464 259 972 1052 1589 2337 3061 4141 5044 6469 6492 8301 8712 8855 8888 9569 9660
465 637 981 1122 1296 1393 2562 2878 3066 6286 7495 8055 8526 9116 9676 9713
466 124 381 1150 1663 5200 5524 5676 5708 8061 8639 8686 8780 9096
467 199 1014 2565 2707 4891 5162 5373 5485 5594 5635 5912 7349 7382 8085 9711 9933
468 332 1218 2472 3234 4096 5255 5556 5576 6332 6599 6855 7267 9062 9156
469 323 719 1093 1255 2699 2779 3183 5772 7423 7576 8256 8433 8910 9019 9372
470 1620 1828 4177 4771 6290 6333 7232 9507 9718 9858
471 2229 3965 4519 4955 6331 6665 6780 6830 7874 8202 9899
472 183 267 388 482 590 644 699 950 1848 1980 3093 3229 4007 4280 5166 6264 6643 6871 7695 8025 9219 9930
473 952 1104 1950 1997 3535 3830 4181 4706 4972 6239 6258 6448 7336 7977 8306 8530
474 190 223 580 1807 2696 4093 4603 4667 4907 5329 5990 6024 7056 7083 7627 9060 9885
475 69 106 163 512 1791 4415 4854 5280 5348 5559 5758 6646 8800 9618
476 214 1421 2234 3547 3933 5512 5800 6283 6641 7305 7353 9592
477 46 56 123 954 1039 1328 1429 3132 3655 4024 4312 7237 7472 7997 9931 9936 9945
478 38 802 1138 1236 1405 1805 1920 4162 4863 5333 5917 6166 6214 6642 6727 7489 8723
479 566 1227 2156 2222 2548 2614 3942 5122 8559 8663 9042 9076 9813
480 89 2224 3479 3727 4199 4438 5170 6187 6454 7399 7826 8719 8958 9298 9407 9549
481 110 538 819 838 1533 1800 1892 2463 2685 3158 3215 3244 3864 4232 4728 5397 5652 5659 5716 6343 6881 7991 8030 8268 9087
482 167 372 1503 1767 3801 3999 4631 5151 5625 6339 6898 7858 9045
483 104 2004 2501 3117 4240 4316 4629 5242 5517 5936 6404 7563 8365 8793 9555
484 308 639 657 1180 1711 2737 2917 3276 5573 5964 6047 9509 9511 9669 9681
485 1293 3291 3464 4566 4683 5444 5689 6300 6685 8188 8614 8685 8754 8859 9323 9971
486 813 1244 1569 1838 2406 3583 4454 4942 4970 4997 6978 7256 7952 9106 9579
487 461 1252 1275 1310 4118 4202 4754 5957 6315 7948 8021
488 149 514 860 1119 1752 3701 4645 5224 5270 6083 6229 7171 8260 8357 9379
489 309 1737 3262 4070 4484 4832 5074 5762 6468 6931 7422 7901 8107 8916 9787
490 261 2804 3871 4076 4799 5593 5787 6886 7577 7987 8740 9078
491 44 285 356 2650 2740 3084 3388 5529 5680 6324 6637 7306 8152 9548 9834 9844
492 483 744 4222 7427 8513 8622 9046 9148 9433 9502 9564
493 633 811 1381 1523 1678 3186 4752 5218 6011 6215 6565 7605 7817 8265 9186
494 305 1669 1908 2206 2408 5626 6262 7272 7391 8069 8105 8628 9611
495 114 701 1978 2811 2855 4033 4674 6249 7206 7433 7708 8207 8267 9225
496 640 1139 1504 1615 2536 2806 3192 3416 4842 5895 5998 6844 6993 7025 7888 8004 8387 8581 9430
497 1173 2313 3002 3292 3825 4647 4716 5293 5666 6344 6652 7057 7572 8787 8954 9276
498 1175 2028 2676 3071 5153 6170 6221 6793 6812 7170 7969 8110 8690 8912 9591 9781
499 671 867 1860 1898 2578 2705 2834 3115 3996 4814 5055 5546 5654 6242 7473
