500
0 6457 501 9418 5195 9145 7142 5057 674 8576 4955 2319 8140 7949
1 7089 8093 2949 9707 5000 9927 686 4750 5440 2389 7842 5339 6170 7012 3964 2986
2 4090 5574 2123 3418 9485 6371 4008 6656 699 6861 719 6712 2437 2842 6899 3521 557 1383
3 8438 7334 5692 2089 6770 4644 5644 4436 455 8990 8934 8092 6613 935
4 9793 1491 4383 5946 2015 3076 1953 2694 8267 9590 7585 9990 1238 4020 7652
5 3838 7006 2345 2248 5532 4720 6387 9459 6155 3438 8367 4705 6369 5748 8711 2422 9301 6327 5643 5715
6 2835 3132 632 9722 1652 5466 2104 5470 8636 4192 652 6262 3792 7413 6101
7 8312 3131 8481 3591 8944 4918 7888 166 1261 4356 6149 6613 2288 321 79
8 3878 4566 3033 919 1850 498 8319 9927 8188 8245 1655 4984 683 5005 1079 7481 321 1058 7762 2240
9 8806 6542 203 563 8888 434 7339 4087 6658 3113 3543
10 6077 5035 3959 3639 2510 5943 7581 8904 1870 9807 3923 9551 5902 991 6258
11 2126 4631 5206 7257 3881 6572 3871 5361 8483 3720 9842
12 4622 9550 1849 5312 4347 7869 7907 7481 4288 7816 122 1752 2288 2962 2327 8125
13 7308 5606 341 3722 3721 4060 2720 3895 9210 8917 468 8125
14 9715 6590 4095 6552 8383 7417 9888 2937 4966 2340 935
15 815 1493 9474 4731 3739 4678 3972 3121 6983 8658 944 6973 1869 3869 6482 2240
16 4093 8390 2251 3345 9081 5455 774 9141 2285 6573 6643 551 5333 8922 5752 5964 2327 79
17 5284 6837 2691 1314 4889 123 464 9576 3901 8008 3699 3830 1625
18 362 7884 367 5010 2220 1572 1954 1077 6313 21 7641 5486 9602 7153
19 7657 5781 5196 4085 1592 4591 2846 5206 4806 2532 5316 5141 3103 321
20 6832 831 8927 7844 1080 8264 4788 6026 4214 6781 5893 5526 2892
21 8382 5814 3978 5126 9225 6686 156 5649 581 6453 9013 7699
22 3940 2835 2020 1753 8066 2096 7921 9511 9080 4651 9688 9968
23 9411 6713 6841 6393 366 8158 7036 3488 3105 7121 6334 2740 7607 9199 935
24 5961 6634 3630 1927 9709 7014 425 6925 2834 4181 6606 3364 9303 478 7713 979
25 7322 2827 3092 1517 4940 804 9546 9707 7173 319 7715 2986
26 4475 715 1826 4911 4365 3262 1894 2195 9676 1711 4788 2299 3115 5459 8135 3103
27 5722 9590 3813 616 9241 2924 3171 7040 9662 1953 6554 1611 9244
28 3027 5289 5694 3887 6107 5151 7477 3639 232 221 6458 9842 7153
29 2363 3613 8468 2302 1579 3489 6124 7350 281 3192 5615 9292 6978 6547
30 1500 7249 8442 9141 6571 5082 40 3797 8813 403 237 3020 2666 4314 5962
31 6132 8515 1595 2313 1924 9938 7671 7455 8729 8371 6361 5671 7055 5677
32 3862 4332 1440 8845 7052 2947 6749 1177 2454 8340 2577 5715
33 9237 2742 5460 7174 998 1368 1261 4684 9047 1791 9144 2480 3894
34 3194 4725 91 2291 453 9517 5228 6627 790 3552 1737 79
35 5244 180 9687 7689 2880 7777 3214 3481 4600 21 3521 2962
36 9471 4872 1936 137 3983 6952 9599 2549 1893 7899 4314 7880 7153 2962
37 5252 9343 5289 121 1377 7909 2846 8067 7657 1208 5796 79
38 4595 3424 5261 4174 4019 8673 1624 3896 3778 5448 1534
39 8868 7823 955 7900 8346 3534 5744 1049 852 7806 7949 2240
40 4248 5995 3736 4725 4826 403 986 2906 9622 3758
41 5681 2132 888 3242 525 2313 4583 9666 4892 3161 977 4901
42 8595 3707 7296 6241 2985 8120 7648 8226 5368 9588 3704 5880 935 3012
43 4791 6597 2131 2428 8522 1219 2465 8315 2493 3880 1080 6203 9465 1534
44 8676 9769 6038 2346 9898 1244 7261 5375 116 7595 1076 598 4958 7 2666 3783
45 6601 3177 2715 7009 5110 3452 465 3782 8056 55 6050 5655 6101 1238 2
46 3733 8437 9499 9936 6448 6902 4785 8164 1399 7402 1552 7762
47 2332 2065 2878 391 4152 4243 7373 2629 5384 8329 3653 3597 105 6613
48 2116 8102 7230 4743 7594 5755 3696 2631 6646 8308 1753 5163 9199
49 9771 9186 4249 7764 7649 8422 2270 1832 7154 8520 731 311 2240
50 4900 52 3042 308 2872 9149 5919 3228 33 5988 5103 399 925 7652
51 6660 8208 2172 6239 4576 1840 452 7104 714 3758 1984
52 7779 296 1082 2584 8545 7980 9046 4451 421 1784 2962
53 8 198 3418 3375 408 8042 1717 1377 8024 4823 4766 420 5412
54 98 5733 1577 1561 4631 1859 3955 6304 7336 7553 7575 6101 5869 8994
55 7594 1202 3398 9870 736 5050 6422 8751 8911 3885 7240 4035 3830 2962
56 3248 1417 2375 1574 5355 5663 779 6702 5365 7430 1498 3377 2121 2962
57 1024 6038 3330 2401 6124 7347 3405 6936 6704 3715 4360 5112 1798 3012 5064
58 8630 3729 9692 9284 6201 2218 1484 6832 5180 7414 3600 30 6855 7762
59 9081 1527 5092 8771 772 127 9816 7489 7354 3276 8601 399 9043 3012
60 2083 8360 2731 1654 4373 899 976 366 4029 7237 979 2437 3074
61 655 3747 5583 7881 5386 7702 1570 9013 4398 6292 4401 5391 5993 2720 9935 1530 2304 5572 9023
62 1266 8992 8481 6329 1059 9459 7638 1255 9487 6458 4035 2240 5715
63 6382 5119 8463 1357 1881 4677 4121 9128 8293 79
64 3274 2373 4869 7359 1760 2073 7006 4538 1609 1774 5962
65 8770 1781 4773 5530 5876 3690 2388 1609 2188 2915 9803 8328 752 1984 9903
66 3065 2023 5766 4850 1919 6877 7096 1797 2372 6137 3700 5445 3894
67 3400 5534 1347 5722 8239 8007 184 9969 2057 4406 869 8284 6020 2962
68 3691 2712 1029 2614 4274 5693 5381 3090 7377 2574 4282 4343 4531 6101
69 3799 2915 4319 9266 6443 4303 1111 3120 6873 9091 1587 3842 76 1299
70 8538 23 4830 1302 6415 540 3392 3908 5436 2655 7997
71 2723 8493 4356 1425 598 329 6505 2515 8162 1671 3687 6574 787 7864 3836
72 2947 8977 7789 9537 8215 1988 5499 5878 9369 7163 6254 2345
73 8366 9517 4638 343 3264 4359 235 3150 6713 6213 3750 6938
74 3626 8757 5394 9536 2235 1294 9051 2988 6296 7438
75 9306 3624 2854 8801 6023 7681 7461 2435 1242 9955 8396 8491
76 3156 2433 5676 9855 8570 3709 2850 1288 1065 9981 5451 412 2555
77 9858 7492 3773 5103 6647 4045 9063 4220 4553 7025 795 3244 352 6613 321
78 6522 7942 7631 6432 3080 1779 1622 458 6396 8402 2611 6855 6986 6827
79 6763 6685 154 9835 4875 7568 9508 2364 5026 2295 9917 3276 5483 3074 7732
80 6627 1645 9978 9241 953 3313 5799 6329 9055 7117 5973 8858 3375 5457 8841
81 9957 6231 6704 5039 5022 7810 3742 1530 6619 9688 7438 2240
82 8817 3189 6661 9216 7113 4608 5109 9500 4253 2507 7123 7085 1299 6613
83 8001 6818 4503 9417 9828 7597 5621 4211 5842 7454 979 7759 6537 7732
84 636 5350 8226 7143 1960 4169 3680 9679 2767 9829 3575 2554 5887 2962 8125
85 5268 7507 5046 6122 7953 3782 3276 528 1911 2498 1912 5433 4068 5304 6534
86 2677 7876 9441 297 7528 869 854 1969 4460 9795 6101
87 8169 98 1122 2590 3974 6860 1941 7716 9121 5913 1558 8235 2085 732 1534 9270 1238 7133 1979 79
88 4293 1296 8350 2143 4484 8405 8557 3417 3437 8541 141 7752 390 730 5359 7949
89 1280 2145 7016 489 4954 4322 8664 7473 4943 7639 9703 2183 6584
90 2402 7911 3132 7220 7953 5589 9373 393 5810 7088
91 797 6958 2578 7072 3573 2351 196 8724 1029 9646 8049 3836 8994
92 566 5822 2441 8960 5688 4594 1007 5737 6210 9551 2164 6833 1871 8387 2
93 9474 6969 9152 1481 3283 9408 8155 2141 2516 5890 7180 9050 8887 4941 9023 7179 7296
94 6144 6315 2370 4578 6950 2540 9904 5466 4256 4654 1510 5788 2555 7949
95 6188 4297 5018 9820 8460 5872 9242 9170 9548 562 6130 4252 2058 8105 7652 1668
96 750 3181 855 1286 2236 3120 9986 4379 531 6778
97 5169 1370 9484 9415 8199 6489 9894 7108 2961 6327 7949
98 5059 2207 7917 4788 1565 7905 8133 7998 9194 789 1479 8061 7349 4526 2615
99 4861 8353 2331 5402 2412 3191 2334 5986 758 8145 2155
100 2379 9110 1617 4144 1897 1555 7856 4693 8179 9348 1930 1960 3914 221 1401 2962
101 7592 9527 3170 7640 724 5124 603 8739 6128 9901 8618 4680 3795 7133 7699
102 5107 1418 6733 2675 6607 6637 9372 5511 4212 2349 6465 3012
103 315 385 6085 1147 6106 6656 4182 945 4112 4305 678 2923 6467 4326
104 3710 2055 6094 8358 5135 9446 1714 5232 6299 6597 2411 1216
105 103 6493 4023 8033 8829 1069 9142 8881 6616 8910 7732
106 9962 9 5836 6885 905 1568 249 5987 612 9376 4967 148 1125
107 1909 2428 2826 6882 316 6272 44 3701 3199 1042 9669 3982
108 4058 2998 8037 9693 4837 4549 3987 6563 3295 7806 3830
109 4135 9532 1468 9100 2093 5315 995 7711 1601 2327 5715
110 1992 3299 6745 2796 9524 8394 5886 4480 4261 7087 3106 9903
111 6710 5118 6146 6516 8394 3490 1663 6581 1139 9207 7355 259 1668
112 4506 6577 1008 6857 8574 8118 7560 6411 6042 6907 6482 1534
113 7804 3192 3943 7891 4682 5485 1732 1916 9521 176 7833 8345 3981 1668
114 563 9262 3616 2556 4551 5126 2334 7913 9685 1391 979
115 7228 415 375 1210 8260 1998 4347 4041 4670 8418 2526 9733 8470
116 1975 837 5008 906 6065 8146 2282 562 2287 3602 5412
117 1823 769 1039 5439 7314 3420 9285 4513 6638 2675 1557 5762 7883
118 1386 1130 3496 3171 6075 4991 5654 7433 2519 6798 8082 4772 6485 188 2 3894 5715
119 9658 8837 9891 3094 4046 3818 9746 5664 2948 7614 4501 9848
120 1894 9343 1320 4015 9976 895 9698 4203 5187 1770 4220 7716 2112 8256 6625 847
121 9208 2503 5761 9340 8233 5986 3137 3695 5703 1502 2736 9930 6613
122 323 103 4947 5670 3619 1101 9180 6209 7961 6490 783 6545
123 3570 2154 2769 5976 4001 8440 1799 1067 2922 7762
124 720 1796 3667 5809 6125 3445 1151 4116 8120 6073 79
125 4608 2705 7993 8868 4928 809 5679 2066 5465 8775 5147 8887 9253 4871 6324 732
126 604 9361 2110 6693 5415 8056 5083 3766 3902 6629 1121
127 7465 6185 1116 3916 1717 2351 150 8389 2366 4572 9414 6613 5507 2555
128 8621 7723 9196 3977 4873 9371 7141 7381 2002 7276 8054 4264 4345 7852 3144 5412
129 1757 6231 7490 9483 8195 7719 7329 8092 3011 753 1735 5724 1181 3837 9681 139 2058 1256 6938 2
130 7827 5298 478 9063 7242 5850 1431 4902 1019 220 5748
131 273 2381 3860 7131 6607 3925 9804 7444 5342 4 1850 1552 1625 3894
132 4070 9614 1124 2657 326 8443 8968 8524 6789 1901 4476 30 9153 220 7519 8431 8994
133 9781 3390 4017 5203 962 5803 5652 6256 3158 8994
134 8504 8094 8712 9920 4000 8606 680 7433 3681 6551 8218 5752
135 9456 6735 8263 2952 2450 4312 1021 1020 8608 7050 8609 7933 3468 7709 9968
136 8162 6548 567 6194 6051 7247 2547 4688 6952 4471 7771 5775 79
137 5127 5456 9857 2706 4039 338 2308 9912 3027 3998 6771 8217 1670 9224 6534 2986
138 319 296 1030 8665 9279 5931 1339 9617 8728 4412 8716 9533
139 4173 748 6709 8160 9875 8971 4239 8136 4376 4832 5007 4647 1668 2288
140 3096 6339 303 5843 4284 9871 2200 602 6824 5854 1476 9199
141 2243 9630 7313 1798 2625 5977 129 4013 2141 1879 1560
142 6735 4432 5928 4846 4329 2270 360 5920 6757 3870 7267 2058 6020 3982
143 1459 5603 3311 3026 7381 4577 1573 7396 9416 2439 707 7997 8406
144 3780 6192 1967 59 7107 6886 6364 8279 1948 6509 2318 3427 2114 569
145 7935 7359 1284 1983 6257 9068 4259 3616 5230 9443 9007
146 1162 3838 7561 1007 3428 2953 1114 7832 2315 8227 6538
147 7201 5403 62 2947 4597 1801 7458 5139 9735 6409 1391 3801 4377 5715
148 2119 3508 5707 1960 5942 9789 7464 8844 9666 9312 3192 438 5605 410 6424 6731 4561 3827 8125 2
149 8750 4651 920 470 859 8277 8323 1514 5785 4378 7883
150 6033 5409 8756 2402 9050 1933 5110 8931 4873 1218 5743 940 1418 3982 5156 5412 4765
151 4933 1532 8318 392 8967 5410 9379 894 7759 7883
152 3323 2750 9761 6607 4932 1518 2275 7821 4973 100 7563 4450 3706 8599 7699
153 8255 5564 6619 4316 5870 3557 1838 3677 1858 2149 5661 1259 2604 7254 5801 272 7693 4326 7699
154 7158 6348 8444 969 7966 7262 8305 9534 4330 4108 3936
155 7689 7069 1199 4191 9934 4933 1461 6098 5532 3433 1867 9548 1871 8134
156 6416 5851 5727 5953 5919 9049 4645 2811 459 7841 527
157 9196 2958 5121 6899 6961 482 2574 6267 5952 763 8040 7050 518 9244 6982
158 9530 241 1976 7589 2754 6034 5361 771 2598 90 7001 9758 7210 4967 321 3012
159 4370 1825 7966 6498 3459 820 7875 3173 6231 5468 7120
160 2997 3745 7894 4553 9490 695 7066 3025 547 3117 8114 735 3255 4957 1625 1774 3894
161 8714 7580 8312 100 87 3034 3963 8466 400 3178 6193 8027 7153 2962
162 3825 4827 9978 2777 1945 3815 9782 4285 7280 1560 3728 7652 3836 2555 6613
163 316 7700 5564 3848 9505 318 5615 2235 6179 8713 3700 1752 2121
164 9530 5114 9743 5086 827 2925 9207 8226 1809 5163 6049
165 8774 3175 9532 1292 5114 5529 2111 285 1528 3132 1858 3113 7240 7438
166 3666 4895 2647 7433 2185 4729 7590 9604 9966 1017 4812 6498 3326 8183 935
167 9691 533 1548 848 1107 7346 1193 6627 8530 6615 8947 3757
168 2863 35 6192 9364 8619 8481 3868 5763 3291 3515 4055 5413 5322
169 4244 9455 1321 9692 2885 2017 1280 5186 1344 2729 7859 5907 8450 1353 3982
170 6628 3286 3959 948 1160 4597 4061 5538 68 4834 5698 148 2
171 8737 2967 7173 4047 6993 4698 2486 8411 8237 8458 5904 7206 5775
172 8732 5142 5481 1155 7100 1428 3292 6922 8569 8607 7354 1491 5902 8116 3982
173 5522 9509 5919 4117 1564 5976 2677 8975 9017 9283 9270 79 2288 9139
174 7898 3637 8521 5382 6397 3325 4247 771 2454 8180 5322
175 3523 4223 2515 7327 4771 3508 5773 9254 5135 7447 1356 5379 7521
176 3219 9098 4897 7524 4334 6277 3610 4442 5608 8184 7043 5768 1956 7206 321
177 4152 4572 6860 7847 7217 7262 1643 7666 982 4752 2782 7791 3012 8994
178 7002 2999 3402 6348 629 5378 3789 716 6433 9481 7105 4340
179 6941 7188 3993 3239 939 5411 4563 5171 642 1570 6524 3125 5930 5912 148 6258 2240
180 4073 6200 8190 1180 3536 6746 2633 4563 3895 4527
181 5001 5427 3892 6642 5367 158 974 3 4979 6584
182 6628 6639 5327 8318 8738 6926 5006 7308 8334 7210 6161 4170 5885 4151 5412
183 317 5159 1508 6397 6553 7907 351 8604 6909 3584 2 79 935
184 4431 1280 3702 5683 9187 2433 591 1989 8534 9608 8585 7497 4805 4027 8644 8994
185 1964 725 1077 5691 277 6674 2110 4000 4018 7732 7285 412 2327 3012
186 886 8238 1065 6131 9912 2423 4894 7398 6822 305 9548 9677 9848 9007
187 6882 6764 2952 7311 9207 1537 1340 5827 221 4967 2
188 9339 7552 2153 4181 3682 9278 5143 1126 5182 4526
189 3209 587 2172 9779 8360 1493 759 3313 4210 145 4843 1429 979
190 9318 3875 2519 345 9893 1749 4130 4162 5759 8453 4805 9605 7374 2791 8716 3074
191 2213 7436 7824 1017 4563 4483 3002 4743 5546 5389 4962 3728
192 1087 6970 2910 9189 7894 5290 9895 4968 2569 8314 7771 9836 5572 7762
193 4215 292 8201 2415 3852 7155 6037 7910 8095 6899 1042 4901 321
194 4637 6345 3705 5382 1258 9530 3411 4053 406 9260 369
195 3782 7114 8859 7777 5316 9606 1189 6191 7977 372 2599 7887 5451 2962
196 1002 7350 563 1010 2581 4025 6354 4067 5829 6526 4624 8491
197 9819 3511 8080 3951 9698 7344 9173 7622 1597 9699 3092 6187 4909 8125 935
198 1698 1203 6609 4019 7940 6320 3985 9974 9124 5887 3936
199 4472 9782 972 7524 9895 7926 5294 5661 349 6223 2842 3545 7736
200 9022 5625 8362 8656 2389 365 5382 184 6382 2550 9036 5412
201 2536 2832 9504 3571 8433 6695 7225 3221 2827 2704 321
202 5296 6741 9479 8426 6884 3461 3952 5595 4627 6374 6669 3513 7240
203 7257 3975 3038 9663 7825 9627 8357 8801 9097 1327 6748
204 8263 6244 9862 8449 8547 9740 4697 3433 5672 7837 938 1265 4923
205 4814 8011 7680 1055 9064 8461 4908 9905 7802 9649 3699 3543
206 172 6956 8746 446 9514 6257 5870 8310 6609 8137 6729 7367 6534
207 2068 8547 7784 3128 3415 5662 6107 5487 8829 5557 3453 6528 6296
208 1426 6243 7555 8077 6969 6707 1023 143 7434 3885 5507
209 3500 3544 8074 2081 8752 4082 8820 9810 6180 4317
210 2335 3755 3532 1381 5213 558 7942 1756 3669 4588 122 6698 925 2155 2327
211 7670 5614 2878 5532 6703 6574 3149 5045 4186 1754 583 9374
212 2934 7416 7461 4106 9414 3301 9210 2909 7025 8157 412 1668
213 6561 9683 6354 1577 9478 8898 3333 8988 8244 7160 4628 8566 1822 2892 6404
214 7253 1318 8807 9307 2693 1901 5286 5647 5731 2306 8265 7969 2611 3545 1986 8212 5677 5219
215 5453 8855 4740 5169 7617 3631 3447 153 1104 7571 2526 3783 427 7153
216 849 4040 4000 6479 8529 1651 3049 2524 6263 9145 513 8662 4080 1546
217 9542 2317 7471 5744 3164 9237 4972 8916 4572 7812 7138 2175 8994
218 923 8720 3277 8152 3886 2137 8312 4124 5347 3883 4901 79
219 2795 1533 9490 2463 6164 23 6052 5510 2235 261 385 960 2927 838 1984 5715
220 7990 2479 7326 8976 723 6562 6337 465 4843 9498 5386 3032 2288
221 7824 1006 2559 8617 6997 8948 6731 5377 2871 7231 8581 7864
222 334 6209 5016 8219 5951 3436 5320 6588 4343 7234 6101 8812 9244 427 321
223 5066 5109 324 9314 4673 5179 4569 6710 9654 9330 1960 7100 4222 2019 7206 7698
224 9661 1403 4727 8573 1818 8675 178 8352 4927 237 7659 2962 8994 9968
225 5367 3152 3582 8570 4655 7893 7809 8849 2508 1590 2574 7356 6608 6054
226 6612 7307 5476 4003 3694 1114 1548 9098 5280 6537 4340 7949
227 5170 7292 8661 8038 5558 2793 5117 6918 6367 4455 1031 9065 865 4639 7713 2240
228 6364 5938 9421 9556 5106 5256 9472 6976 7912 2485 6153 7880
229 119 4936 6368 563 3341 8963 7650 5708 8005 5715
230 7881 728 1201 2644 1297 1481 9495 7686 6386 3383 3815 3545 5507 9007 7153
231 4482 59 1567 4099 7472 9804 2628 4217 1497 3495 4356 7087 8932 7280 9842 2240
232 4835 9878 8514 8715 9197 4266 7453 315 8894 9415 2734 131 8104 352 1934 2340
233 4956 554 1566 6255 8689 8435 896 3881 2030 3623 7175 1329 9224 427
234 3834 8057 8034 2819 1326 5803 1143 729 7336 4340
235 2253 5037 1594 1813 3690 2908 9824 9712 7472 6139 369 7997
236 9811 4954 2225 482 5044 1163 6793 4964 2245 2565 5294 5925 7026 4035
237 160 6203 392 5635 927 6317 73 4453 9710 8428 1625 1668
238 1817 2517 6575 6593 2789 6312 6530 1057 6949 1774 1299 2
239 2825 8040 4555 7789 4042 3224 8729 8250 3973 6223 2760 4679 5848
240 8640 386 6912 3890 7249 1697 2952 930 9325 5038 7517 7791
241 2408 3083 9728 1718 1645 4275 3185 3600 90 7864 79 5962
242 9039 4139 1114 4205 7161 2541 8796 6875 6949 6980 5848 9244
243 1807 6410 7051 1911 9648 2550 9150 8402 1877 6358 4043 6354 2240 5412 2288 9007
244 6116 9366 5785 4015 7315 4631 2038 7416 4964 2232 3607 133 5437 79
245 4224 6587 3907 1584 3500 6504 1822 4251 8605 2768 3097 9335 6385 2123 753 4326
246 6223 688 3592 1907 9356 6604 8112 7268 3612 2329 4297 5981 9933 9349 8462 3074
247 2181 7215 1011 9717 7334 6760 8103 6947 9511 2589 4350 3584
248 5461 5332 7774 3127 6784 3971 330 3100 52 1826 9968 2327
249 8622 448 9210 9807 653 341 9667 601 2536 4120 5286 782 7133
250 9402 7527 7966 5594 1709 1586 3127 7920 9843 2756 8594 5580 7899 979
251 2067 9980 8340 5963 8571 7042 5019 2666 439 6597 4355 4442 88 569 1524 925 8406 7413
252 1326 8971 195 5365 604 5131 7877 3267 7104 6666 6161 7545 3543 321
253 5299 1437 9817 6818 5655 9891 9298 3148 7419 6877 2569 1763
254 8347 680 7493 2816 7729 4238 5780 6172 9621 6544 7790 3023 8711 1668 7413
255 6476 520 6768 8255 8234 658 8708 7037 8068 5835 4058 5703 4870 9398 205 4176
256 8435 6682 9773 119 5207 7573 5370 1303 9936 5849 780 6082 7575
257 4417 602 3557 2954 8078 8967 7409 2189 125 5957 3945 2310 7057 8672 6359 1790 3982
258 2693 1014 3971 3615 7660 8171 6061 4404 4013 9763 2460 5848 1121
259 8149 164 305 72 9231 7428 5529 3332 3059 4170 6022 881 7266 9688 2114 4901
260 5280 5423 8798 1828 4099 7666 9054 3040 5079 6768 2071 7474 1343 3894 9007 3074
261 836 9522 2454 6527 4047 2720 659 845 2231 8520 6060 5322
262 741 6452 6708 1035 9457 8605 2313 196 8319 6001 4580 1328 7285 3543
263 6342 3999 2203 7875 2952 6776 3971 5158 7222 9197 9244
264 4119 1335 4227 7963 8202 9045 2119 3813 5392 8486 3044 2136 5962
265 1828 7301 6900 7165 7338 6893 2271 8521 4059 394 3268 7771 876
266 6745 568 1099 1235 3809 4240 3867 5193 4985
267 6713 3466 3990 4854 8353 4837 2668 6248 3904 3799 2833 3408 2192 8716 2240
268 9606 6942 7043 5464 291 3255 5943 3482 458 2544 4572 850 8711 9007
269 6098 4172 7464 9781 8940 4382 5118 5937 730 673 3507
270 2166 827 6435 94 9742 7577 4911 4738 2956 8425 5386 4020
271 4253 2317 2664 3979 3805 382 3399 7540 6503 2966 3408 5097 4314
272 5279 1036 7203 480 3381 9030 185 1805 9976 8050 451 4359 1353 9968
273 4980 5864 8273 5217 8549 142 1092 270 281 5292 6067
274 5370 8532 6452 6292 3131 8972 1829 6286 9389 7829 8722 4020 9842
275 506 5255 3614 1973 4435 6669 3375 8822 9022
276 445 7854 8521 3600 4892 4815 8514 3415 5805 2000 3064 569 8994
277 2443 8483 5707 6477 455 9328 4723 1310 9128 6870 1133 5979 9444 7997 7699 8994
278 383 8996 5142 9249 7792 1655 2239 8684 853 6863 4226 5834 2340 9533
279 8901 1338 1712 7090 6136 1727 9146 5789 7409 469 8685 4679 9968
280 976 3327 8222 6990 1376 7379 2027 7824 9141 2442 7754 4691 5775 3830
281 966 1451 9821 5499 1755 1562 194 4254 5251 9298 3547 7730 1900 9211 4527 5880
282 7587 8482 3011 6591 1855 4756 7287 4589 6046 3397 9107 3103 2121
283 4796 159 5476 8182 8429 8154 3948 441 8741 6746 9340 5267 3354 6134 3074
284 6320 9490 7647 5010 8739 5824 9157 4090 4389 3956 3552 7929 8896 2114 9968
285 7901 5730 7150 5605 4867 871 1920 8813 2743 9668 7602 7259 1358 9834 321
286 7654 5613 2765 8540 2297 1247 7662 9984 2161 5129 3184 3012 7153
287 4410 8025 6398 8111 5103 7686 7571 3473 7021 4474 8392 937 1134 3936
288 1991 8529 3209 109 152 6750 2225 5795 189 89 6946 6970 3089 5448 935 2 2240
289 3492 4484 9859 6760 265 7746 7270 9445 1566 8722 5715
290 9860 7318 6573 8819 9442 4029 370 6086 4945 1136 3362 1876 5053 7949
291 8891 4672 5018 2925 5243 1541 4491 7501 3601 8440 893 4245 6285 7762 79
292 6971 8192 1802 3300 1127 9951 7347 3278 971 2029 1058 9968
293 744 1845 9698 9535 3808 3293 5903 5795 7855 2373 5061 1517 1341 3889 1496 6545 2013
294 2841 8996 6215 7043 1129 1347 6526 7608 6887 1579 4354 1496 7438
295 9675 2863 8801 118 3293 4013 2764 3618 3404 9176 700 199 412 8994
296 1323 6366 8642 9341 9067 6770 8681 3313 3354 4744 8473 6490 6065 7742 9990
297 151 5971 6658 1208 5263 9159 4940 8122 1840 5623 4200 1734 752 4787 9848
298 8057 1622 8200 3434 824 8476 9064 8593 587 6837 2135 252 2349 7992 5677 2288 3894
299 44 4672 7112 7565 7890 9221 500 872 9456 8733 238
300 2029 4981 5382 9579 3697 6896 1537 6647 1156 9554 3474 8217 8054 7852 7133
301 2776 2758 1371 328 8230 3659 3820 976 4195 7092 7069 1348
302 3198 9173 7567 8941 9371 1743 2009 5082 1930 4934 865 3842 8484 3877
303 6605 3021 8021 4713 3996 9188 7937 3412 4140 9208 5899 2121 1299
304 3136 6930 3069 9755 7157 9752 4 7083 5798 3231 3792 7762 2240
305 2092 7338 9340 1690 1054 7223 5119 4389 6066 6044
306 8549 2932 4835 6527 3653 5466 8018 9024 4307 5297 9145 9733 5783 7949 7699
307 3911 4996 52 7546 797 4818 8135 3522 6161 6465 2327 7120 1668
308 9092 7226 9158 2390 9547 9825 4829 2697 9761 5534 2652 9822 9931
309 7584 666 6294 2920 4440 6619 4605 3086 1106 4077 1905 1721 4626 8462 2
310 7654 6736 3233 3366 1297 5078 2714 5375 7487 2130 6405 4035 2986
311 3754 2584 2640 6330 7800 5411 3001 8688 4821 6517 7445 6875 9129
312 2829 4315 7221 6464 6242 8024 2223 6508 8624 4330 1574 6258
313 4903 2206 1381 9811 778 6119 4564 3201 4913 8149 2936 8686 210 9834
314 5912 7645 9390 2905 674 2626 6105 9960 4652 6717 8040 6521 476 1774
315 3180 2815 893 851 8270 3828 4267 7526 694 703 523 6327 8125
316 5354 5945 9425 1024 5572 6145 9987 6041 2156 424 3433 2414 7883
317 5388 163 1881 1794 5450 7916 6720 5961 8505 3826 2704 5412 3074
318 5432 7618 6540 4127 9650 8335 190 4722 9200 3277 3588 7418 5416 3374 8716 7880 8431
319 3953 4858 7500 8079 8237 7522 4840 5363 5521 946 3092 2858 2773 6537 79
320 7721 6567 3162 4579 4335 98 8388 6599 3465 2037 7977 8978 6100 9533 2962
321 8318 5418 658 2694 9698 1473 1178 1132 2101 9424 4837 6298 745
322 4360 8940 2098 6235 4625 2684 3085 8542 8883
323 7157 2860 6504 6864 5938 4477 9070 5564 6082 5762
324 3763 2977 8292 8604 3461 6346 7743 885 4351 6139 6785 3836
325 4543 605 7965 7358 1475 9154 8755 4668 7554 7997 9139 5715
326 6300 6354 5498 3417 8286 3352 4684 2168 6334 5623 2148 8376 7598 1896 1043 7755 1774 6635 5064 427
327 6854 6164 9238 9873 8418 9737 6005 8549 3296 1713 7198 5500 5451 6938
328 9996 905 8734 9591 8725 2738 5506 1493 1186 3602 9848
329 3980 5537 1678 66 350 9622 62 923 3195 2184 2643 2962
330 9234 6085 2563 8654 519 8827 4952 7078 6112 1433 9347 5880
331 3217 6989 351 1527 2853 3618 648 2644 610 3981 2 3982 2240
332 9630 5388 5415 4917 6637 47 3769 8529 3273 5668 8345 7429
333 3439 4769 9668 4062 7504 1427 4937 47 5547 3129 56 4824
334 2472 5716 2315 6425 2514 9736 9409 2243 4089 6494 7367 527 5307 3012
335 4438 2869 4141 9210 4841 8091 7095 3044 7991 9352 1040 4739 8836
336 592 3315 8114 7227 7757 7559 6119 611 8731 1348 8343 7710
337 5012 7624 714 6801 573 8697 54 5225 3747 3672 411 7320 7949
338 9038 5190 1248 7067 7576 4636 6728 937 9347 8702 6563 4594 5208 1206 5458 2962 7949 5962
339 6009 338 2069 4368 1041 6494 6136 2941 4271 8834 7481 6030 1774
340 1974 3442 1616 2680 3338 53 7522 4793 8402 4147 7023 454 8387
341 8192 8413 5736 4564 9345 6117 5953 2220 8528 5677 5340
342 6893 2214 3958 7059 7817 7409 4713 2607 8356 523 3967 6201 3759 6001 9545
343 5030 1439 8772 7059 2445 5603 7448 1844 8321 9077 6977 8248 3012
344 9832 3953 4589 5126 8410 4533 5015 4615 3901 6248 5644 9757 4901 476 3758
345 4548 6619 8976 3525 2208 2049 4153 685 7287 6809 4752 1353 4020 5715
346 1200 6120 3800 2540 263 6990 873 4349 2545 6909 2856 8343 5848 1534
347 314 507 7431 6884 2483 3389 4582 6814 4627 4328 8939 4068
348 4593 5960 5079 9811 3645 942 8038 6070 4400 6712 6938
349 3516 2719 4466 9412 9513 3987 6090 5598 1181 2212 8484 9075 6613
350 4250 542 8107 6151 2969 5573 6792 2249 8862 3479 7126 4021 6021 7883 7652
351 1626 4942 1037 4081 3817 3286 2419 4280 1644 4672 7562 5973 5638 9014 3376 321
352 8310 2034 9314 9067 5868 2298 3471 3411 6186 5846 7208
353 6762 8167 1694 6758 2485 1128 4704 399 2839 2885 4877 6430 4199 55 3543 9461 8406 7240 321 3074 935
354 2105 2189 2708 8564 891 7042 9876 923 5766 1316 6331 2790 4340 2904 9533 2555 5507
355 4115 9092 3039 1316 4830 8749 3814 9223 6635 427
356 5162 8588 1955 8670 7464 310 4030 9170 5184 1566 5245 5898 9806
357 102 9827 3370 2572 7925 9750 2849 6658 4975 8269
358 7408 4493 9143 639 2384 9489 2459 6702 6491 4424 4714 456 9898 5248 3032 2240
359 5237 8641 3133 9711 8749 6112 6072 4573 4530 279 7037 2155
360 4747 4928 1140 6096 5936 7796 9825 384 5721 8659 1667 1501 8268 8919 8325 5340 4020 1625
361 5938 1108 3129 2678 2384 4453 5181 5770 9872 6680 9692 3043 1668 3894
362 34 2499 828 318 2935 631 4744 1767 5750 7948 272 4520 2537 2986 321 2962
363 3769 3441 3941 4722 4743 7877 2522 3487 8983 7191 9898 6778 2643
364 7415 6411 982 7716 5792 6462 9702 2118 3745 5737 7151 8345
365 2861 8468 446 8662 3800 2674 5573 512 8077 3280 5288 6549 321
366 6769 8324 9846 8438 8009 9370 3420 9845 8265 3697 7945 2856 6613
367 9234 9220 316 3589 8955 5376 3108 6113 4068 5099
368 9116 5382 4255 1722 3614 5876 7498 5965 6032 4580 8062 7883
369 5705 5530 472 4154 889 1051 6253 2800 3843 4793 8236 7880 6537
370 8911 1943 8603 3328 6079 2845 9304 7302 3058 9200 1079 2904 3936
371 3274 5529 4090 7072 7183 6276 9886 3716 1952 6448 2653 5604 1299 935
372 2882 4990 1350 7783 9722 7972 7469 9994 4334 38 1657 476 6938
373 3419 6856 4521 179 4767 3375 4956 6345 79
374 8066 4270 7768 6339 2202 8740 7150 9159 4027 8711 4352 6938
375 7079 5587 4488 6273 3718 7019 9678 9232 7518 3515 2340
376 3200 6234 3563 8386 2863 9705 560 6950 6897 2484 1132 7184 2321
377 2015 5610 4713 7730 3910 7381 7137 2586 774 8195 1611 6021 6827
378 8222 3851 1078 2017 5813 5258 2605 7396 9115 8846 9276 4517 3371 4199
379 6835 4770 5829 4895 3671 4708 1468 3672 5772 9480 5543 1668
380 9428 512 3666 2468 8033 4969 1944 9150 4412 9433 415 8092 8290 3894 4199
381 4395 4593 7718 9424 9628 86 1303 3425 7262 2533 2555 3877 5715
382 1713 4049 5503 8430 4478 7566 5853 6521 4050 7696 1981 1299 979
383 3589 9377 4633 1387 841 8521 7661 1849 2639 3591 5794 8663
384 7892 1568 7964 7080 4447 7934 3754 9661 3715 1053 6962 776
385 9400 129 9894 4724 3603 7336 6336 9692 3282 2750 9542 6739 5275 2409 8830 7762
386 8026 6639 161 3448 6780 5183 3858 7232 130 8451 8320 7874 5104 6550 4071 1429 5715
387 3256 2913 36 9321 4490 6148 7381 8446 7672 2740 9970 7267 1343 9533
388 9949 1586 6878 320 6461 7772 3031 1304 2627 3936 7153
389 8280 2829 6174 4462 1958 9216 2901 5375 5554 6133 159 6487 7
390 1272 9484 2656 3151 6854 4761 8808 258 8233 7053 935 8994
391 6142 8292 2609 4392 5376 3289 8202 8939 5661 2643 3877
392 3211 7196 7659 2043 2504 3293 4510 7872 9663 5846 7932 6692 3753
393 5710 8960 5941 1834 3252 1977 3551 7808 6903 8346 2676 2699 7569 4971 745 5326 979 7992 3894 2 2340 2986
394 6265 1664 4769 8959 2536 7146 8894 60 3520 4772 7653 1869 7012 3885
395 8843 6177 8548 1920 2749 4622 4070 2113 846 6363 4791 3464 8927 1642 5656 4176 8491 3894 3936
396 9716 4522 8028 2378 303 2995 4102 961 7165 898 3979 7980 4234 9842
397 5816 4716 3563 2077 884 265 7779 4997 5727 1523 8809 3641 914 9013 2983 7699
398 5588 5628 9807 8382 2647 3807 5927 1697 9714 4757 3561 5247 2857 2752 6030
399 8719 8291 2893 5123 140 8939 3785 7859 9954 5683 3926 528 6875 3032
400 9774 3472 7703 4690 5216 9567 5820 7138 6799 3804 7632 8386 8396
401 7112 9925 309 581 7712 165 6556 7484 8770 5373 3507 3521 5880 4199 3012
402 7394 6518 9885 3755 8158 8853 2504 9159 7851 6374 8461 9774 7413
403 5159 6602 5049 5414 3175 124 2781 9989 2362 7542 1154 7950 7949
404 7621 3829 6745 7840 1712 150 688 9228 8775 6833 3006 4855
405 6678 6461 1106 5932 960 6309 1664 2431 7454 6093 4836 2978 719 9199 9545
406 7157 5369 7054 9831 9508 2793 8639 8833 5240 9952 9788 7740 3528 9533
407 6688 5870 4401 1648 2590 1521 1082 2211 7591 4891 3035 3236 2489 912 1079 569 321
408 2384 7813 60 5756 4950 3345 1870 9746 3206 6450 169 2306
409 9248 738 6035 3372 2420 2548 3419 9855 4576 8807 4679 2555
410 8215 8520 5680 4097 7651 7184 681 2568 7448 1383 7153
411 805 5309 413 3387 9247 8952 3065 2606 9115 1111 4470 7050 5810 745 2288 7438
412 9797 815 4049 9912 2582 1357 8207 9153 7059 8053 2288 7438
413 4051 1896 1253 8191 368 5854 3709 3760 9566 3320 9114 5772 4234 9043 2643 9968 2962 321
414 5929 4142 9668 8666 42 9598 6118 3887 5661 8822 2856 6351 8907 5445 8134 2
415 6914 5764 6539 2235 7491 8997 7884 8956 738 7173 2063 6005 9404
416 4759 2616 8789 3657 9501 3478 8368 8185 1356 5624 7797 9008 5775 9842
417 7882 5782 6107 2390 2267 7473 7972 4508 9454 4602 2058 6482 5869 3877
418 5652 3297 9738 1849 7090 7627 5399 5049 4512 5855 8331 6949 9852 9545
419 5002 8953 5028 6587 6224 8660 4407 7354 9909 6202 3479 5388 7077 6913 8671 4311 6938
420 127 5291 5870 2988 895 6304 6961 7128 9006 3646 9178
421 464 3767 9682 1696 9493 3019 857 6850 4918 7708 9281 7686 374
422 4177 5642 6485 802 3948 5913 4497 8285 4178 6168 7819 7541 8166 8503 3479 2422 2240 6613
423 6665 9196 8272 2795 3126 5737 207 9005 7353 2241 5030 9347 5869 6391 523 3830
424 7887 9726 8393 3034 7654 7955 7071 9745 287 863 1256 7296 2240
425 9406 1369 3048 1586 2130 6578 9041 4273 7715 6973 5042 6730 7069 1375
426 1620 8331 4181 9956 7605 5217 4415 1718 4864 9637 2570 4974 6729 6920 2345 2595 1348 6778 2962
427 756 8608 7843 3656 6954 7781 6085 2024 353 9326 7888 8174 5401 7762 3032
428 9753 3452 7154 2562 8457 9755 9440 6112 3614 6636 472 5192 8893 8920 2962
429 3627 7988 9972 4211 7135 5257 110 9798 6822 4006 4397 786 9861 1223 9129 9533
430 1595 976 2205 7591 6339 5923 1593 1396 3357 6649 9352 7586 4884 6030
431 2331 2505 6241 9243 777 7761 6893 3660 6227 668 8722
432 5712 1423 3293 3777 3345 8091 102 9150 3349 4102 881 6850 4870 5643 935
433 6879 6884 9616 1205 8002 6089 4206 840 7215 3269 1272 4967 8177 518 6280 6547 6692 6327
434 4438 8979 998 203 2255 2397 1666 3056 1018 2965 4035
435 6052 3729 5268 1992 9201 8168 7562 6836 6952 5302 7191 4934 1776 5111 3877
436 6443 5505 1761 4288 4299 2653 4448 243 1716 57 2038 9032 6920 8387
437 1545 2710 4766 2040 779 2561 7704 2590 4913 6669 4151 4352
438 8951 2163 8647 5931 1499 9944 1310 7576 4652 3189 574
439 2258 5426 9225 4730 8434 4342 7686 487 1576 330 2978 1741 8134
440 7832 2163 5425 3773 6109 5678 5317 8303 300 7710 3032
441 3994 7466 3806 469 6160 7210 1102 6586 5734 6479 8114 9643 1366
442 4276 1936 1264 7963 6002 8949 204 453 8061 7485 3173 3753 7699
443 1077 5513 8859 6689 8582 3860 9976 5829 720 4274 7219
444 5447 1202 65 857 4139 9640 3584 7723 1921 2458 9579 1150 8710 511 6014 7105 4985
445 6801 3699 8828 4265 5399 4840 8962 3743 4487 2868 465 5700 4302 7088
446 2984 873 8025 6823 2211 140 9489 2134 5619 9033 1752 1979 7652
447 4280 2134 5850 7664 9894 8090 9421 260 2697 5465 5811 1032 2165 9761 4941 8284 2555
448 189 3554 8940 5313 8237 6471 6578 2084 9179 455 2867
449 3737 9508 2129 769 4871 6540 8693 4161 8177 7982 6687
450 6651 9222 167 9787 1772 4573 6089 1380 6126 7409 7536 6297 7342 5768
451 1857 1113 542 8674 33 9448 2675 8120 6431 8220 9990 7153
452 2006 4533 915 3738 8638 9700 5059 6412 6092 2003 979
453 6076 8864 9752 5694 6573 8538 2319 4718 6653 8947 965 2662 7240
454 7942 8413 1946 2210 7104 8438 7403 966 3184 4664
455 4685 5131 9963 8677 1457 7674 1036 549 230 79
456 8675 772 6097 3909 1807 1815 8004 2267 4265 2693 1491 5318 1647
457 9716 5096 8784 9166 6480 1104 9318 5123 2252 501 4898 2327 9244
458 3411 4724 8379 8066 3356 524 4206 6620 4403 127 5897 1528 9645 1868 3914 5677 7699 935
459 6682 4489 6987 908 3881 3200 9676 7890 321
460 1269 2686 6388 6038 3697 5018 1344 7522 3608 139 79
461 4209 2180 6406 6897 8274 2881 7692 2317 9746 2604 2718 4780 3525 2327
462 5476 8824 806 1392 4456 7022 9494 6091 1580 9007 2962 2240
463 6557 8676 8638 3475 5463 6206 2609 7356 7728 7992
464 6287 1630 5651 4100 1014 3045 3217 2246 4607 8236 9735 7610 3023
465 9704 271 6688 626 2244 2721 2490 9718 5199 3290 4730 2154 592 6137 13 2643 3012
466 2705 5061 6971 4505 4778 3183 3922 8559 192 1273 3932 8644
467 9156 947 2675 6868 4373 9375 8648 1878 1562 1315 5654 2121 7296
468 8941 7821 4421 9384 8205 4588 4952 3054 659 9228 1920 1831 7053 321
469 1682 7893 2623 4907 4736 7713 8845 7946 2022 6568 1406 6431 7434 3936
470 9440 6763 7363 6056 4077 7443 751 552 1476 562 1925 6146 3101 5156 7756 1934 6020 7153
471 5378 6003 5597 5554 7779 5121 1792 4138 4580 7933
472 8473 4980 8738 3414 2419 5875 7920 920 9859 7981 6459 2349 4340 7413
473 4919 9648 6552 2410 5920 9631 8985 4277 3109 5685 839 707 5880 321
474 9722 5301 5720 1404 9956 8895 2757 6448 6256 2749 3184 1105 6613 3074
475 713 642 3484 8195 4301 4777 8276 3225 4567 140 2746 292 3028 2437 6584
476 7954 1104 9360 9098 7389 1470 1941 6661 5841 8299 684 8688 8841 7153
477 3855 8033 8382 1694 4498 4483 9140 109 2817 7429 7782 9007 9533
478 2877 1498 239 5044 4296 827 1214 779 3303 2781 2307 2498 6511 7688 1167 6327 5748 1668 5715
479 4256 7739 8947 6496 3133 7944 9455 6585 6473 6332 1888 9534 5756 8539 9795 7902 6134
480 510 4931 1553 4862 92 9937 6169 4402 1535 4967 4199
481 8308 1643 3378 7597 3388 9543 380 1162 4644 8384 8686 427 9244 2555
482 4880 5002 3373 9152 7150 3847 3737 7513 1907 5331 2558 3244 3498 2416 4362 843 7413
483 353 779 1848 7593 2708 9302 7555 2447 4256 4781 475 9607
484 6456 2667 70 7341 3123 740 6144 5569 49 8133 2345 5869 4314
485 5011 1626 8504 5903 5955 7560 3973 1992 560 4958 7699 5962
486 529 7734 3486 8799 2300 9332 8253 7677 8446 4737 5112 9580 9947
487 8897 7613 8800 845 3109 5929 2877 8790 2372 101 2093 1457 9930 7852 3032
488 3333 8019 2580 9604 4077 5204 2004 8718 7028 1373 6358 9494 3172 6044 3936
489 1519 44 9601 6654 4328 2769 4726 9740 7868 2693 8780 6413 8601 7699 8125
490 812 2177 2190 6349 6037 4703 1997 578 7760 1355 1071 9709 5767 3395 399
491 9020 791 7203 9708 1318 3764 8653 2062 3838 4612 8614 8908 259 8293
492 6542 6904 3024 4556 1915 9241 9449 3716 8955 796 61 4719 843 5715
493 4479 3887 1635 1157 6167 1390 6668 6432 6662 6281 3158 5869
494 4537 3863 7616 3126 6250 2168 9440 1369 8215 9369 356 9841 9622 7216 7997 321
495 2563 1626 1890 9477 1280 4207 8730 9172 3457 5547 8069 3103
496 6656 163 9450 6376 4410 7531 3118 9361 7119 4973 5295 6063 3795 9777 5437 1117
497 153 6560 3065 5675 9315 9218 4248 5454 1935 9830 4628 3265 5326 8812 7120
498 4187 2798 490 2930 5828 8548 8040 6665 5575 6360 9470 2538 8830 2013 7652
499 5372 8635 3410 6013 2420 5663 7309 7573 1278 3119 7521 9615 935
500
0 6457 501 9418 5195 9145 7142 5057 674 8576 4955 2319 8140 7949
1 7089 8093 2949 9707 5000 9927 686 4750 5440 2389 7842 5339 6170 7012 3964 2986
2 4090 5574 2123 3418 9485 6371 4008 6656 699 6861 719 6712 2437 2842 6899 3521 557 1383
3 8438 7334 5692 2089 6770 4644 5644 4436 455 8990 8934 8092 6613 935
4 9793 1491 4383 5946 2015 3076 1953 2694 8267 9590 7585 9990 1238 4020 7652
5 3838 7006 2345 2248 5532 4720 6387 9459 6155 3438 8367 4705 6369 5748 8711 2422 9301 6327 5643 5715
6 2835 3132 632 9722 1652 5466 2104 5470 8636 4192 652 6262 3792 7413 6101
7 8312 3131 8481 3591 8944 4918 7888 166 1261 4356 6149 6613 2288 321 79
8 3878 4566 3033 919 1850 498 8319 9927 8188 8245 1655 4984 683 5005 1079 7481 321 1058 7762 2240
9 8806 6542 203 563 8888 434 7339 4087 6658 3113 3543
10 6077 5035 3959 3639 2510 5943 7581 8904 1870 9807 3923 9551 5902 991 6258
11 2126 4631 5206 7257 3881 6572 3871 5361 8483 3720 9842
12 4622 9550 1849 5312 4347 7869 7907 7481 4288 7816 122 1752 2288 2962 2327 8125
13 7308 5606 341 3722 3721 4060 2720 3895 9210 8917 468 8125
14 9715 6590 4095 6552 8383 7417 9888 2937 4966 2340 935
15 815 1493 9474 4731 3739 4678 3972 3121 6983 8658 944 6973 1869 3869 6482 2240
16 4093 8390 2251 3345 9081 5455 774 9141 2285 6573 6643 551 5333 8922 5752 5964 2327 79
17 5284 6837 2691 1314 4889 123 464 9576 3901 8008 3699 3830 1625
18 362 7884 367 5010 2220 1572 1954 1077 6313 21 7641 5486 9602 7153
19 7657 5781 5196 4085 1592 4591 2846 5206 4806 2532 5316 5141 3103 321
20 6832 831 8927 7844 1080 8264 4788 6026 4214 6781 5893 5526 2892
21 8382 5814 3978 5126 9225 6686 156 5649 581 6453 9013 7699
22 3940 2835 2020 1753 8066 2096 7921 9511 9080 4651 9688 9968
23 9411 6713 6841 6393 366 8158 7036 3488 3105 7121 6334 2740 7607 9199 935
24 5961 6634 3630 1927 9709 7014 425 6925 2834 4181 6606 3364 9303 478 7713 979
25 7322 2827 3092 1517 4940 804 9546 9707 7173 319 7715 2986
26 4475 715 1826 4911 4365 3262 1894 2195 9676 1711 4788 2299 3115 5459 8135 3103
27 5722 9590 3813 616 9241 2924 3171 7040 9662 1953 6554 1611 9244
28 3027 5289 5694 3887 6107 5151 7477 3639 232 221 6458 9842 7153
29 2363 3613 8468 2302 1579 3489 6124 7350 281 3192 5615 9292 6978 6547
30 1500 7249 8442 9141 6571 5082 40 3797 8813 403 237 3020 2666 4314 5962
31 6132 8515 1595 2313 1924 9938 7671 7455 8729 8371 6361 5671 7055 5677
32 3862 4332 1440 8845 7052 2947 6749 1177 2454 8340 2577 5715
33 9237 2742 5460 7174 998 1368 1261 4684 9047 1791 9144 2480 3894
34 3194 4725 91 2291 453 9517 5228 6627 790 3552 1737 79
35 5244 180 9687 7689 2880 7777 3214 3481 4600 21 3521 2962
36 9471 4872 1936 137 3983 6952 9599 2549 1893 7899 4314 7880 7153 2962
37 5252 9343 5289 121 1377 7909 2846 8067 7657 1208 5796 79
38 4595 3424 5261 4174 4019 8673 1624 3896 3778 5448 1534
39 8868 7823 955 7900 8346 3534 5744 1049 852 7806 7949 2240
40 4248 5995 3736 4725 4826 403 986 2906 9622 3758
41 5681 2132 888 3242 525 2313 4583 9666 4892 3161 977 4901
42 8595 3707 7296 6241 2985 8120 7648 8226 5368 9588 3704 5880 935 3012
43 4791 6597 2131 2428 8522 1219 2465 8315 2493 3880 1080 6203 9465 1534
44 8676 9769 6038 2346 9898 1244 7261 5375 116 7595 1076 598 4958 7 2666 3783
45 6601 3177 2715 7009 5110 3452 465 3782 8056 55 6050 5655 6101 1238 2
46 3733 8437 9499 9936 6448 6902 4785 8164 1399 7402 1552 7762
47 2332 2065 2878 391 4152 4243 7373 2629 5384 8329 3653 3597 105 6613
48 2116 8102 7230 4743 7594 5755 3696 2631 6646 8308 1753 5163 9199
49 9771 9186 4249 7764 7649 8422 2270 1832 7154 8520 731 311 2240
50 4900 52 3042 308 2872 9149 5919 3228 33 5988 5103 399 925 7652
51 6660 8208 2172 6239 4576 1840 452 7104 714 3758 1984
52 7779 296 1082 2584 8545 7980 9046 4451 421 1784 2962
53 8 198 3418 3375 408 8042 1717 1377 8024 4823 4766 420 5412
54 98 5733 1577 1561 4631 1859 3955 6304 7336 7553 7575 6101 5869 8994
55 7594 1202 3398 9870 736 5050 6422 8751 8911 3885 7240 4035 3830 2962
56 3248 1417 2375 1574 5355 5663 779 6702 5365 7430 1498 3377 2121 2962
57 1024 6038 3330 2401 6124 7347 3405 6936 6704 3715 4360 5112 1798 3012 5064
58 8630 3729 9692 9284 6201 2218 1484 6832 5180 7414 3600 30 6855 7762
59 9081 1527 5092 8771 772 127 9816 7489 7354 3276 8601 399 9043 3012
60 2083 8360 2731 1654 4373 899 976 366 4029 7237 979 2437 3074
61 655 3747 5583 7881 5386 7702 1570 9013 4398 6292 4401 5391 5993 2720 9935 1530 2304 5572 9023
62 1266 8992 8481 6329 1059 9459 7638 1255 9487 6458 4035 2240 5715
63 6382 5119 8463 1357 1881 4677 4121 9128 8293 79
64 3274 2373 4869 7359 1760 2073 7006 4538 1609 1774 5962
65 8770 1781 4773 5530 5876 3690 2388 1609 2188 2915 9803 8328 752 1984 9903
66 3065 2023 5766 4850 1919 6877 7096 1797 2372 6137 3700 5445 3894
67 3400 5534 1347 5722 8239 8007 184 9969 2057 4406 869 8284 6020 2962
68 3691 2712 1029 2614 4274 5693 5381 3090 7377 2574 4282 4343 4531 6101
69 3799 2915 4319 9266 6443 4303 1111 3120 6873 9091 1587 3842 76 1299
70 8538 23 4830 1302 6415 540 3392 3908 5436 2655 7997
71 2723 8493 4356 1425 598 329 6505 2515 8162 1671 3687 6574 787 7864 3836
72 2947 8977 7789 9537 8215 1988 5499 5878 9369 7163 6254 2345
73 8366 9517 4638 343 3264 4359 235 3150 6713 6213 3750 6938
74 3626 8757 5394 9536 2235 1294 9051 2988 6296 7438
75 9306 3624 2854 8801 6023 7681 7461 2435 1242 9955 8396 8491
76 3156 2433 5676 9855 8570 3709 2850 1288 1065 9981 5451 412 2555
77 9858 7492 3773 5103 6647 4045 9063 4220 4553 7025 795 3244 352 6613 321
78 6522 7942 7631 6432 3080 1779 1622 458 6396 8402 2611 6855 6986 6827
79 6763 6685 154 9835 4875 7568 9508 2364 5026 2295 9917 3276 5483 3074 7732
80 6627 1645 9978 9241 953 3313 5799 6329 9055 7117 5973 8858 3375 5457 8841
81 9957 6231 6704 5039 5022 7810 3742 1530 6619 9688 7438 2240
82 8817 3189 6661 9216 7113 4608 5109 9500 4253 2507 7123 7085 1299 6613
83 8001 6818 4503 9417 9828 7597 5621 4211 5842 7454 979 7759 6537 7732
84 636 5350 8226 7143 1960 4169 3680 9679 2767 9829 3575 2554 5887 2962 8125
85 5268 7507 5046 6122 7953 3782 3276 528 1911 2498 1912 5433 4068 5304 6534
86 2677 7876 9441 297 7528 869 854 1969 4460 9795 6101
87 8169 98 1122 2590 3974 6860 1941 7716 9121 5913 1558 8235 2085 732 1534 9270 1238 7133 1979 79
88 4293 1296 8350 2143 4484 8405 8557 3417 3437 8541 141 7752 390 730 5359 7949
89 1280 2145 7016 489 4954 4322 8664 7473 4943 7639 9703 2183 6584
90 2402 7911 3132 7220 7953 5589 9373 393 5810 7088
91 797 6958 2578 7072 3573 2351 196 8724 1029 9646 8049 3836 8994
92 566 5822 2441 8960 5688 4594 1007 5737 6210 9551 2164 6833 1871 8387 2
93 9474 6969 9152 1481 3283 9408 8155 2141 2516 5890 7180 9050 8887 4941 9023 7179 7296
94 6144 6315 2370 4578 6950 2540 9904 5466 4256 4654 1510 5788 2555 7949
95 6188 4297 5018 9820 8460 5872 9242 9170 9548 562 6130 4252 2058 8105 7652 1668
96 750 3181 855 1286 2236 3120 9986 4379 531 6778
97 5169 1370 9484 9415 8199 6489 9894 7108 2961 6327 7949
98 5059 2207 7917 4788 1565 7905 8133 7998 9194 789 1479 8061 7349 4526 2615
99 4861 8353 2331 5402 2412 3191 2334 5986 758 8145 2155
100 2379 9110 1617 4144 1897 1555 7856 4693 8179 9348 1930 1960 3914 221 1401 2962
101 7592 9527 3170 7640 724 5124 603 8739 6128 9901 8618 4680 3795 7133 7699
102 5107 1418 6733 2675 6607 6637 9372 5511 4212 2349 6465 3012
103 315 385 6085 1147 6106 6656 4182 945 4112 4305 678 2923 6467 4326
104 3710 2055 6094 8358 5135 9446 1714 5232 6299 6597 2411 1216
105 103 6493 4023 8033 8829 1069 9142 8881 6616 8910 7732
106 9962 9 5836 6885 905 1568 249 5987 612 9376 4967 148 1125
107 1909 2428 2826 6882 316 6272 44 3701 3199 1042 9669 3982
108 4058 2998 8037 9693 4837 4549 3987 6563 3295 7806 3830
109 4135 9532 1468 9100 2093 5315 995 7711 1601 2327 5715
110 1992 3299 6745 2796 9524 8394 5886 4480 4261 7087 3106 9903
111 6710 5118 6146 6516 8394 3490 1663 6581 1139 9207 7355 259 1668
112 4506 6577 1008 6857 8574 8118 7560 6411 6042 6907 6482 1534
113 7804 3192 3943 7891 4682 5485 1732 1916 9521 176 7833 8345 3981 1668
114 563 9262 3616 2556 4551 5126 2334 7913 9685 1391 979
115 7228 415 375 1210 8260 1998 4347 4041 4670 8418 2526 9733 8470
116 1975 837 5008 906 6065 8146 2282 562 2287 3602 5412
117 1823 769 1039 5439 7314 3420 9285 4513 6638 2675 1557 5762 7883
118 1386 1130 3496 3171 6075 4991 5654 7433 2519 6798 8082 4772 6485 188 2 3894 5715
119 9658 8837 9891 3094 4046 3818 9746 5664 2948 7614 4501 9848
120 1894 9343 1320 4015 9976 895 9698 4203 5187 1770 4220 7716 2112 8256 6625 847
121 9208 2503 5761 9340 8233 5986 3137 3695 5703 1502 2736 9930 6613
122 323 103 4947 5670 3619 1101 9180 6209 7961 6490 783 6545
123 3570 2154 2769 5976 4001 8440 1799 1067 2922 7762
124 720 1796 3667 5809 6125 3445 1151 4116 8120 6073 79
125 4608 2705 7993 8868 4928 809 5679 2066 5465 8775 5147 8887 9253 4871 6324 732
126 604 9361 2110 6693 5415 8056 5083 3766 3902 6629 1121
127 7465 6185 1116 3916 1717 2351 150 8389 2366 4572 9414 6613 5507 2555
128 8621 7723 9196 3977 4873 9371 7141 7381 2002 7276 8054 4264 4345 7852 3144 5412
129 1757 6231 7490 9483 8195 7719 7329 8092 3011 753 1735 5724 1181 3837 9681 139 2058 1256 6938 2
130 7827 5298 478 9063 7242 5850 1431 4902 1019 220 5748
131 273 2381 3860 7131 6607 3925 9804 7444 5342 4 1850 1552 1625 3894
132 4070 9614 1124 2657 326 8443 8968 8524 6789 1901 4476 30 9153 220 7519 8431 8994
133 9781 3390 4017 5203 962 5803 5652 6256 3158 8994
134 8504 8094 8712 9920 4000 8606 680 7433 3681 6551 8218 5752
135 9456 6735 8263 2952 2450 4312 1021 1020 8608 7050 8609 7933 3468 7709 9968
136 8162 6548 567 6194 6051 7247 2547 4688 6952 4471 7771 5775 79
137 5127 5456 9857 2706 4039 338 2308 9912 3027 3998 6771 8217 1670 9224 6534 2986
138 319 296 1030 8665 9279 5931 1339 9617 8728 4412 8716 9533
139 4173 748 6709 8160 9875 8971 4239 8136 4376 4832 5007 4647 1668 2288
140 3096 6339 303 5843 4284 9871 2200 602 6824 5854 1476 9199
141 2243 9630 7313 1798 2625 5977 129 4013 2141 1879 1560
142 6735 4432 5928 4846 4329 2270 360 5920 6757 3870 7267 2058 6020 3982
143 1459 5603 3311 3026 7381 4577 1573 7396 9416 2439 707 7997 8406
144 3780 6192 1967 59 7107 6886 6364 8279 1948 6509 2318 3427 2114 569
145 7935 7359 1284 1983 6257 9068 4259 3616 5230 9443 9007
146 1162 3838 7561 1007 3428 2953 1114 7832 2315 8227 6538
147 7201 5403 62 2947 4597 1801 7458 5139 9735 6409 1391 3801 4377 5715
148 2119 3508 5707 1960 5942 9789 7464 8844 9666 9312 3192 438 5605 410 6424 6731 4561 3827 8125 2
149 8750 4651 920 470 859 8277 8323 1514 5785 4378 7883
150 6033 5409 8756 2402 9050 1933 5110 8931 4873 1218 5743 940 1418 3982 5156 5412 4765
151 4933 1532 8318 392 8967 5410 9379 894 7759 7883
152 3323 2750 9761 6607 4932 1518 2275 7821 4973 100 7563 4450 3706 8599 7699
153 8255 5564 6619 4316 5870 3557 1838 3677 1858 2149 5661 1259 2604 7254 5801 272 7693 4326 7699
154 7158 6348 8444 969 7966 7262 8305 9534 4330 4108 3936
155 7689 7069 1199 4191 9934 4933 1461 6098 5532 3433 1867 9548 1871 8134
156 6416 5851 5727 5953 5919 9049 4645 2811 459 7841 527
157 9196 2958 5121 6899 6961 482 2574 6267 5952 763 8040 7050 518 9244 6982
158 9530 241 1976 7589 2754 6034 5361 771 2598 90 7001 9758 7210 4967 321 3012
159 4370 1825 7966 6498 3459 820 7875 3173 6231 5468 7120
160 2997 3745 7894 4553 9490 695 7066 3025 547 3117 8114 735 3255 4957 1625 1774 3894
161 8714 7580 8312 100 87 3034 3963 8466 400 3178 6193 8027 7153 2962
162 3825 4827 9978 2777 1945 3815 9782 4285 7280 1560 3728 7652 3836 2555 6613
163 316 7700 5564 3848 9505 318 5615 2235 6179 8713 3700 1752 2121
164 9530 5114 9743 5086 827 2925 9207 8226 1809 5163 6049
165 8774 3175 9532 1292 5114 5529 2111 285 1528 3132 1858 3113 7240 7438
166 3666 4895 2647 7433 2185 4729 7590 9604 9966 1017 4812 6498 3326 8183 935
167 9691 533 1548 848 1107 7346 1193 6627 8530 6615 8947 3757
168 2863 35 6192 9364 8619 8481 3868 5763 3291 3515 4055 5413 5322
169 4244 9455 1321 9692 2885 2017 1280 5186 1344 2729 7859 5907 8450 1353 3982
170 6628 3286 3959 948 1160 4597 4061 5538 68 4834 5698 148 2
171 8737 2967 7173 4047 6993 4698 2486 8411 8237 8458 5904 7206 5775
172 8732 5142 5481 1155 7100 1428 3292 6922 8569 8607 7354 1491 5902 8116 3982
173 5522 9509 5919 4117 1564 5976 2677 8975 9017 9283 9270 79 2288 9139
174 7898 3637 8521 5382 6397 3325 4247 771 2454 8180 5322
175 3523 4223 2515 7327 4771 3508 5773 9254 5135 7447 1356 5379 7521
176 3219 9098 4897 7524 4334 6277 3610 4442 5608 8184 7043 5768 1956 7206 321
177 4152 4572 6860 7847 7217 7262 1643 7666 982 4752 2782 7791 3012 8994
178 7002 2999 3402 6348 629 5378 3789 716 6433 9481 7105 4340
179 6941 7188 3993 3239 939 5411 4563 5171 642 1570 6524 3125 5930 5912 148 6258 2240
180 4073 6200 8190 1180 3536 6746 2633 4563 3895 4527
181 5001 5427 3892 6642 5367 158 974 3 4979 6584
182 6628 6639 5327 8318 8738 6926 5006 7308 8334 7210 6161 4170 5885 4151 5412
183 317 5159 1508 6397 6553 7907 351 8604 6909 3584 2 79 935
184 4431 1280 3702 5683 9187 2433 591 1989 8534 9608 8585 7497 4805 4027 8644 8994
185 1964 725 1077 5691 277 6674 2110 4000 4018 7732 7285 412 2327 3012
186 886 8238 1065 6131 9912 2423 4894 7398 6822 305 9548 9677 9848 9007
187 6882 6764 2952 7311 9207 1537 1340 5827 221 4967 2
188 9339 7552 2153 4181 3682 9278 5143 1126 5182 4526
189 3209 587 2172 9779 8360 1493 759 3313 4210 145 4843 1429 979
190 9318 3875 2519 345 9893 1749 4130 4162 5759 8453 4805 9605 7374 2791 8716 3074
191 2213 7436 7824 1017 4563 4483 3002 4743 5546 5389 4962 3728
192 1087 6970 2910 9189 7894 5290 9895 4968 2569 8314 7771 9836 5572 7762
193 4215 292 8201 2415 3852 7155 6037 7910 8095 6899 1042 4901 321
194 4637 6345 3705 5382 1258 9530 3411 4053 406 9260 369
195 3782 7114 8859 7777 5316 9606 1189 6191 7977 372 2599 7887 5451 2962
196 1002 7350 563 1010 2581 4025 6354 4067 5829 6526 4624 8491
197 9819 3511 8080 3951 9698 7344 9173 7622 1597 9699 3092 6187 4909 8125 935
198 1698 1203 6609 4019 7940 6320 3985 9974 9124 5887 3936
199 4472 9782 972 7524 9895 7926 5294 5661 349 6223 2842 3545 7736
200 9022 5625 8362 8656 2389 365 5382 184 6382 2550 9036 5412
201 2536 2832 9504 3571 8433 6695 7225 3221 2827 2704 321
202 5296 6741 9479 8426 6884 3461 3952 5595 4627 6374 6669 3513 7240
203 7257 3975 3038 9663 7825 9627 8357 8801 9097 1327 6748
204 8263 6244 9862 8449 8547 9740 4697 3433 5672 7837 938 1265 4923
205 4814 8011 7680 1055 9064 8461 4908 9905 7802 9649 3699 3543
206 172 6956 8746 446 9514 6257 5870 8310 6609 8137 6729 7367 6534
207 2068 8547 7784 3128 3415 5662 6107 5487 8829 5557 3453 6528 6296
208 1426 6243 7555 8077 6969 6707 1023 143 7434 3885 5507
209 3500 3544 8074 2081 8752 4082 8820 9810 6180 4317
210 2335 3755 3532 1381 5213 558 7942 1756 3669 4588 122 6698 925 2155 2327
211 7670 5614 2878 5532 6703 6574 3149 5045 4186 1754 583 9374
212 2934 7416 7461 4106 9414 3301 9210 2909 7025 8157 412 1668
213 6561 9683 6354 1577 9478 8898 3333 8988 8244 7160 4628 8566 1822 2892 6404
214 7253 1318 8807 9307 2693 1901 5286 5647 5731 2306 8265 7969 2611 3545 1986 8212 5677 5219
215 5453 8855 4740 5169 7617 3631 3447 153 1104 7571 2526 3783 427 7153
216 849 4040 4000 6479 8529 1651 3049 2524 6263 9145 513 8662 4080 1546
217 9542 2317 7471 5744 3164 9237 4972 8916 4572 7812 7138 2175 8994
218 923 8720 3277 8152 3886 2137 8312 4124 5347 3883 4901 79
219 2795 1533 9490 2463 6164 23 6052 5510 2235 261 385 960 2927 838 1984 5715
220 7990 2479 7326 8976 723 6562 6337 465 4843 9498 5386 3032 2288
221 7824 1006 2559 8617 6997 8948 6731 5377 2871 7231 8581 7864
222 334 6209 5016 8219 5951 3436 5320 6588 4343 7234 6101 8812 9244 427 321
223 5066 5109 324 9314 4673 5179 4569 6710 9654 9330 1960 7100 4222 2019 7206 7698
224 9661 1403 4727 8573 1818 8675 178 8352 4927 237 7659 2962 8994 9968
225 5367 3152 3582 8570 4655 7893 7809 8849 2508 1590 2574 7356 6608 6054
226 6612 7307 5476 4003 3694 1114 1548 9098 5280 6537 4340 7949
227 5170 7292 8661 8038 5558 2793 5117 6918 6367 4455 1031 9065 865 4639 7713 2240
228 6364 5938 9421 9556 5106 5256 9472 6976 7912 2485 6153 7880
229 119 4936 6368 563 3341 8963 7650 5708 8005 5715
230 7881 728 1201 2644 1297 1481 9495 7686 6386 3383 3815 3545 5507 9007 7153
231 4482 59 1567 4099 7472 9804 2628 4217 1497 3495 4356 7087 8932 7280 9842 2240
232 4835 9878 8514 8715 9197 4266 7453 315 8894 9415 2734 131 8104 352 1934 2340
233 4956 554 1566 6255 8689 8435 896 3881 2030 3623 7175 1329 9224 427
234 3834 8057 8034 2819 1326 5803 1143 729 7336 4340
235 2253 5037 1594 1813 3690 2908 9824 9712 7472 6139 369 7997
236 9811 4954 2225 482 5044 1163 6793 4964 2245 2565 5294 5925 7026 4035
237 160 6203 392 5635 927 6317 73 4453 9710 8428 1625 1668
238 1817 2517 6575 6593 2789 6312 6530 1057 6949 1774 1299 2
239 2825 8040 4555 7789 4042 3224 8729 8250 3973 6223 2760 4679 5848
240 8640 386 6912 3890 7249 1697 2952 930 9325 5038 7517 7791
241 2408 3083 9728 1718 1645 4275 3185 3600 90 7864 79 5962
242 9039 4139 1114 4205 7161 2541 8796 6875 6949 6980 5848 9244
243 1807 6410 7051 1911 9648 2550 9150 8402 1877 6358 4043 6354 2240 5412 2288 9007
244 6116 9366 5785 4015 7315 4631 2038 7416 4964 2232 3607 133 5437 79
245 4224 6587 3907 1584 3500 6504 1822 4251 8605 2768 3097 9335 6385 2123 753 4326
246 6223 688 3592 1907 9356 6604 8112 7268 3612 2329 4297 5981 9933 9349 8462 3074
247 2181 7215 1011 9717 7334 6760 8103 6947 9511 2589 4350 3584
248 5461 5332 7774 3127 6784 3971 330 3100 52 1826 9968 2327
249 8622 448 9210 9807 653 341 9667 601 2536 4120 5286 782 7133
250 9402 7527 7966 5594 1709 1586 3127 7920 9843 2756 8594 5580 7899 979
251 2067 9980 8340 5963 8571 7042 5019 2666 439 6597 4355 4442 88 569 1524 925 8406 7413
252 1326 8971 195 5365 604 5131 7877 3267 7104 6666 6161 7545 3543 321
253 5299 1437 9817 6818 5655 9891 9298 3148 7419 6877 2569 1763
254 8347 680 7493 2816 7729 4238 5780 6172 9621 6544 7790 3023 8711 1668 7413
255 6476 520 6768 8255 8234 658 8708 7037 8068 5835 4058 5703 4870 9398 205 4176
256 8435 6682 9773 119 5207 7573 5370 1303 9936 5849 780 6082 7575
257 4417 602 3557 2954 8078 8967 7409 2189 125 5957 3945 2310 7057 8672 6359 1790 3982
258 2693 1014 3971 3615 7660 8171 6061 4404 4013 9763 2460 5848 1121
259 8149 164 305 72 9231 7428 5529 3332 3059 4170 6022 881 7266 9688 2114 4901
260 5280 5423 8798 1828 4099 7666 9054 3040 5079 6768 2071 7474 1343 3894 9007 3074
261 836 9522 2454 6527 4047 2720 659 845 2231 8520 6060 5322
262 741 6452 6708 1035 9457 8605 2313 196 8319 6001 4580 1328 7285 3543
263 6342 3999 2203 7875 2952 6776 3971 5158 7222 9197 9244
264 4119 1335 4227 7963 8202 9045 2119 3813 5392 8486 3044 2136 5962
265 1828 7301 6900 7165 7338 6893 2271 8521 4059 394 3268 7771 876
266 6745 568 1099 1235 3809 4240 3867 5193 4985
267 6713 3466 3990 4854 8353 4837 2668 6248 3904 3799 2833 3408 2192 8716 2240
268 9606 6942 7043 5464 291 3255 5943 3482 458 2544 4572 850 8711 9007
269 6098 4172 7464 9781 8940 4382 5118 5937 730 673 3507
270 2166 827 6435 94 9742 7577 4911 4738 2956 8425 5386 4020
271 4253 2317 2664 3979 3805 382 3399 7540 6503 2966 3408 5097 4314
272 5279 1036 7203 480 3381 9030 185 1805 9976 8050 451 4359 1353 9968
273 4980 5864 8273 5217 8549 142 1092 270 281 5292 6067
274 5370 8532 6452 6292 3131 8972 1829 6286 9389 7829 8722 4020 9842
275 506 5255 3614 1973 4435 6669 3375 8822 9022
276 445 7854 8521 3600 4892 4815 8514 3415 5805 2000 3064 569 8994
277 2443 8483 5707 6477 455 9328 4723 1310 9128 6870 1133 5979 9444 7997 7699 8994
278 383 8996 5142 9249 7792 1655 2239 8684 853 6863 4226 5834 2340 9533
279 8901 1338 1712 7090 6136 1727 9146 5789 7409 469 8685 4679 9968
280 976 3327 8222 6990 1376 7379 2027 7824 9141 2442 7754 4691 5775 3830
281 966 1451 9821 5499 1755 1562 194 4254 5251 9298 3547 7730 1900 9211 4527 5880
282 7587 8482 3011 6591 1855 4756 7287 4589 6046 3397 9107 3103 2121
283 4796 159 5476 8182 8429 8154 3948 441 8741 6746 9340 5267 3354 6134 3074
284 6320 9490 7647 5010 8739 5824 9157 4090 4389 3956 3552 7929 8896 2114 9968
285 7901 5730 7150 5605 4867 871 1920 8813 2743 9668 7602 7259 1358 9834 321
286 7654 5613 2765 8540 2297 1247 7662 9984 2161 5129 3184 3012 7153
287 4410 8025 6398 8111 5103 7686 7571 3473 7021 4474 8392 937 1134 3936
288 1991 8529 3209 109 152 6750 2225 5795 189 89 6946 6970 3089 5448 935 2 2240
289 3492 4484 9859 6760 265 7746 7270 9445 1566 8722 5715
290 9860 7318 6573 8819 9442 4029 370 6086 4945 1136 3362 1876 5053 7949
291 8891 4672 5018 2925 5243 1541 4491 7501 3601 8440 893 4245 6285 7762 79
292 6971 8192 1802 3300 1127 9951 7347 3278 971 2029 1058 9968
293 744 1845 9698 9535 3808 3293 5903 5795 7855 2373 5061 1517 1341 3889 1496 6545 2013
294 2841 8996 6215 7043 1129 1347 6526 7608 6887 1579 4354 1496 7438
295 9675 2863 8801 118 3293 4013 2764 3618 3404 9176 700 199 412 8994
296 1323 6366 8642 9341 9067 6770 8681 3313 3354 4744 8473 6490 6065 7742 9990
297 151 5971 6658 1208 5263 9159 4940 8122 1840 5623 4200 1734 752 4787 9848
298 8057 1622 8200 3434 824 8476 9064 8593 587 6837 2135 252 2349 7992 5677 2288 3894
299 44 4672 7112 7565 7890 9221 500 872 9456 8733 238
300 2029 4981 5382 9579 3697 6896 1537 6647 1156 9554 3474 8217 8054 7852 7133
301 2776 2758 1371 328 8230 3659 3820 976 4195 7092 7069 1348
302 3198 9173 7567 8941 9371 1743 2009 5082 1930 4934 865 3842 8484 3877
303 6605 3021 8021 4713 3996 9188 7937 3412 4140 9208 5899 2121 1299
304 3136 6930 3069 9755 7157 9752 4 7083 5798 3231 3792 7762 2240
305 2092 7338 9340 1690 1054 7223 5119 4389 6066 6044
306 8549 2932 4835 6527 3653 5466 8018 9024 4307 5297 9145 9733 5783 7949 7699
307 3911 4996 52 7546 797 4818 8135 3522 6161 6465 2327 7120 1668
308 9092 7226 9158 2390 9547 9825 4829 2697 9761 5534 2652 9822 9931
309 7584 666 6294 2920 4440 6619 4605 3086 1106 4077 1905 1721 4626 8462 2
310 7654 6736 3233 3366 1297 5078 2714 5375 7487 2130 6405 4035 2986
311 3754 2584 2640 6330 7800 5411 3001 8688 4821 6517 7445 6875 9129
312 2829 4315 7221 6464 6242 8024 2223 6508 8624 4330 1574 6258
313 4903 2206 1381 9811 778 6119 4564 3201 4913 8149 2936 8686 210 9834
314 5912 7645 9390 2905 674 2626 6105 9960 4652 6717 8040 6521 476 1774
315 3180 2815 893 851 8270 3828 4267 7526 694 703 523 6327 8125
316 5354 5945 9425 1024 5572 6145 9987 6041 2156 424 3433 2414 7883
317 5388 163 1881 1794 5450 7916 6720 5961 8505 3826 2704 5412 3074
318 5432 7618 6540 4127 9650 8335 190 4722 9200 3277 3588 7418 5416 3374 8716 7880 8431
319 3953 4858 7500 8079 8237 7522 4840 5363 5521 946 3092 2858 2773 6537 79
320 7721 6567 3162 4579 4335 98 8388 6599 3465 2037 7977 8978 6100 9533 2962
321 8318 5418 658 2694 9698 1473 1178 1132 2101 9424 4837 6298 745
322 4360 8940 2098 6235 4625 2684 3085 8542 8883
323 7157 2860 6504 6864 5938 4477 9070 5564 6082 5762
324 3763 2977 8292 8604 3461 6346 7743 885 4351 6139 6785 3836
325 4543 605 7965 7358 1475 9154 8755 4668 7554 7997 9139 5715
326 6300 6354 5498 3417 8286 3352 4684 2168 6334 5623 2148 8376 7598 1896 1043 7755 1774 6635 5064 427
327 6854 6164 9238 9873 8418 9737 6005 8549 3296 1713 7198 5500 5451 6938
328 9996 905 8734 9591 8725 2738 5506 1493 1186 3602 9848
329 3980 5537 1678 66 350 9622 62 923 3195 2184 2643 2962
330 9234 6085 2563 8654 519 8827 4952 7078 6112 1433 9347 5880
331 3217 6989 351 1527 2853 3618 648 2644 610 3981 2 3982 2240
332 9630 5388 5415 4917 6637 47 3769 8529 3273 5668 8345 7429
333 3439 4769 9668 4062 7504 1427 4937 47 5547 3129 56 4824
334 2472 5716 2315 6425 2514 9736 9409 2243 4089 6494 7367 527 5307 3012
335 4438 2869 4141 9210 4841 8091 7095 3044 7991 9352 1040 4739 8836
336 592 3315 8114 7227 7757 7559 6119 611 8731 1348 8343 7710
337 5012 7624 714 6801 573 8697 54 5225 3747 3672 411 7320 7949
338 9038 5190 1248 7067 7576 4636 6728 937 9347 8702 6563 4594 5208 1206 5458 2962 7949 5962
339 6009 338 2069 4368 1041 6494 6136 2941 4271 8834 7481 6030 1774
340 1974 3442 1616 2680 3338 53 7522 4793 8402 4147 7023 454 8387
341 8192 8413 5736 4564 9345 6117 5953 2220 8528 5677 5340
342 6893 2214 3958 7059 7817 7409 4713 2607 8356 523 3967 6201 3759 6001 9545
343 5030 1439 8772 7059 2445 5603 7448 1844 8321 9077 6977 8248 3012
344 9832 3953 4589 5126 8410 4533 5015 4615 3901 6248 5644 9757 4901 476 3758
345 4548 6619 8976 3525 2208 2049 4153 685 7287 6809 4752 1353 4020 5715
346 1200 6120 3800 2540 263 6990 873 4349 2545 6909 2856 8343 5848 1534
347 314 507 7431 6884 2483 3389 4582 6814 4627 4328 8939 4068
348 4593 5960 5079 9811 3645 942 8038 6070 4400 6712 6938
349 3516 2719 4466 9412 9513 3987 6090 5598 1181 2212 8484 9075 6613
350 4250 542 8107 6151 2969 5573 6792 2249 8862 3479 7126 4021 6021 7883 7652
351 1626 4942 1037 4081 3817 3286 2419 4280 1644 4672 7562 5973 5638 9014 3376 321
352 8310 2034 9314 9067 5868 2298 3471 3411 6186 5846 7208
353 6762 8167 1694 6758 2485 1128 4704 399 2839 2885 4877 6430 4199 55 3543 9461 8406 7240 321 3074 935
354 2105 2189 2708 8564 891 7042 9876 923 5766 1316 6331 2790 4340 2904 9533 2555 5507
355 4115 9092 3039 1316 4830 8749 3814 9223 6635 427
356 5162 8588 1955 8670 7464 310 4030 9170 5184 1566 5245 5898 9806
357 102 9827 3370 2572 7925 9750 2849 6658 4975 8269
358 7408 4493 9143 639 2384 9489 2459 6702 6491 4424 4714 456 9898 5248 3032 2240
359 5237 8641 3133 9711 8749 6112 6072 4573 4530 279 7037 2155
360 4747 4928 1140 6096 5936 7796 9825 384 5721 8659 1667 1501 8268 8919 8325 5340 4020 1625
361 5938 1108 3129 2678 2384 4453 5181 5770 9872 6680 9692 3043 1668 3894
362 34 2499 828 318 2935 631 4744 1767 5750 7948 272 4520 2537 2986 321 2962
363 3769 3441 3941 4722 4743 7877 2522 3487 8983 7191 9898 6778 2643
364 7415 6411 982 7716 5792 6462 9702 2118 3745 5737 7151 8345
365 2861 8468 446 8662 3800 2674 5573 512 8077 3280 5288 6549 321
366 6769 8324 9846 8438 8009 9370 3420 9845 8265 3697 7945 2856 6613
367 9234 9220 316 3589 8955 5376 3108 6113 4068 5099
368 9116 5382 4255 1722 3614 5876 7498 5965 6032 4580 8062 7883
369 5705 5530 472 4154 889 1051 6253 2800 3843 4793 8236 7880 6537
370 8911 1943 8603 3328 6079 2845 9304 7302 3058 9200 1079 2904 3936
371 3274 5529 4090 7072 7183 6276 9886 3716 1952 6448 2653 5604 1299 935
372 2882 4990 1350 7783 9722 7972 7469 9994 4334 38 1657 476 6938
373 3419 6856 4521 179 4767 3375 4956 6345 79
374 8066 4270 7768 6339 2202 8740 7150 9159 4027 8711 4352 6938
375 7079 5587 4488 6273 3718 7019 9678 9232 7518 3515 2340
376 3200 6234 3563 8386 2863 9705 560 6950 6897 2484 1132 7184 2321
377 2015 5610 4713 7730 3910 7381 7137 2586 774 8195 1611 6021 6827
378 8222 3851 1078 2017 5813 5258 2605 7396 9115 8846 9276 4517 3371 4199
379 6835 4770 5829 4895 3671 4708 1468 3672 5772 9480 5543 1668
380 9428 512 3666 2468 8033 4969 1944 9150 4412 9433 415 8092 8290 3894 4199
381 4395 4593 7718 9424 9628 86 1303 3425 7262 2533 2555 3877 5715
382 1713 4049 5503 8430 4478 7566 5853 6521 4050 7696 1981 1299 979
383 3589 9377 4633 1387 841 8521 7661 1849 2639 3591 5794 8663
384 7892 1568 7964 7080 4447 7934 3754 9661 3715 1053 6962 776
385 9400 129 9894 4724 3603 7336 6336 9692 3282 2750 9542 6739 5275 2409 8830 7762
386 8026 6639 161 3448 6780 5183 3858 7232 130 8451 8320 7874 5104 6550 4071 1429 5715
387 3256 2913 36 9321 4490 6148 7381 8446 7672 2740 9970 7267 1343 9533
388 9949 1586 6878 320 6461 7772 3031 1304 2627 3936 7153
389 8280 2829 6174 4462 1958 9216 2901 5375 5554 6133 159 6487 7
390 1272 9484 2656 3151 6854 4761 8808 258 8233 7053 935 8994
391 6142 8292 2609 4392 5376 3289 8202 8939 5661 2643 3877
392 3211 7196 7659 2043 2504 3293 4510 7872 9663 5846 7932 6692 3753
393 5710 8960 5941 1834 3252 1977 3551 7808 6903 8346 2676 2699 7569 4971 745 5326 979 7992 3894 2 2340 2986
394 6265 1664 4769 8959 2536 7146 8894 60 3520 4772 7653 1869 7012 3885
395 8843 6177 8548 1920 2749 4622 4070 2113 846 6363 4791 3464 8927 1642 5656 4176 8491 3894 3936
396 9716 4522 8028 2378 303 2995 4102 961 7165 898 3979 7980 4234 9842
397 5816 4716 3563 2077 884 265 7779 4997 5727 1523 8809 3641 914 9013 2983 7699
398 5588 5628 9807 8382 2647 3807 5927 1697 9714 4757 3561 5247 2857 2752 6030
399 8719 8291 2893 5123 140 8939 3785 7859 9954 5683 3926 528 6875 3032
400 9774 3472 7703 4690 5216 9567 5820 7138 6799 3804 7632 8386 8396
401 7112 9925 309 581 7712 165 6556 7484 8770 5373 3507 3521 5880 4199 3012
402 7394 6518 9885 3755 8158 8853 2504 9159 7851 6374 8461 9774 7413
403 5159 6602 5049 5414 3175 124 2781 9989 2362 7542 1154 7950 7949
404 7621 3829 6745 7840 1712 150 688 9228 8775 6833 3006 4855
405 6678 6461 1106 5932 960 6309 1664 2431 7454 6093 4836 2978 719 9199 9545
406 7157 5369 7054 9831 9508 2793 8639 8833 5240 9952 9788 7740 3528 9533
407 6688 5870 4401 1648 2590 1521 1082 2211 7591 4891 3035 3236 2489 912 1079 569 321
408 2384 7813 60 5756 4950 3345 1870 9746 3206 6450 169 2306
409 9248 738 6035 3372 2420 2548 3419 9855 4576 8807 4679 2555
410 8215 8520 5680 4097 7651 7184 681 2568 7448 1383 7153
411 805 5309 413 3387 9247 8952 3065 2606 9115 1111 4470 7050 5810 745 2288 7438
412 9797 815 4049 9912 2582 1357 8207 9153 7059 8053 2288 7438
413 4051 1896 1253 8191 368 5854 3709 3760 9566 3320 9114 5772 4234 9043 2643 9968 2962 321
414 5929 4142 9668 8666 42 9598 6118 3887 5661 8822 2856 6351 8907 5445 8134 2
415 6914 5764 6539 2235 7491 8997 7884 8956 738 7173 2063 6005 9404
416 4759 2616 8789 3657 9501 3478 8368 8185 1356 5624 7797 9008 5775 9842
417 7882 5782 6107 2390 2267 7473 7972 4508 9454 4602 2058 6482 5869 3877
418 5652 3297 9738 1849 7090 7627 5399 5049 4512 5855 8331 6949 9852 9545
419 5002 8953 5028 6587 6224 8660 4407 7354 9909 6202 3479 5388 7077 6913 8671 4311 6938
420 127 5291 5870 2988 895 6304 6961 7128 9006 3646 9178
421 464 3767 9682 1696 9493 3019 857 6850 4918 7708 9281 7686 374
422 4177 5642 6485 802 3948 5913 4497 8285 4178 6168 7819 7541 8166 8503 3479 2422 2240 6613
423 6665 9196 8272 2795 3126 5737 207 9005 7353 2241 5030 9347 5869 6391 523 3830
424 7887 9726 8393 3034 7654 7955 7071 9745 287 863 1256 7296 2240
425 9406 1369 3048 1586 2130 6578 9041 4273 7715 6973 5042 6730 7069 1375
426 1620 8331 4181 9956 7605 5217 4415 1718 4864 9637 2570 4974 6729 6920 2345 2595 1348 6778 2962
427 756 8608 7843 3656 6954 7781 6085 2024 353 9326 7888 8174 5401 7762 3032
428 9753 3452 7154 2562 8457 9755 9440 6112 3614 6636 472 5192 8893 8920 2962
429 3627 7988 9972 4211 7135 5257 110 9798 6822 4006 4397 786 9861 1223 9129 9533
430 1595 976 2205 7591 6339 5923 1593 1396 3357 6649 9352 7586 4884 6030
431 2331 2505 6241 9243 777 7761 6893 3660 6227 668 8722
432 5712 1423 3293 3777 3345 8091 102 9150 3349 4102 881 6850 4870 5643 935
433 6879 6884 9616 1205 8002 6089 4206 840 7215 3269 1272 4967 8177 518 6280 6547 6692 6327
434 4438 8979 998 203 2255 2397 1666 3056 1018 2965 4035
435 6052 3729 5268 1992 9201 8168 7562 6836 6952 5302 7191 4934 1776 5111 3877
436 6443 5505 1761 4288 4299 2653 4448 243 1716 57 2038 9032 6920 8387
437 1545 2710 4766 2040 779 2561 7704 2590 4913 6669 4151 4352
438 8951 2163 8647 5931 1499 9944 1310 7576 4652 3189 574
439 2258 5426 9225 4730 8434 4342 7686 487 1576 330 2978 1741 8134
440 7832 2163 5425 3773 6109 5678 5317 8303 300 7710 3032
441 3994 7466 3806 469 6160 7210 1102 6586 5734 6479 8114 9643 1366
442 4276 1936 1264 7963 6002 8949 204 453 8061 7485 3173 3753 7699
443 1077 5513 8859 6689 8582 3860 9976 5829 720 4274 7219
444 5447 1202 65 857 4139 9640 3584 7723 1921 2458 9579 1150 8710 511 6014 7105 4985
445 6801 3699 8828 4265 5399 4840 8962 3743 4487 2868 465 5700 4302 7088
446 2984 873 8025 6823 2211 140 9489 2134 5619 9033 1752 1979 7652
447 4280 2134 5850 7664 9894 8090 9421 260 2697 5465 5811 1032 2165 9761 4941 8284 2555
448 189 3554 8940 5313 8237 6471 6578 2084 9179 455 2867
449 3737 9508 2129 769 4871 6540 8693 4161 8177 7982 6687
450 6651 9222 167 9787 1772 4573 6089 1380 6126 7409 7536 6297 7342 5768
451 1857 1113 542 8674 33 9448 2675 8120 6431 8220 9990 7153
452 2006 4533 915 3738 8638 9700 5059 6412 6092 2003 979
453 6076 8864 9752 5694 6573 8538 2319 4718 6653 8947 965 2662 7240
454 7942 8413 1946 2210 7104 8438 7403 966 3184 4664
455 4685 5131 9963 8677 1457 7674 1036 549 230 79
456 8675 772 6097 3909 1807 1815 8004 2267 4265 2693 1491 5318 1647
457 9716 5096 8784 9166 6480 1104 9318 5123 2252 501 4898 2327 9244
458 3411 4724 8379 8066 3356 524 4206 6620 4403 127 5897 1528 9645 1868 3914 5677 7699 935
459 6682 4489 6987 908 3881 3200 9676 7890 321
460 1269 2686 6388 6038 3697 5018 1344 7522 3608 139 79
461 4209 2180 6406 6897 8274 2881 7692 2317 9746 2604 2718 4780 3525 2327
462 5476 8824 806 1392 4456 7022 9494 6091 1580 9007 2962 2240
463 6557 8676 8638 3475 5463 6206 2609 7356 7728 7992
464 6287 1630 5651 4100 1014 3045 3217 2246 4607 8236 9735 7610 3023
465 9704 271 6688 626 2244 2721 2490 9718 5199 3290 4730 2154 592 6137 13 2643 3012
466 2705 5061 6971 4505 4778 3183 3922 8559 192 1273 3932 8644
467 9156 947 2675 6868 4373 9375 8648 1878 1562 1315 5654 2121 7296
468 8941 7821 4421 9384 8205 4588 4952 3054 659 9228 1920 1831 7053 321
469 1682 7893 2623 4907 4736 7713 8845 7946 2022 6568 1406 6431 7434 3936
470 9440 6763 7363 6056 4077 7443 751 552 1476 562 1925 6146 3101 5156 7756 1934 6020 7153
471 5378 6003 5597 5554 7779 5121 1792 4138 4580 7933
472 8473 4980 8738 3414 2419 5875 7920 920 9859 7981 6459 2349 4340 7413
473 4919 9648 6552 2410 5920 9631 8985 4277 3109 5685 839 707 5880 321
474 9722 5301 5720 1404 9956 8895 2757 6448 6256 2749 3184 1105 6613 3074
475 713 642 3484 8195 4301 4777 8276 3225 4567 140 2746 292 3028 2437 6584
476 7954 1104 9360 9098 7389 1470 1941 6661 5841 8299 684 8688 8841 7153
477 3855 8033 8382 1694 4498 4483 9140 109 2817 7429 7782 9007 9533
478 2877 1498 239 5044 4296 827 1214 779 3303 2781 2307 2498 6511 7688 1167 6327 5748 1668 5715
479 4256 7739 8947 6496 3133 7944 9455 6585 6473 6332 1888 9534 5756 8539 9795 7902 6134
480 510 4931 1553 4862 92 9937 6169 4402 1535 4967 4199
481 8308 1643 3378 7597 3388 9543 380 1162 4644 8384 8686 427 9244 2555
482 4880 5002 3373 9152 7150 3847 3737 7513 1907 5331 2558 3244 3498 2416 4362 843 7413
483 353 779 1848 7593 2708 9302 7555 2447 4256 4781 475 9607
484 6456 2667 70 7341 3123 740 6144 5569 49 8133 2345 5869 4314
485 5011 1626 8504 5903 5955 7560 3973 1992 560 4958 7699 5962
486 529 7734 3486 8799 2300 9332 8253 7677 8446 4737 5112 9580 9947
487 8897 7613 8800 845 3109 5929 2877 8790 2372 101 2093 1457 9930 7852 3032
488 3333 8019 2580 9604 4077 5204 2004 8718 7028 1373 6358 9494 3172 6044 3936
489 1519 44 9601 6654 4328 2769 4726 9740 7868 2693 8780 6413 8601 7699 8125
490 812 2177 2190 6349 6037 4703 1997 578 7760 1355 1071 9709 5767 3395 399
491 9020 791 7203 9708 1318 3764 8653 2062 3838 4612 8614 8908 259 8293
492 6542 6904 3024 4556 1915 9241 9449 3716 8955 796 61 4719 843 5715
493 4479 3887 1635 1157 6167 1390 6668 6432 6662 6281 3158 5869
494 4537 3863 7616 3126 6250 2168 9440 1369 8215 9369 356 9841 9622 7216 7997 321
495 2563 1626 1890 9477 1280 4207 8730 9172 3457 5547 8069 3103
496 6656 163 9450 6376 4410 7531 3118 9361 7119 4973 5295 6063 3795 9777 5437 1117
497 153 6560 3065 5675 9315 9218 4248 5454 1935 9830 4628 3265 5326 8812 7120
498 4187 2798 490 2930 5828 8548 8040 6665 5575 6360 9470 2538 8830 2013 7652
499 5372 8635 3410 6013 2420 5663 7309 7573 1278 3119 7521 9615 935
