100
0 93 101 8738 1137 8600 281 756 1558 257 237 358 1265 600 8414 4460 288 2428 1579 19 2108 5359 32 965 422 38 1884 1473 397 2825
1 1566 309 159 37 98 302 664 46 5689 40 9 9359 371 61 772 377 7986 296 2904 1894 4838 653 328 210 2507 132 4630 15 1296 1993 1333 1876 3317 93 1866 325 1384 1495
2 16 9547 65 2878 110 54 1311 9 3 1 21 180 6359 50 252 74 7702 33 637 268 178 1039 1495 308 1845 53 751 333 70 127 1562 293 6504 1516 348 3774 867 3244
3 83 31 5817 75 331 1393 1466 105 246 57 197 136 647 13 714 5848 271 60 1258 612 6357 1366 299 5582 530 501 7792 1251 52 806 392 8241 49 896 112 236 725 3097
4 2132 1863 779 1843 1623 1956 375 19 2195 18 891 229 2706 3689 519 511 2098 3056 503 7687 76 941 1582 8401 9493 91 131 116 200 2052 45 54 120 1679
5 7 1966 8 2498 1209 933 37 168 7497 3881 117 5197 303 21 2478 5863 599 4552 13 362 113 1889 8044 97 286 199 155 41 1648 1756 33 1702 178 1541 409 310 5160 953 67 3110 549 7234 3849
6 143 32 181 174 286 1102 225 168 2824 663 659 75 883 98 224 66 231 26 701 2751 177 8457 81 2666 357 5540 376 626 57 126 3198 1310
7 96 49 442 462 173 89 822 6731 168 584 230 458 933 66 133 2045 60 59 843 354 31 1966 3009 2000 316 81 9425 6747 1805 193 4117 793 650 977
8 7497 3797 2028 23 158 2689 400 2857 2315 524 465 6188 307 92 2796 704 1733 1114 1953 13 7059 35 71 6668 43 1680 28 58 162 3425 48 898 7448 3862 267 82 69 1572 3198
9 4540 106 475 16 43 2359 1218 46 116 80 1303 958 6383 2811 1885 83 8773 47 704 3494 3423 1678 3866 3883 164 1349 796 321 907 570 447 1967 6481 1019 4497 900
10 1363 1390 836 2950 2628 559 9086 5638 1041 4372 628 338 419 505 224 169 101 476 544 130 2838 124 134 429 687 2842 503 3941 2932 371 2848 5 139 355 138 5926
11 6 3038 4 1434 62 161 2135 724 2052 8512 11 187 243 2218 8629 23 2262 91 1428 755 1353 2195 2473 248 60 8 313 6094 3828 332 2859 2094 327 324 7797 3358 236
12 845 288 1378 6571 519 2177 1250 383 7399 2961 90 3955 20 826 521 1476 6907 24 736 8989 1121 166 1327 1426 3379 2697 4181 99 65 735 17 1038 4738 1613 140 82 2902 4500
13 90 8688 237 6684 2169 851 1424 55 3257 71 2282 2491 1318 600 1642 1010 352 109 27 34 251 119 207 172 607 2285 1 2852 184 176
14 4104 5850 1378 264 550 1866 2986 101 4685 148 99 70 134 8076 4474 3768 1902 6604 437 2619 128 4133 909 936 224 329 175 760 396 6571 73 22 475 4895 121 1587 860 2153 138
15 52 54 138 103 405 3476 3679 284 2114 87 186 45 2521 602 2250 886 262 98 1049 170 6636 9 75 255 191 7866 132 4300 41 36 1216 58 1114 145 6086 686 968 3774 7585 1290
16 2385 264 8365 435 625 517 3502 64 1210 1401 58 1332 659 184 992 9295 36 2522 148 1979 6450 1026 145 170 2156 5792 8875 2048 9471 117 2967 914 1754 41 6097 6696 715 1963 4325 8938 0 1583 4371
17 28 1436 9798 2844 222 6249 587 5027 289 258 1816 2333 5893 189 4807 4335 76 59 187 1435 3488 580 6783 3532 1396 66 1621 739 3282 428 299 1667 1951 216 948 2889 138 5381
18 18 1687 286 3626 95 157 4781 178 56 1052 465 8703 939 242 362 6787 7557 720 356 31 1071 6475 325 275 2929 1243 51 5 1222 269 2146 7214 152 1322 121 1604 8
19 9 6697 3699 602 8488 1011 7387 539 5294 3790 188 940 2233 19 419 231 358 509 3119 3563 347 961 2444 5167 1414 4120 179 1216 60 30 128 1685 298 3447 6698 1737
20 26 148 1290 2979 406 9798 676 105 206 1005 9562 0 379 336 158 1168 3317 41 1919 989 5001 805 3535 84 7748 120 48 1886 60 4984 3604 4662 208 126
21 1646 868 313 6843 3230 828 5697 4687 9391 9382 6502 78 2151 7848 1912 2520 1326 471 1232 2639 3012 29 202 8823 785 857 7663 436 329 93 160 1349 1263 2848 2264
22 47 646 5 6116 282 2959 1948 472 38 9478 7828 721 4976 179 497 543 24 7703 7 5547 250 770 6711 666 205 8528 1573 7267 15 1008 1307 485 554 1310
23 50 1156 39 1042 1948 233 1959 1438 3324 35 5834 1677 1152 1967 885 1105 422 25 1686 152 17 2664 4477 2579 45 126 6 15 218 1402 3700 13 1506 1452 1951
24 887 528 184 1069 88 267 4309 53 693 359 18 2476 3863 280 3038 1 1499 120 12 7548 64 496 1152 901 888 49 154 2662 1067 1804 5144 6006 2177 110 155
25 65 2685 1328 14 17 2321 283 7706 479 16 199 8136 84 5346 2712 462 367 1307 393 261 888 81 5874 3125 1347 316 2413 68 147 1200 38 22 4896 8240 69 19 139 7242
26 24 9521 697 422 3777 3003 94 434 549 5526 458 1177 629 114 77 131 102 3996 22 712 301 618 1351 2298 68 937 1702 15 161 4889 491 6013 8 1797 42 9246 410 152 90 709 2591 4171
27 226 1558 3403 64 32 1494 72 139 60 1066 156 606 1251 103 264 752 83 320 99 2700 10 2703 4524 2724 221 381 100 17 980 3824 11 132 1434 2060
28 146 1713 144 444 773 1074 119 7672 111 489 18 47 241 612 32 272 1071 25 104 7408 1123 1449 224 772 1788 198 9836 1132 88 3234 795 1491 253 968 554
29 358 131 296 541 309 442 231 1272 1506 1721 4632 628 2477 4914 8692 330 962 290 3881 329 4757 92 219 243 1867 3013 2291 189 147 2087 5447 3424 48 4560 1489 115 54 4044 109 2195 721 968 138
30 12 300 196 212 25 18 78 1848 1611 651 260 358 591 1503 82 2533 163 133 1099 239 1048 23 389 1692 4411 26 68 2144 514 4985 501 7549 909 372 3071
31 1071 2378 11 3603 658 40 183 9355 1087 203 9710 5872 180 95 289 302 715 512 1228 53 254 1577 528 142 2398 1992 402 251 118 237 155 138 867
32 180 1368 505 104 4227 4040 3053 6614 8949 6779 4048 6052 97 91 949 2498 6045 176 2334 425 2594 2482 1009 3160 82 26 1725 451 1 293 152 677 5921
33 6412 3937 706 102 29 31 796 4337 1014 550 92 476 4845 116 61 9639 113 746 119 11 1051 698 178 50 1603 336 3068 183 97 9365 3198
34 3140 322 412 6755 395 15 18 514 866 594 106 363 69 4659 57 6130 587 371 1446 1089 2469 137 5597 17 2430 4096 340 154 198 2147 5084 6523 38 2096 1921 204 1080 44 28 176 155 3097
35 8973 272 419 297 1959 88 123 646 42 6137 9957 35 7718 235 3236 1752 7970 259 476 2239 483 1074 1909 5221 6012 344 4164 471 529 836 316 186 14 19 138
36 1052 1698 998 396 1080 1323 784 1638 246 332 1404 45 122 163 8454 4654 1783 1936 80 923 2147 5502 5193 6210 3230 4688 1214 1966 3808 49 327 5330
37 1785 1650 30 9465 56 399 89 7120 105 886 5951 6409 2121 1637 22 402 6 2625 1996 507 79 373 1096 0 436 47 2437 297 120 968 1737
38 1759 9711 1606 1937 337 59 37 5472 641 502 94 839 1424 61 718 355 1329 320 6037 1844 110 186 5675 5144 231 82 498 1325 229 155 138
39 47 179 5540 2650 1828 531 247 333 128 2552 3938 135 156 366 38 923 284 86 99 1981 457 971 16 252 2066 240 30 7429 2206 122 96 3470 250 382 583 330 1000 69 1671 5921
40 262 3016 284 202 7574 1846 4790 582 1740 526 105 412 452 20 68 210 125 566 231 6015 1787 4642 4314 1697 64 3098 204 35 1184 1958 6698
41 247 5154 210 1039 214 137 250 280 7606 516 27 935 655 20 82 561 669 9519 1058 490 284 7347 34 908 1729 1514 159 3790 595 4408 2228 4225 9561 2005 331 1027 1489 63 176 3172 1476 121
42 42 1108 432 46 5412 9338 422 1460 1552 205 3617 588 383 315 1694 478 815 81 38 44 349 7431 97 408 1017 103 8871 7854 43 69 14 1643 9517 708 1263 2153
43 194 477 79 399 465 347 1758 51 48 234 356 3164 2611 502 158 505 946 1509 1967 136 633 760 1889 1571 117 6820 475 6126 2433
44 6169 53 111 778 4152 38 1696 486 66 4964 3249 884 24 3499 3059 566 699 2662 936 738 1197 257 231 689 209 1017 43 433 243 1334
45 183 8843 59 1996 5270 105 1954 3644 151 665 9061 455 6082 39 8886 1806 2832 6510 9175 70 44 335 624 140 1739 459 605 1654 9465 22 21 121 708
46 3593 149 88 7345 296 2447 153 332 21 6790 2692 241 19 217 207 67 1286 7756 402 911 302 72 602 44 61 598 157 347 55 1324 334 2088 74 1667 583 138 1502
47 773 429 8725 7142 475 4336 6321 180 1657 144 926 295 1146 87 382 7238 7032 517 3659 368 3128 254 2709 62 54 304 121 484 4552 628 233 427 2264
48 283 3552 395 4880 5 39 1402 9204 1169 1869 4672 3222 7328 8395 78 7124 449 8969 210 1832 762 436 3778 654 7088 99 934 33 622 1779 163 2371 3248
49 762 141 1593 1499 427 1883 388 62 1279 358 109 8180 276 47 3561 54 8 756 13 3520 6767 2177 7231 7 1446 1061 119 99 8004 1628 3710 63 2551 142 1522 224 9 28 679 977 873 1482 6165 1671 3097
50 9998 136 263 46 43 74 224 448 368 1747 3 268 178 3698 4255 118 1218 1934 181 1687 123 1292 7934 87 1309 9569 2425 403 885 2752 97 914 164 58 303 583
51 9234 33 8783 213 6 23 4705 597 788 4606 288 966 9 22 2410 63 200 508 1728 159 725 334 1989 2420 4847 53 383 6237 1224 3586 198 246 5 70 14 1417 3824 197 5031 977
52 5299 270 389 301 498 1401 6689 8056 4947 120 5681 5524 1561 269 2625 7979 309 7278 207 133 1588 2312 224 2293 1886 1379 4226 212 27 275 789 6161 742 1666 30 371 117 8
53 510 230 7433 2282 334 20 45 216 25 369 4478 978 184 7981 266 100 395 295 348 2739 72 508 115 208 822 84 1300 6043 5882 42 460 524 7064 1983 341 404 927
54 3887 60 350 7660 151 1279 13 244 459 27 1947 2612 23 502 18 1906 135 5376 14 1084 5060 1501 4917 1401 125 346 58 928 3895 9322 8015 95 31 618 8834 3635 3624 387 1836 4977 138
55 360 189 3594 798 50 152 566 252 243 1218 6467 4968 559 1029 24 8 2114 218 1209 674 1177 2538 213 146 1358 138 246 1266 581 565 7710 6051 494 1077 968 900 3244 1737 6887
56 83 582 6310 4340 234 3740 299 4498 2120 1658 2288 137 837 1307 761 2011 81 8389 108 207 499 23 7 3574 1297 3176 56 66 604 5895 621 3756 2264
57 269 183 597 82 4620 3209 36 4336 3525 796 6952 186 6131 5902 2509 7918 740 414 2198 5446 74 77 307 645 139 2 114 1988 4994 57 3659 201 83 23 429 129 572 549 443 4864 3600 3975
58 133 840 9454 2640 2907 1996 805 256 4968 389 262 113 75 6 167 2099 285 556 11 225 13 9183 2036 1927 63 997 174 3070 32 1608 3106 348 968
59 65 21 323 769 75 1011 111 203 31 725 8601 6408 3843 6238 225 2187 1429 1728 22 1264 1566 216 2295 2479 902 127 82 189 2980 762 1412 605 58 70 585 2060 8450 554
60 412 168 2025 85 1148 1304 2160 156 474 130 1128 1213 2380 8743 6379 625 132 9 1723 5442 753 18 5269 1361 257 280 401 4837 59 1775 1513 685 1756 264 199 5985 4247
61 2592 12 677 110 516 9666 1478 8660 247 362 1294 1546 38 13 1227 1299 2908 394 1866 2 5971 235 335 1695 9722 909 374 4716 129 4577 6223 58 6029 1171 131 65 468 69
62 3879 7195 277 259 245 6847 9 497 363 100 1027 359 27 2423 173 7481 700 51 715 194 50 9593 1627 3044 5546 64 161 559 766 528 167 68 7181 69 7624
63 2178 1283 188 7820 5127 57 56 3 660 3100 135 0 3249 425 409 2158 5063 307 227 6549 1397 1554 24 2380 4259 75 3642 9 67 51 255 7 285 526 1223 184 968
64 8386 1726 205 1044 36 2097 778 969 1817 542 376 187 465 5329 16 1094 1121 258 9000 91 128 59 622 882 399 1212 1616 3200 2659 1671
65 472 3901 40 1356 102 369 2167 292 606 9 20 294 172 2385 64 1494 173 220 22 162 2862 1369 484 1337 4378 376 234 115 182 1462 155 236
66 606 4 4319 4001 7325 4350 3839 145 875 7316 1865 343 2142 845 292 866 33 54 124 46 101 976 3535 358 7027 6558 131 21 56 7658 107 524 554
67 2247 1611 6531 1971 218 452 3883 6558 5627 12 1216 590 1765 950 776 597 1317 5357 151 297 756 2244 270 2346 1057 515 36 7266 27 1522 703 3706 3975
68 8733 244 433 81 4138 5350 21 207 161 2 1130 1593 651 2657 173 134 499 24 2517 76 168 273 16 2942 222 19 447 217 635 1407 78 8466 6745 1888 3591 426
69 80 94 335 971 21 25 489 162 1266 35 3169 4734 17 26 677 302 1800 1935 10 101 1961 522 283 6 177 57 69 317 5241 107 708
70 582 1257 151 2624 446 990 2862 82 203 57 34 158 809 5492 132 2033 501 9896 3600 1224 609 3624 54 1059 1365 89 3609 4820 7208 1486 162 1889 2514 378 147 248 282 1954 554 1482
71 2684 67 41 1389 350 5020 391 37 1099 143 2212 180 448 9357 153 6438 5 197 360 437 17 182 158 723 1461 268 780 127 196 793 404
72 90 534 1738 428 865 644 1408 134 124 278 3342 795 397 7056 88 1 8752 416 1865 8950 1851 251 17 283 879 28 945 1378 166 199 6082 873 583 138
73 4151 3357 658 220 2860 161 317 1442 107 2172 1128 475 6874 693 952 51 30 5235 163 5847 7798 2741 502 7553 6589 506 1386 40 8438 155
74 129 140 266 12 115 130 1235 193 7685 1001 109 138 1134 37 344 6642 433 1048 4060 1532 4722 2587 90 51 270 227 3079 2199 3730 230 201 27 1495 2848 3097
75 67 1119 194 245 775 8150 5990 2266 1072 981 55 344 32 250 236 345 92 96 9134 15 4063 2193 9768 7463 253 153 338 3797 8006 746 9718 5108 1788 583 3106
76 43 3228 455 103 128 245 3279 48 47 35 556 108 129 305 458 46 73 94 0 137 100 246 691 1342 6288 104 542 114 28 577 155 869 2060 900 867
77 32 276 43 181 123 1373 97 405 264 6961 4716 5435 58 279 7231 1734 48 144 199 3574 5797 113 514 305 170 6896 3884 7342 151 342 135
78 2568 122 5120 375 567 1828 10 1271 70 3989 4162 325 6480 5604 174 244 32 1407 95 750 611 947 3648 457 4482 11 1087 8116 1413 138 1502 7055 1310
79 500 2051 33 2221 238 1757 218 351 1896 2987 1121 1318 9041 96 79 1340 726 281 538 3354 3526 11 257 837 199 3137 0 156 2019 669 178 6087 4971 152 485 9514 968
80 41 2 2012 112 299 51 9628 319 7274 703 48 1159 18 15 1540 1044 1799 685 1067 101 156 1360 311 138 67 257 378 2380 869 39 26 158 2741 23 126
81 1583 21 117 6025 3915 672 7777 1503 42 24 169 1591 5778 92 216 2475 5731 539 510 1571 1017 3400 95 3488 13 182 527 928 248 1053 6 211 205 178 120 869 1263
82 6642 3935 3972 6348 35 3511 579 564 6599 3243 4525 263 952 444 54 156 1974 2092 150 55 10 36 5773 481 328 80 437 9
83 406 1027 328 469 1127 3730 597 278 71 561 4051 92 36 6137 21 39 714 5361 67 99 179 5005 1532 25 1388 353 280 501 3194 9040 107 554 6577 3244
84 46 133 124 509 513 533 5022 93 653 1014 301 114 403 1395 661 7509 229 356 1 50 2336 437 4098 204 9360 243 68 1442 604 3293 730 9890 2533 343 4347 155 1737
85 1424 1660 694 6252 703 4602 1775 5463 15 4779 14 498 1642 513 22 1392 801 328 50 456 3890 361 2209 238 1155 0 2466 9948 27 823 4609 681 9 4102 138 6729
86 78 8890 3 225 1156 40 2932 165 62 228 5610 1591 3390 339 250 512 9551 21 385 2117 112 5853 5 625 49 16 194 52 145 5180 15 135 4374 777 4307 121 9294 3102
87 5246 3 30 3511 5136 166 5469 2978 7013 186 2340 4589 123 279 1208 5561 7301 339 1512 774 13 2509 717 5820 5675 5414 2288 5046 179 568 36 1799 8 316 120
88 49 2295 470 589 162 19 1080 1515 2552 213 250 1058 29 2408 403 4090 47 4 9556 669 854 1010 2739 1859 2493 276 1152 3110
89 1354 8028 1172 1107 105 102 4730 4346 546 41 2201 1163 5931 1472 794 5028 6 7732 8156 6518 431 1416 45 232 6327 484 6361 1756 1033 7218 424 34 4 140 261 126 594 228 867
90 3935 401 1104 109 168 757 3320 352 2849 21 91 715 287 14 8355 338 19 27 66 34 6879 86 2683 4450 1052 3412 5489 8 26 997 5779 92 124 638 8947 487 709 138
91 651 663 8088 84 4370 2665 15 4 3003 164 55 5275 443 42 142 2477 60 407 4148 327 473 19 49 414 114 210 30 103 6018 739 654 6005 151 1746 228 970 534 1066 104 1091 2591 121 184 859 1671 3684 3244
92 2556 4548 4577 1702 1847 115 231 3580 66 9204 43 4366 24 2841 893 663 543 130 116 1029 1125 742 1163 184 9455 1273 4313 197 1073 1033 615 9165 138 797
93 27 12 149 125 1741 323 13 39 7591 88 315 232 1133 198 1458 1940 257 3497 137 1308 266 144 308 1514 1986 99 624 733 751 2930 1771 797 859
94 1966 7995 2610 722 29 835 104 82 402 332 982 436 43 8 277 1953 5819 396 1181 80 1506 1948 14 257 5878 3141 23 356 151 12 1548 9977 5306 4089 1925 627 643 213 1604 8734 355
95 95 902 4810 60 73 4529 915 108 812 1925 1053 5620 537 8156 259 1909 47 193 187 3154 306 3414 248 4150 821 894 5330 3543 107 39 69 5101
96 480 212 3 27 1442 523 2644 2330 509 571 252 7 68 2251 229 2240 31 772 354 249 715 4184 8 1607 402 6043 2638 2099 2650 5195 19 84 89 56 9957 854 2000 335 72 1697 1495 554
97 2429 99 92 578 43 420 2693 5997 4 254 41 53 3215 5570 635 158 103 7030 241 114 2976 3624 277 4630 26 2887 838 7291 48 2430 96 662 1270 869 9584
98 386 34 435 2365 1556 327 9664 16 501 1853 538 43 66 1358 2056 4 374 73 116 9786 88 81 248 463 513 8890 2014 1201 972 3097
99 942 2393 191 447 180 906 91 2080 636 25 739 1154 315 73 836 720 61 3694 5359 326 820 8992 7637 1329 2114 1871 111 3529 2624 138 708
