100
0 9005 2875 9724 5446 6775 7532 5141 8306 7604 2634 6544 9875 4235 5910 1046 9890 719 7631 44 1945 7710 4287 1261 6653 965 2627 8175 6533 2844 1023 3410 3182
1 2336 8694 7703 3651 1741 1007 1555 370 1672 2302 1750 983 4303 132 4336 2465 5059 5818 3528 4076 2884 5547 3633 9326 6595
2 3201 503 2650 2167 9359 5887 2939 9213 4742 6463 4652 8702 3866 4548 6211 5421 1800 6301 4493 3883 3804 6225 4496 1362 5947 2894 2569 7792 8421 4703 3172 1194 1667 8761 2433 2106 8156
3 1574 8066 5502 4540 2477 5781 5193 6252 1907 5817 5615 4602 3305 748 3979 5405 159 6684 3218 853 4001 8116 2828 1427 5394 4517 8334 9843 5463 1610 7674 4371
4 4929 3670 5 3646 326 6479 4549 2338 6200 6088 3254 2718 989 875 1699 2851 6355 1599 2564 871 4508 7567 3533 3227 4050 2418 7215 4960 1200
5 8773 8132 66 2254 4529 5230 8707 1704 5576 7395 9837 3819 9660 9218 5686 4845 5255 5284 8138 1256 2609 6226 7772 3608 870 2805 3452 4184 3724 3003 4607 708
6 4051 521 2657 3617 144 5492 2250 9357 3551 9673 9566 3644 333 6137 836 6614 1804 5429 2710 2812 835 5748 465 5046 8703 7981 6400 6238 2060 1263
7 7606 9338 9677 4908 1757 9628 7685 1042 2431 8488 4859 5361 1937 3224 1217 9021 9086 4526 2921 4781 3730 7387 5270 5724 6607 6160 4227 2757 1148 4019 1883 5638 4685 7399 4683 4479 2521 4841 1315 7624
8 1116 1111 5929 352 3233 9301 59 3734 9599 5357 1812 2469 726 1284 7041 8012 5541 1142 4657 3036 979 3068 2159 2925 5516 1566 1619 4341 5811 7876 14 5218 6222 468
9 9698 9392 6521 6841 8019 7811 4612 6079 1719 4624 2796 6056 994 670 9138 549 919 2306 7168 7544 9090 2014 1035 4828 4432 8655 7445 5772 1745 2258 6702 3514 3333 5668 4491 8402
10 9776 4169 4862 7417 2438 1743 3479 3346 6111 798 3380 4883 5692 1094 2379 9420 3562 2509 3258 5440 6952 4694 6006 5854 9073 9933 5959
11 5507 7078 792 7040 5170 4879 3704 5147 614 2182 4530 6848 723 1159 7637 5365 3328 6831 146 4172 2292 683 5688 9874 8486 9696 7527 4716 5181 2000 2532 6924 5435 121 2713
12 8315 3235 2033 8122 7088 2809 268 1018 2918 4610 7488 518 2312 3541 3571 2484 364 4385 674 1048 8549 3336 525 7879 9461 1885 321 7167 160 2187 252 7104
13 1037 4398 4103 5699 4897 3787 5376 891 5585 8324 5533 1155 1985 8932 8660 3598 7915 2399 6450 2777 3407 8160 2972 2628 4695 461 4009 8182 8002 7816 9076 283 2072 2310 3497
14 2550 1466 7325 1531 2592 7085 8414 2119 4875 2362 29 2360 694 213 2719 3371 4779 8503 9949 4638 3755 3987 3717 9701 817 7518
15 8340 325 2533 7129 729 5154 4364 2354 4476 87 4430 8490 733 480 5234 6725 322 2872 3747 8130 2750 5349 3378 3290 1268 2707 8104 526 5236 527 501 1005 943 2152 5773 860 7367 5296 3457
16 5469 5065 6942 1637 6227 6555 2094 2759 6874 2024 1848 704 1657 3924 3022 3861 1396 3343 763 3293 2978 3320 2190 2791 2743 3879 4788 6205 3700 2003 3975 5921
17 5834 1944 3004 1426 9742 1903 134 6571 2625 5819 354 7431 8620 856 908 6336 1071 508 8886 1806 1967 7232 916 2210 5221 4895 4329 3520 662 1958
18 7418 1149 2867 429 3783 1682 8790 5406 6352 2071 2856 5907 5950 218 3012 5329 3020 1875 6243 3231 6536 9823 4411 759 692 7837 1418 962 7709 3893 9031 4542 8677 7832 3190 4102
19 9348 7831 3889 2411 2011 829 2670 7059 1658 2652 54 5610 993 562 4864 2531 102 4802 1253 1793 9779 6663 7458 2811 8389 589 8741 915 298 862 215 3311 2140 7360
20 8991 8616 9066 9861 8457 5555 6559 6050 2626 570 4495 342 7384 4293 3033 8429 5712 4380 7304 4070 2467 9009 2490 1942 1960 2901 2234 5527 1498 5417 9555 2658 5277 3500 5993 3470 1384 6402
21 5915 6755 1403 1863 8931 5737 3458 3972 1606 1282 1841 4370 9234 8843 2665 7820 5127 5027 6035 2862 2017 7155 9053 6031 3279 1563 2631 5190 1011 5519 4180 7574 5926
22 2885 7827 1107 3914 8952 7185 1953 6093 8901 6858 4719 7928 2004 1909 3988 3006 761 3703 448 1486 6791 9505 4262 1127 4183 8380 2930 4397
23 3859 248 3429 2207 2319 5241 6658 7408 119 3387 1511 5322 7858 3594 7747 2193 3487 1829 9857 1731 743 5328 2131 428 1484 1074 6809 5448 4791 4736 5985
24 5185 5481 9043 1180 1701 6788 3599 774 8890 9212 4004 2716 4472 8240 1517 6101 888 7489 4030 5707 6416 2154 1798 573 8205 2897 2899
25 8735 7591 1126 9433 1014 635 1837 7208 9892 5302 1004 7854 1213 5706 6018 4120 4140 2146 577 654 6043 2228 5278 9335 6005 4164 1353 6026 7687 1691 2156 8466
26 4560 4418 1218 5601 9906 2391 2471 484 3634 7672 4450 1129 1870 1981 3908 8738 9140 9967 1496 8000 9183 8044 6919 8264 4131 1298 6531 9743 9356 1096 8177 53 5600 4116 9351 2164 5499
27 7893 239 8834 6913 6047 1908 3270 7404 627 2404 9799 937 2286 9567 3536 4025 7288 4577 8272 897 4672 1764 2624 728 2745 6223 8933 6593 3456 5397 1961 6776 2923 9828 1809 1876
28 1598 1711 2233 7525 996 7541 638 30 4710 9478 7872 3661 6405 4835 4620 3209 3977 6392 7828 6928 1044 7258 291 713 2819 7099 55 4976 7204 178 3002 6325 4536 914 3199
29 565 5015 1117 1372 3681 6335 1056 2121 9273 2869 1645 1986 9307 1215 2937 1132 2765 799 8454 5366 5917 6718 6748 7377 4395 5396 6482 786 1454 6338 6017 4728 2067 5862 867
30 7169 667 4065 814 4340 1983 6726 6009 6022 6730 8689 8732 68 8197 8313 7515 3408 3961 5503 1827 6570 6951 1601 7315 5069 4190 6498 1432 9017 243 1440 2045 5182 859
31 260 7105 3116 4207 2332 1845 5593 3660 1690 4254 8716 9439 231 1347 3797 5310 7394 5268 1860 1789 6190 3243 5404 16 3654 7822 5125 3537 8267 5598 5501 9365
32 4300 1008 7267 3164 1811 1932 9274 7202 3686 2647 5624 7675 5823 4667 1899 2493 7924 5062 4918 2301 978 5119 8977 9097 8672 1459 2322 5779 4343 4500 3992
33 7734 407 3149 3023 3912 3568 1417 6832 1308 597 9913 9224 1301 4299 3390 6407 323 4855 9368 1631 5885 896 595 1715 5560 4221 4725 838 8860 6378 1977 1081 9894
34 4079 3611 3028 1131 1884 3851 1458 1237 756 7132 3441 2313 1629 3189 4374 6543 3954 3367 2276 2177 1520 7497 6915 2107 2247 5298 1419 2261 2087 4429 717 2255 3958 2690 7918 5313 7929
35 8386 340 5383 4690 4494 293 2580 2115 4284 6983 3495 4313 4308 1275 1595 5358 1271 1997 7499 8969 586 228 5997 6703 8469 2009 1214 4160 5613 2427 7548
36 200 4192 3468 207 2271 8226 8476 3820 6086 7507 418 7307 4533 1088 9623 4480 4834 4145 9593 818 4331 4302 5627 3384 8010 4830 8947 2344 1488 2497 9502
37 460 5539 5878 8401 9493 2065 6085 3825 19 2785 1309 5309 5969 5836 2702 3773 4188 4984 6055 1765 813 7357 3144 9037 2692 2680 1911 6321 8692 2329 1754 1685 236 3106 2153
38 4868 7036 1233 3415 3623 4665 9642 760 56 8377 5207 3569 6515 1471 5938 6847 1167 1499 3869 6074 1938 558 8724 8513 8390 8917 9691 3240 1434 9054 2717 404
39 2145 9836 4006 6786 1279 7086 2695 4688 6404 4350 4501 2229 5233 388 2142 1718 1702 4460 777 2398 230 13 69 1763 1030 3142 6246 1166 174 5339 187 9878 8888 2015 8683 1966 1868 4466 7569 172 4770 4997
40 3123 9255 8567 5392 34 356 8100 1982 6394 5414 4090 9211 7373 32 3950 97 5914 757 7050 3560 3492 1006 433 4281 6115 4950 6824 1147 2423 926 4390 223 1491 7600 7292 1184 4142 9584
41 2514 6790 5084 3094 6523 2052 9868 3262 588 7406 8579 8136 1518 3140 5419 8586 6094 1461 5136 6171 2037 6581 2959 1150 5842 1079 1051 4255 3639 9511 3708 6016 3991 3849
42 4016 1239 4697 3673 6970 135 2999 6870 1370 9901 3934 8282 9731 6735 3845 7214 499 7524 1415 9470 3709 3760 5427 2639 7935 1176 6135 3299 5402 4018 2243 785 2651 9543
43 4263 2507 1378 7808 1792 680 1338 1398 4552 7765 2408 1009 528 2664 5130 8099 5161 3450 6938 2526 6965 770 5960 5137 800 4844 4565 7973 568 2826 6979 5974 9047
44 8800 8400 882 2770 1581 1314 6682 4794 4734 2200 129 6188 9230 5229 6632 3731 506 5722 1767 3740 2520 339 1678 7143 9515 1777 8055 470 6655 2120
45 7030 4146 9164 6443 4344 6411 2787 7683 3417 2476 3666 4544 4035 9634 3858 1771 2820 5720 5149 3491 5058 3588 6736 3863 7671 7768 8307 2556 5407 1243 7 3411 1223 4589 5200 4349
46 3030 3196 7690 3280 1526 6217 9621 6192 3871 1472 8014 1220 2180 1361 2857 6955 4483 6761 9010 1269 6974 4130 1139 1814 8296 6292 1227 1534 4972 5513 3659 1569 8787 1428 8643 7850 5381
47 2782 6344 1371 2485 6054 9635 6817 3535 394 3643 844 8934 672 6794 1558 8908 3171 3403 3298 3314 7049 3178 3996 185 5908 9572 2612 2902 8200 1572
48 6696 1538 1548 9320 1438 4417 351 9400 9355 39 789 8518 4662 9664 6688 8585 5540 6398 3824 3881 6829 3088 4808 6161 2304 6756 9977 2849 5859 2384 4629 671 3398 176
49 5634 1993 5403 2667 9455 3425 2374 6359 4840 9788 2489 6568 5973 4913 9271 1273 2721 1577 591 277 198 5901 1797 8475 2294 6294 1529 600 1333 1196 2104 2429 4724 2371
50 8725 1608 5607 8835 698 3808 1202 7253 4732 6588 6634 2064 2428 9666 687 2220 4459 1407 149 4271 8663 776 7316 2668 5683 2605 4334 7038 1452 3361 7151 7234
51 2155 840 8342 2244 964 4444 3890 270 2346 7163 4597 302 6038 7956 4532 8713 6624 630 5875 3509 9013 2101 7537 678 8297 6854 7459 4448 3084 434 8733 6986 8450 6049
52 6210 1377 2965 153 2585 1613 5416 5970 6711 1092 4636 7218 1340 3005 4952 4403 540 8299 7252 6147 942 6265 4700 1258 9019 866 4129 2629 469 990 3774
53 8326 5731 2125 4419 2980 3079 3282 4181 1296 6763 1446 9556 2662 9295 17 212 5850 1017 3712 1968 61 4698 2524 7609 7807 3017 6943 7961 1686 389 4820 4023
54 9528 7603 2184 8809 6023 347 3895 2206 4646 4818 1783 3852 3402 3557 20 7181 3663 958 1392 714 6383 6298 7927 6612 7076 2817 2251 9817 6051 6126 2818
55 4645 2917 1313 981 821 6434 938 4378 7959 5385 9855 837 9204 6812 2283 4521 9722 6284 1161 5330 9900 3351 3143 1346 7047 7650 9225 1769 579 1169 5905 9459 1584 1734
56 4854 3377 6262 5521 4880 3186 4744 8688 4519 5786 9840 2708 2029 2904 363 6261 7584 4413 688 1249 8936 902 2697 8016 3273 618 904 9947 8015 63 7092 2157 6587 7658 1376
57 2464 263 9061 625 4386 3502 4947 580 7593 45 4705 7970 1540 431 2158 3274 5645 133 2825 9896 6201 2062 637 2 1260 1959 2920 5566 9041 1591 1073 649 4964 411 5778 3 3600 6572 4977 3097
58 8063 1530 3899 2133 6354 95 3838 1097 4896 6385 8600 6990 1324 2610 5196 9476 9206 4361 2871 3358 7473 6575 2773 9306 9639 6964 3648 951 2300 1856 4044 7753 805 3158 4247
59 7549 1716 5530 57 82 1115 1995 6152 3025 285 1060 4126 2538 2976 7676 4399 619 7452 2289 1106 1665 4107 3047 1152 5019 1662 8131 4525 783 7759 2387 225 2865 5452 1437 4171
60 689 4872 1339 5169 3101 6267 7402 3135 641 3529 535 2178 2416 3257 1833 7859 1770 89 6499 4763 492 9616 8729 2410 2137 4829 3523 409 6183 4497 3420 9761 5177 6290 2955
61 3732 3175 6692 6454 2565 8520 5490 1386 4539 6930 7694 9786 88 7133 1975 3424 7805 2854 2377 7064 1359 4621 5520 4362 282 5838 7590 6879 2326 4881 6057 9500 9549 4686 4137 6609 8965 1524 4266 737 1766 1173
62 77 6025 4790 1861 3915 2209 2128 4278 5052 8345 9162 6283 1623 3596 6001 5762 2051 1816 2683 1134 273 3940 933 3100 5549 5893 189 6731 8076 8365 4824 4821 7777 3053 138
63 5749 7922 790 4632 1803 9990 3559 6207 196 1062 2005 7706 4117 5653 3769 2663 2088 292 676 257 3909 6797 331 7815 927 2293 7182 8124 2447 5754 1954 3244 7055 1310
64 7070 7433 5299 4630 1389 6249 5410 6697 3679 9902 3301 2132 7192 9547 4704 1137 1927 7995 7437 2769 9711 6259 6382 1516 2950 1206 3000 8150 3430 5350 1235 3038 4848 6141 6604 2264
65 7321 5480 9159 9565 1541 5413 1251 7607 5222 7971 1891 3021 3540 1504 4998 3933 9763 294 2560 5791 9553 7140 1611 4238 1850 3222 4511 1442 3165 1905 3911 4889 7062 5759 8395 6029 8034
66 157 3684 609 4253 4211 1414 4104 1857 5038 5728 1487 6169 1887 2684 5014 3208 9903 2546 7884 9798 3077 4046 1759 464 2458 8088 5226 286 1156 6643 3711 3228 1320 1790 2848 6729 1290
67 8006 5001 6636 8839 4197 3400 4408 4642 3609 6980 1075 2424 5801 3593 7635 2696 7278 10 7763 5695 648 84 1351 6181 9460 541 4314 3166 4650 2591
68 416 3325 2262 2577 9481 8640 6949 8870 5984 6150 7057 7764 658 816 1080 877 5158 7771 9944 6258 2916 4410 787 76 1478 1507 903 5643
69 337 1748 392 3957 399 6707 209 8140 8718 661 3211 2102 3179 4032 1232 2096 4798 9678 9516 4992 5412 139 735 406 3604 4251 1663 1648 1936 3923 6097 1604 5554 7242
70 9440 3026 4008 3886 9904 1634 5705 8295 6836 3111 361 1822 3485 564 2689 771 1539 6272 4865 5012 4163 782 2149 4994 9411 5304 1358 1799 3577 307 673 4282 2889
71 7818 8180 5477 8948 742 3323 5063 5863 2575 9782 9562 6988 5524 4182 9768 576 925 6174 8918 9908 2850 3759 123 2496 8989 7243 5797 1121 5005 349 2960 199 1826 8 7347 6887
72 4674 827 93 9203 7913 490 5656 1859 438 8474 4801 3997 772 1057 1592 7809 8970 5925 1964 6973 5909 3777 8241 421 4810 204 2095 8407 4709 4317 7498 2780
73 872 8748 1058 605 1026 6677 3271 7291 5434 6215 1616 5176 2309 2643 6401 7546 7621 6737 8940 1834 6486 3614 2162 3277 740 1778 6059 454 7509 880 849 634 3927 2198 426
74 275 5173 5512 368 833 5470 2982 812 2878 1512 2305 3203 425 7589 2601 1357 9675 7135 2681 3894 3989 6946 3946 3513 1683 512 5874 907 1925 1395
75 1630 94 7460 7096 3984 110 4513 2049 6629 5620 1510 6379 6686 4258 7594 1978 5675 3268 3204 299 1730 4999 1288 8819 335 1090 2853 4936 1832 2703 5783 3340 5445 4436 4869 5482
76 4523 7648 2042 1547 1067 1948 3066 4524 749 2678 2746 640 3778 6804 5305 6423 6896 1994 8477 1255 5066 9095 3586 5662 1916 3419
77 7217 5212 455 3913 6362 3008 2139 9885 2280 2584 2815 445 5609 1946 8795 7908 5679 2537 6693 9596 832 1923 1733 1405 3014 545 2932 8942 2879 665 2873 4822 1304 7382 5851 554
78 2938 1740 141 4478 6158 6642 2135 6689 1552 1002 338 807 6408 594 960 4938 3337 4474 2366 6348 2380 463 5666 4335 1621 1089 3756
79 9832 9165 3350 152 9981 6716 2097 778 9732 1805 109 1817 2898 3884 6027 9504 1894 984 7211 5021 435 1477 2365 4167 3260 6991 401 221 2412 4113 413 6030 1753 7951 28 3198
80 7153 2603 1345 1545 8146 952 5605 3794 393 1393 3070 3493 9430 567 7032 5561 4726 1643 6813 664 895 4689 2970 3251 8103 8427 7895 5235 7728 6467 6552 5872 4894 5721 2701 1638 494 1270 1077
81 8387 3949 6599 4149 2080 7094 1252 4406 8506 5242 668 3848 2253 1647 4614 3736 1355 4122 5903 1272 2553 2278 6557 2457 1422 5822 9360 8528 7117
82 7034 6933 2308 3151 4196 1794 2245 9607 9137 6100 5916 2421 4761 2460 1708 2581 3887 721 1337 6558 715 2272 516 946 1560 5116 8095
83 3512 6785 7335 3542 1302 1758 8206 9358 271 5693 4237 1755 6589 7639 8767 2349 6452 2598 2795 9609 8187 7102 3802 5371 5447 2525 815 485 2486
84 9262 6504 6649 6037 64 2405 2473 5792 4151 9425 86 1844 8875 3205 7142 1739 2019 1513 963 893 6087 2527 2048 3225 2983 8590 624 7866 7748 707 2649 1746 1388 5526 9517
85 4971 5144 2924 9040 3360 1344 9454 4465 9085 3443 2967 6745 38 2640 8322 1815 7345 1713 2907 7226 6237 2378 5454 3484 3573 9277 8806 5246 5725 70 9886 9559 6165
86 2369 3553 4752 8512 5641 9652 2587 7269 8056 9134 5876 6044 5055 5812 3433 9519 6779 4328 1012 6130 939 6871 1697 6907 1590 2195 7702 2720 5110 6052 4537 4063 6102
87 5263 4681 2888 358 451 505 2803 5957 1350 6909 2880 2290 1311 6163 3353 2419 1041 5835 8704 2576 5049 2758 6573 5206 7454 8332 5744 590 2281 232 2311 9241 2883 8734 4656 968
88 998 284 8244 4757 6457 2568 7013 2452 9538 5160 4048 5803 1828 5251 9749 7238 1963 5120 396 3796 489 194 74 297 3181 456 245 4325 7283 8770 8938 9710 1482
89 559 5628 1462 6080 9842 6818 1064 705 1221 376 9373 2395 2914 2956 3126 1069 258 4214 7124 2337 5431 7966 1474 2798 957 5617 5287 636 690 2487 7244 4288 9759 8219
90 2518 6917 8444 5752 6155 2285 3590 449 4809 4124 2931 6989 7990 3929 5860 4942 3835 1379 6894 6334 9952 3278 6144 5896 403 876 1052 3265 2112 4799
91 2295 6890 4973 9442 2988 1401 2706 560 2341 2942 5625 6045 8642 2291 3499 8087 4482 6787 6549 8629 3980 7463 2218 3624 6546 2529 1168 9794 8461 1397 2503 3266 720 1110 3379 1495 1737
92 4168 205 7975 659 5971 3463 8374 7986 5774 4366 3289 2864 7699 3862 2439 8243 2407 5472 2977 156 4165 6242 2056 2318 9088 107 3195 2841 1646 8309 3694 5545 2355 3154 9186 9208 6877 5333 7892
93 386 1602 6329 3162 4699 2595 8149 3715 2169 9039 515 443 1674 3095 5935 1505 6425 3494 3423 7165 3842 3741 8388 4783 3167 2619 5689 397 3758 2171 4194 1197 3391 7867 2246 2790 1546 5367
94 1871 2222 1130 24 6012 1456 1889 3735 5830 1950 7266 2804 1710 6475 6510 3784 9175 5269 371 1635 879 8871 1919 5845 2748 1236 953 3959 4452 1679 9305 3110 1502 1671
95 5325 4422 1404 5508 7295 3642 6580 8755 1867 3128 4162 1533 2961 3943 1735 3127 147 3125 5865 6676 6906 3246 3765 2039 520 5604 7553 8355 2099 1387 4768 7585
96 1939 1873 2392 2563 5346 2561 7281 3729 2712 5374 2847 8169 4949 6981 1146 971 4968 617 1087 5497 254 7195 4377 3256 5534 3983 7414 7122 4468 734 5186 8292 4022 4613
97 666 9311 9231 7207 3345 1158 8797 7707 5247 1609 113 2373 2621 4202 6131 5372 9469 8308 6288 8740 1234 1988 8630 596 8114 2753 3790 9123 4242 2830 5285 523 4342 5276
98 6064 6154 8766 7482 4930 7506 8538 2966 8621 3117 1628 4917 802 1230 4277 2061 1211 3418 5178 5616 4619 2567 3676 3625 1596 4583 532 8442 9317 3291 9146 3359 3831
99 1650 4739 2813 752 2212 7392 5557 5364 5029 4787 6449 3846 4850 2090 4077 1000 1922 5861 4951 2666 2043 9640 4348 3109 1880 5163 4985 5794 1182 3027 2887 5788 7312 3032 5558 8751 6698
