100
0 142 160 180 225 298 331 339 353 396 398 424 489 624 641 651 720 751 887 896 928 995 1008 1019 1110 1137 1183 1218 1223 1369 1384 1447 1494 1522 1643 1656 1702 1725 1771 1805 1884 2020 2045 2052 2142 2526 2659 2688 2825 2841 2849 2862 2899 2919 3053 3054 3160 3293 3299 3457 3624 4266 4329 4460 4479 4568 4742 4829 5046 5448 6092 6160 6266 6915 7013 7707 8381 8461 8549 9030 9054 9517
1 1 3 14 15 17 24 26 33 41 45 53 56 64 67 76 85 86 90 92 96 100 110 121 123 144 162 187 199 231 245 252 299 301 422 446 815 869 2140 3912 4040 4589 8015
2 1 3 4 5 6 7 8 9 11 13 14 17 18 20 21 28 29 31 32 35 36 37 42 44 45 54 58 60 61 62 63 65 69 70 84 88 112 114 117 126 131 148 184 193 211 252 268 342 355 389 442 485 583 625 632 731 737 751 797 879 940 1070 1089 1171 1352 1591 1604 1756 2208 2685 3106 3158 3199 3244 3398 3514 3621 3706 3756 3774 3818 4063 4102 4291 5182 5276 5554 5659 5661 5985 5990 6930 7984 8402 8703
3 31 46 50 73 92 93 101 105 125 144 170 183 235 249 271 343 403 489 495 680 715 720 725 735 809 896 1005 1114 1131 1258 1456 1549 1593 1638 1734 1888 2067 2258 2385 2572 2942 3097 3160 3455 3493 3591 3676 3981 4430 4594 5286 5329 5463 5582 5848 6163 6188 6745 7342 7373 7776 7975 7977 8466 8801 8948 9138 9710
4 59 130 134 136 160 167 174 195 200 257 308 333 387 391 511 519 534 654 660 742 1012 1113 1601 1805 2132 2143 2431 2523 2720 3033 3293 3348 3420 3995 3999 4025 4157 4277 6147 6180 6376 6388 6744 7275 7307 7995
5 8 11 17 18 28 31 34 56 64 68 76 78 86 88 96 97 104 118 135 149 151 157 171 207 240 245 269 390 439 496 552 611 637 650 715 716 747 948 977 1153 1173 1225 1236 1283 1321 1584 1651 1674 1697 1735 1881 2106 2608 2785 2841 3266 3363 3467 3706 3870 4982 5313 6347 7537 7624 7915 8080 8215 9335 9447 9502
6 4 5 6 12 13 14 15 19 24 27 33 34 35 36 37 38 40 41 44 52 56 57 58 60 61 83 90 95 112 119 123 126 132 135 145 146 157 176 193 243 253 280 389 443 482 585 632 655 684 737 776 869 1310 1321 1437 1476 1597 1613 1638 2076 2153 2177 2371 2444 2902 3057 3172 3198 3379 3441 3887 4336 4500 4977 5634 6373 7347 9519
7 7 12 13 26 42 44 46 47 49 51 52 55 63 65 66 79 84 88 90 102 110 115 118 125 131 139 145 157 158 175 183 252 309 316 331 342 348 356 382 459 589 596 612 650 725 800 972 992 995 1437 1452 1896 2169 2296 2304 2330 2735 3211 3424 3448 3543 4103 5910 8955
8 0 13 21 34 38 39 40 58 59 65 77 119 145 147 173 178 185 253 274 277 280 290 310 398 404 429 484 594 596 684 703 707 735 1089 1134 1195 1287 1290 1294 1327 1388 1440 1468 1495 1571 1572 1597 1632 1679 1780 1783 1871 2171 2244 2292 2572 2703 2857 2902 3198 3543 3692 3747 4525 4864 5011 5247 5367 5472 6518 6628 7218 7292 7798 8156 8528 8734
9 11 33 37 52 53 56 57 59 60 64 73 84 86 104 106 110 162 173 176 204 231 277 289 330 335 395 401 432 443 468 510 513 526 574 587 611 637 720 731 784 815 873 957 1001 1093 1195 1284 1312 1562 1723 2140 2162 2258 2616 2726 2735 2740 2820 4308 4390 5200 5862 6005 7878 9382
10 17 18 31 39 43 48 50 53 60 63 75 111 123 138 147 152 156 268 269 273 290 299 329 382 442 482 595 599 624 636 638 655 659 663 716 726 805 829 841 849 878 914 915 940 978 1131 1691 1707 1737 1771 1793 1809 1826 2169 2240 2701 2741 2757 2871 2905 2950 3071 3424 3477 3635 4090 4210 4266 4310 4317 4421 4432 4978 4985 5031 5268 5276 5725 5926 6049 7959 9047 9053 9086 9335
11 2 3 6 7 8 10 13 15 16 17 19 20 25 33 34 37 43 46 47 52 54 60 61 65 73 79 80 83 84 112 117 123 148 196 206 253 267 268 301 372 410 542 659 979 1183 1385 3182 8139 8992
12 0 1 2 3 4 6 8 11 12 13 14 16 23 25 26 27 29 30 32 36 42 44 55 57 58 62 69 72 78 82 88 107 114 117 121 138 158 161 164 168 176 184 187 206 252 253 290 303 316 330 389 554 595 612 624 632 662 728 1077 1263 1310 1524 1591 1850 2116 2148 2153 2196 2371 2757 3441 3483 7929
13 109 118 125 127 165 207 327 350 393 400 425 553 567 602 717 807 984 1086 1112 1123 1445 1801 1913 1925 2142 2190 2509 2587 2852 2922 2978 3066 3251 3284 3943 4094 4350 6131 6644 6684 8802
14 59 79 111 121 130 169 179 195 206 214 233 236 245 250 290 391 475 503 523 597 762 825 926 933 1097 1135 1189 1251 1442 1612 1762 1768 1959 1985 2205 2316 2334 2768 2857 3054 3243 3516 3768 4122 4417 4539 4885 5312 8355 8430
15 0 1 2 4 5 6 8 11 12 13 14 15 16 19 20 21 22 23 25 26 27 29 41 42 44 45 55 56 57 60 61 62 63 69 70 107 120 131 135 138 155 161 187 199 243 280 285 290 301 316 330 331 356 389 404 513 574 632 709 725 968 1263 1270 1495 1506 1597 1734 2707 6502 6668
16 47 177 181 209 223 247 275 279 308 313 323 565 578 722 807 833 1198 1277 1313 1590 1648 2156 2166 2427 2491 2767 2812 3577 4104 5484 6565 7774 8875 9246 9837
17 93 98 99 111 195 196 201 245 257 272 333 334 364 378 396 436 461 494 510 602 665 946 986 993 1398 1420 1436 1667 1963 2006 2072 3025 3306 4167 5108 5278 5686 5893 6783 8520 9470
18 59 67 77 92 94 99 102 129 137 175 179 189 204 212 229 265 267 269 280 289 301 365 390 408 439 495 524 526 598 647 686 715 747 879 979 1001 1019 1161 1171 1369 1395 1401 1447 1457 1930 2138 2523 3053 3888 4089 4302 4558 4703 5381 5634 6501 7607 8100 8334 8360 9611
19 14 25 46 52 76 77 80 81 102 108 151 168 175 198 216 231 250 256 264 282 356 377 388 480 482 517 536 598 708 739 764 784 817 871 940 1073 1117 1227 1524 1601 1612 1799 2171 2348 2374 2552 2872 2967 3046 3203 6087 7387 8355
20 32 48 50 63 71 103 106 109 154 155 159 199 204 212 214 218 227 234 245 255 261 272 280 343 387 417 421 432 439 495 503 516 703 933 1000 1052 1117 1225 1283 1429 1632 1702 1771 2158 2374 2849 2858 3286 3428 3533 4225 4801 4880 4909 5779
21 0 2 3 7 9 12 13 14 15 16 17 19 20 21 22 23 25 27 30 31 33 35 36 38 41 44 54 55 56 57 60 63 70 74 82 88 96 107 110 114 120 131 158 161 164 166 199 236 252 329 342 494 542 583 595 737 850 977 1152 1554 3158 3475 4247
22 0 2 3 4 5 6 7 9 10 11 12 13 14 15 17 18 19 20 21 23 24 26 27 28 30 32 37 41 44 55 56 58 61 62 63 72 74 78 82 102 117 120 126 135 139 155 164 176 197 224 236 253 280 299 303 309 355 389 404 442 468 501 583 709 731 751 859 909 977 1132 1173 1290 1310 1930 2045 2402 2818 2848 3379 4226 4510 4520 6035 6379 7293 7624 9517
23 2 35 46 49 52 56 59 64 70 72 84 108 138 139 150 152 159 180 196 207 245 252 253 261 264 310 325 330 343 346 355 410 455 536 545 707 764 817 857 880 881 948 1096 1300 1387 1412 1429 1524 1628 1745 1799 1972 2187 3839 7607 8138 8911
24 0 7 13 15 22 32 35 37 38 40 42 50 53 67 77 81 86 120 122 144 149 178 183 184 210 267 269 271 325 382 426 542 624 680 878 914 1119 1151 1152 1184 1376 1522 1793 1930 2088 2136 2168 2264 2492 2577 2785 3038 3416 3483 5395 6087 6628 6698 7086 7373 8992
25 80 104 130 143 157 179 203 230 232 233 261 267 294 308 383 391 432 436 445 487 531 619 694 731 849 919 952 1048 1174 1222 1272 1442 1478 1482 1524 1610 1667 1673 1733 1888 2000 2061 2106 2175 2264 2420 2709 2770 2816 3196 3262 3398 3747 3880 4221 4397 4554 4724 5482 6115 6534 7242 7382 8243 8360 8489 9677
26 2 4 8 12 15 16 24 25 27 34 36 46 55 64 79 80 84 91 102 106 118 120 123 131 144 147 155 168 170 173 199 210 240 267 309 332 409 646 709 849 907 1019 1073 1155 1967 4115 4497
27 0 1 3 4 5 8 11 16 17 18 23 27 29 42 43 47 53 65 92 110 112 115 118 122 132 147 161 164 176 178 198 228 240 249 267 271 300 331 348 443 487 524 552 604 609 647 919 1954 2116 2627 4510 5860 6668
28 19 31 34 51 61 67 94 105 110 118 132 137 143 155 159 164 170 173 198 255 264 274 316 321 370 421 621 653 681 824 825 881 899 968 1001 1008 1106 1344 1352 1583 1627 1917 2185 2360 2385 2576 2601 3428 3458 3631 3768 4157 5447 7708 7971 8492
29 93 101 106 109 113 134 140 144 156 160 176 203 212 214 225 244 288 319 329 331 335 361 393 417 461 482 594 597 727 760 762 778 805 966 1272 1697 2726 2955 3764 4672 4724 9199
30 31 37 76 93 98 105 124 129 131 133 149 150 152 163 191 195 234 255 288 327 372 449 498 503 531 532 602 625 742 836 993 1132 1599 1610 1933 2076 4127 4372 4801 8654 9285
31 1 3 8 10 19 21 22 23 24 26 31 34 41 49 51 52 54 58 61 63 69 82 83 86 92 96 103 110 117 131 132 139 140 157 158 187 197 207 252 280 300 301 356 482 513 552 554 659 776 915 957 1052 1065 1106 1151 1183 1365 1734 2196 3697 5626
32 2 13 17 18 19 24 25 26 35 47 60 62 67 69 89 96 115 131 137 164 176 184 197 204 235 300 339 346 426 459 513 549 561 638 663 709 716 728 782 957 968 978 999 1027 1065 1194 1200 1270 1307 1315 1554 1604 1704 1771 1780 2296 2298 2402 2486 2614 2659 2683 2700 2717 2819 3071 3398 3470 3489 3613 3661 3807 3923 3977 4343 4364 4607 4741 5051 5124 5598 5603 5615 5838 5921 6049 6378 6379 6616 6979 8672 8993
33 42 48 55 59 73 75 84 86 87 89 92 95 98 104 107 157 162 178 204 211 229 231 277 299 409 432 439 476 480 596 646 995 1019 1114 1284 1384 1428 1583 1604 1783 1807 1989 2214 2274 2383 2444 2521 2659 2717 2825 2845 2849 2858 2950 3053 3097 3198 3204 3248 3428 3455 3489 3514 3543 3563 3600 3639 3774 4172 4676 4810 4820 4953 5101 5150 5754 6086 6539 6656 7437 7585 7832 7918 8156 8488 8751 8853 9365 9572 9896 9933
34 5 14 15 24 30 32 36 39 46 52 63 64 66 68 73 74 85 89 92 121 139 156 162 164 166 168 196 371 375 410 429 542 611 614 680 1089 1221 1290 1324 1575 1587 1601 1809 2073 2153 2214 2444 2713 2823 2847 3097 3222 3441 3514 3642 4023 4817 4895 5031 5277 5603 5850 5862 6265 6577 6604 8541 8702 9824 9886 9894
35 186 195 259 307 344 350 351 385 448 454 473 500 969 996 1041 1061 1065 1074 1122 1186 1395 1440 1489 1516 1604 1607 1721 1883 1959 2148 2464 3011 3190 3537 3923 4164 4358 4613 4710 5158 5221 5552 5895 6059 6137 6644 7537 7559 7709 7718 7970 8030 8315 8450 9322 9713 9957
36 94 105 118 137 146 319 359 383 406 497 501 531 532 563 590 616 631 647 651 657 749 967 973 979 1023 1351 1508 1528 1736 1783 1936 1966 2019 2163 2180 2552 2739 2810 2862 3175 3194 3447 3471 3563 3586 3718 4704 4724 5329 6946 8465 8931 9246 9542 9562 9710
37 32 33 43 48 49 51 56 61 66 71 73 77 104 140 149 152 158 175 184 198 210 252 277 339 356 395 410 455 496 524 536 538 566 572 611 681 797 859 880 968 992 999 1027 1095 1096 1222 1256 1315 1350 1556 1754 2240 2430 2651 2744 3410 4023 4314 4371 4525 4807 4848 4865 5429 6787 7291 7557 9225 9542
38 133 142 165 209 222 232 263 293 304 333 385 415 419 440 803 949 954 994 1041 1303 1621 1772 2047 2417 2431 2593 2696 2738 3205 3323 3471 4018 4221 5108 5803 8295 8342 8643 9574 9906
39 33 34 50 51 53 55 67 74 80 87 96 98 106 118 124 159 207 212 250 267 273 335 454 503 566 583 646 662 764 777 778 896 1000 1153 1222 1260 1296 1324 1520 1674 1723 1967 2088 2229 2503 2825 3493 3631 4430 5391 5480 5546 5705 5895 7048 8316
40 37 43 51 52 61 68 75 85 97 111 112 123 135 142 172 180 218 231 245 249 298 321 329 335 510 538 566 599 703 784 789 800 825 843 871 907 915 972 1114 1184 1263 1330 1401 1522 1571 1771 1790 1930 2120 2216 2316 2604 2639 2744 2923 3053 4022 4408 4421 4849 5514 5668 5725 5778 6362 6831 7003 8835 9593 9652
41 3 9 10 22 31 37 40 43 45 49 50 73 75 78 79 81 82 83 84 87 95 96 117 121 125 131 148 152 184 207 224 300 325 329 382 426 442 476 549 554 625 638 665 715 737 900 979 1168 1173 1287 1408 1756 2076 2492 2504 2526 2533 3248 3591 3884 4142 4364 4413 4525 4609 4728 4837 5616 5621 5659 6656 8528 9039
42 0 6 7 9 10 11 12 13 18 20 21 23 25 28 29 30 34 38 40 41 52 54 58 62 69 72 74 79 82 90 103 112 114 119 123 126 131 138 140 161 166 229 252 300 331 332 348 356 432 451 484 650 665 681 708 914 1184 1263 1387 1495 2168 2291 2504 3585 4288 4537 4925 5860 5973 7360 8992
43 99 100 122 134 149 174 176 195 200 219 250 257 321 353 361 386 402 515 702 750 1128 1210 1274 1316 1513 1621 1678 1721 1876 1988 2025 2160 2218 2480 2573 4021 4372 4726 5269 5390 6126 6655 7559 9271
44 51 55 75 83 85 89 94 100 105 111 117 142 162 170 171 216 234 274 277 309 377 409 422 496 526 536 671 868 1017 1070 1651 1826 2114 2196 2293 2563 2698 2872 2983 3131 3970 4089 5395 6169 6228 6684 7594 9081
45 0 1 3 5 6 7 9 10 11 12 15 16 17 20 23 25 26 28 29 30 31 36 38 44 45 55 58 69 70 72 74 78 82 88 97 107 114 120 121 135 145 158 161 164 193 197 229 243 252 309 332 355 426 655 681 899 1122 1510 1881 2170
46 0 1 2 4 10 17 18 19 20 22 23 24 28 30 31 33 38 40 44 52 57 65 72 74 80 83 88 96 97 103 110 138 140 145 146 148 152 155 158 211 243 330 382 389 410 482 484 485 545 549 637 665 873 915 1155 1183 1294 1502 1524 2208 2291 3264 4148 5209 5974 7408
47 5 10 14 26 38 54 64 83 87 90 91 98 107 110 118 125 137 138 224 249 269 289 339 377 388 408 429 444 480 484 587 598 614 715 805 824 845 868 928 962 985 1005 1204 1434 1754 1967 2768 2985 3022 4336 5497 6178 8015 9732 9768
48 6 15 16 21 31 33 34 40 43 47 48 49 53 57 62 92 97 102 103 112 115 117 119 138 146 147 148 166 178 198 204 211 224 300 301 348 356 404 410 424 496 545 561 632 751 815 878 968 971 1256 1344 1376 1384 1395 1510 1554 1610 1643 1812 2148 2359 2905 2955 3477 3684 4103 4148 4347 4799 5643 5843 5973 7007 7674
49 59 70 73 77 81 84 88 91 106 109 111 148 150 166 171 204 212 218 244 272 288 309 361 388 409 484 498 519 531 532 566 572 739 778 829 907 1260 1298 1452 1480 1522 1671 2238 3332 3369 4276 5241
50 18 19 41 48 61 75 79 98 101 139 148 151 155 159 185 189 198 206 210 211 228 240 268 289 301 303 343 382 444 445 485 515 519 707 734 735 813 817 901 1221 1369 1376 1482 1483 1524 1702 1871 2114 2126 2292 2477 2492 2513 3443 3927 4225 4309 4507 4863 4864 5084 5295 6502 6523 8839 9346
51 0 1 2 3 4 5 6 7 8 9 10 11 12 13 14 15 16 17 18 19 20 21 22 23 24 27 28 30 32 35 37 38 41 44 45 55 58 61 63 72 74 78 82 102 121 138 155 197 280 329 371 426 468 725 977 1387 2148 2818 2826 3046 3923 5501 5659 9365
52 50 85 127 133 136 194 200 203 315 406 447 476 498 527 712 742 786 982 1078 1379 1445 1465 1853 1875 2044 2082 2190 2852 3323 5034 5804 5817
53 4 17 30 41 55 89 92 93 99 100 101 103 104 110 128 129 137 150 166 216 238 254 332 356 370 398 417 485 496 534 641 665 762 899 1077 1106 1571 1704 2249 4478 4977 7064 8660 9294
54 6 9 17 19 20 23 25 29 36 39 42 44 48 53 60 66 72 78 80 81 83 89 95 110 118 132 147 193 199 204 210 231 309 331 382 395 443 451 468 487 561 566 621 624 655 663 728 797 869 935 1171 1184 1476 1780 2291 2316 2383 2612 3635 3839 4787 6572 8219 9146
55 1 2 4 7 8 10 11 12 13 14 15 16 17 18 19 20 21 22 23 24 27 28 29 30 32 35 37 38 41 44 56 57 58 63 72 82 84 88 114 117 121 126 139 145 152 155 158 164 166 176 193 199 206 229 249 253 316 330 356 410 468 485 650 686 725 731 737 797 867 900 957 1070 1089 1184 1263 1270 1283 1334 1434 1495 1502 1737 2112 3244 3477 3774 4148 4650 6887 7293 8147
56 46 47 76 97 100 101 108 113 120 124 126 128 142 156 163 201 211 274 364 374 388 410 443 455 597 636 707 880 948 966 1000 1221 1232 1287 1298 1936 2120 2177 2425 2639 3470 3698 4514 5225 5270 6082 7548 9915
57 2 5 12 14 16 26 39 43 46 48 53 62 63 64 70 77 90 100 112 125 162 172 196 236 300 393 422 429 444 480 496 566 572 611 624 636 653 720 884 962 968 1336 2348 2359 2700 3831 3975 4881 7325 7672 7918
58 9 11 22 24 29 32 39 59 60 76 81 86 91 92 95 100 107 139 172 175 178 183 256 285 289 299 374 377 395 646 703 720 805 836 850 909 928 1004 1132 1330 1350 1541 1549 1757 1809 2857 2985 3540 4859 6486 7013 7279
59 209 225 246 259 272 286 304 305 323 440 475 512 523 670 726 746 756 763 866 910 1187 1277 1325 1477 1489 1805 2104 2231 2692 2783 2866 2980 4034 6134 6246 6726 8146 8149 8226 8969
60 22 23 40 47 52 99 101 103 109 115 124 128 137 142 143 152 163 212 216 235 253 298 310 383 390 403 455 457 516 552 782 929 1017 1128 1131 1756 1841 1942 3319
61 3 7 27 48 52 68 71 79 87 89 91 104 105 106 108 113 115 122 142 157 212 255 339 342 365 374 389 408 422 476 503 574 609 650 731 1541 2158 2430 2649 2976 3082 5751
62 105 112 124 155 177 203 219 221 223 265 333 363 384 386 402 445 476 500 553 619 803 1012 1023 1051 1122 1187 1223 1251 1283 1349 1591 1702 2050 2079 2091 2298 2941 3251 3561 4532 5055 5210 5284 5951 6224 9634
63 3 7 9 12 13 14 15 19 20 22 23 25 33 38 44 45 46 47 53 55 56 58 61 69 72 82 95 96 97 107 110 112 135 145 148 157 164 168 198 243 268 280 342 372 375 451 468 583 585 587 815 829 849 859 977 1183 1385 1395 1495 1524 1571 1638 1714 2112 2148 2291 3398 3759 3991 4281 4813 5313 6730 7892 8200 8897
64 3 25 46 54 72 81 83 91 108 140 146 157 158 185 211 240 310 388 408 455 516 542 679 751 778 784 800 805 824 873 962 977 1005 1073 1110 1151 1168 1290 1296 1412 1434 1482 1495 1593 1601 1638 1894 1930 1958 1988 2126 2145 2147 2177 2187 2238 2298 2591 2659 2705 2930 3032 3204 3211 3358 3483 3497 3520 4067 4171 4342 4662 4688 4834 4919 4938 5150 5526 5582 5621 6035 6092 6165 6290 6767 6769 7048 7069 7081 7086 7211 7518 7712 7837 7862 8034 8309 8334 8454 9305 9584 9665 9993
65 29 32 34 39 43 47 71 73 84 86 98 119 121 125 162 171 183 198 224 238 253 409 410 422 429 432 455 815 841 884 927 1004 1095 1296 1324 1385 1412 1476 1491 1881 1981 2136 2296 2780 2791 2847 3141 3410 3759 3769 4188 4594 4725 4820 4848 4962 4978 5721 6515 6575 6979 7155 7687 7753 8374 8761 8965 9301 9464 9559
66 0 14 46 49 70 75 76 87 91 111 118 125 171 249 339 375 393 398 408 409 443 457 524 549 596 646 684 734 747 845 909 999 1093 1114 1124 1369 1413 1793 1807 1877 1937 1951 1981 2139 2185 2198 2579 2653 2717 2809 3142 3457 3532 3700 4040 4507 4696 4744 4814 4864 4994 5336 5472 5845 6656 7253 7325 7658 7677 8012 8116 8955 9888
67 0 2 3 4 5 7 8 10 12 13 14 15 16 18 19 22 23 24 26 27 29 30 32 35 36 37 38 42 54 57 58 63 65 78 82 88 102 107 114 120 138 145 152 158 161 176 184 285 342 356 468 485 554 621 671 681 725 751 797 873 968 977 1334 1365 1387 1434 1564 1597 1667 1671 2060 2148 2383 2889 3182 3389 3767 4768 5333 5921 6138 6238 7104 8450
68 51 71 92 109 126 130 134 136 170 171 235 254 255 310 364 383 424 495 517 595 599 604 612 631 647 702 715 887 899 1320 1332 1395 1420 1428 1436 1442 1491 1979 2112 2216 2274 2313 2487 2513 2973 3158 3411 3502 4266 4597 4919 5350 5526 5661 5667 5990 6097 6459 6698 7584 7850 7986 8241 8365 8938 9017 9360 9543
69 136 141 181 189 191 200 232 244 257 265 270 318 509 615 687 756 933 973 1011 1061 1112 1446 1661 1696 1757 2033 2085 2120 2158 2420 2741 2744 2864 2919 3215 3266 3499 3561 3853 4035 4301 4436 5253 5605 5876 6452 6543 6986 7042 7337 7827 8270 8271
70 75 94 132 145 154 170 179 201 216 218 261 264 339 365 384 410 424 442 487 619 631 762 778 809 824 843 1000 1012 1113 1137 1224 1258 1388 1412 1627 1757 1877 2017 2134 2147 2313 2425 2547 2562 2666 2741 2973 3135 3686 4099 4618 4624 4864 4962 5255 5349 5434 5801 6050 6304 6718 6729 7401 7546 9649 9716
71 33 42 101 128 134 137 151 163 216 257 284 298 327 375 384 387 421 455 534 634 881 903 926 946 983 1442 1629 1721 1762 2000 2020 2684 2824 2972 3117 3953 4044 4131 4632 5020 5447 5850 6924 7600 8019 8334
72 4 92 100 103 121 129 138 167 180 189 201 243 257 264 325 436 444 489 495 515 516 599 742 789 824 890 1017 1093 1224 1298 1300 1320 1330 1384 1408 1417 1429 1478 1483 1606 1834 2063 2114 2261 2419 2538 2809 2844 3532 3540 4040 4568 4801 4852 5038 5205 5404 5845 6082 6467 6845 7147 7226 7922 9351
73 70 79 94 97 109 113 137 149 163 179 244 250 254 282 294 417 454 475 510 523 596 631 686 1008 1122 1128 1137 1187 1204 1232 1456 1494 1751 1936 2063 2538 2579 2700 3824 3826 3862 4703 5124 5450 5653 6188 6735 7732
74 15 22 24 28 29 34 36 40 43 45 50 59 76 77 83 98 159 180 199 250 268 282 325 390 446 457 517 583 880 1134 1260 1723 1807 1917 2624 2848 3455 3759 3884 4373 4429 4609 5011 6005 6848
75 0 5 6 16 21 26 28 30 33 36 37 39 41 47 49 53 66 67 69 73 75 97 102 139 144 146 147 175 309 325 346 382 390 442 583 662 679 849 919 999 1434 1521 1587 1628 2448 2521 2616 3270 3676 4413 5773 5876 5887 6379 7454 7966 8734 8933
76 0 2 4 5 6 8 10 12 14 15 16 19 21 23 24 27 29 31 32 34 36 38 58 60 62 70 72 78 86 96 97 110 112 117 119 126 132 139 140 148 155 164 166 184 199 236 253 285 332 355 371 372 389 404 542 549 681 867 869 900 1388 1476 2060 2208 3279 3408 3849 3992 4364 5313 6402 8095 8988
77 133 181 191 208 217 219 272 279 313 347 449 464 512 635 712 969 1071 1215 1333 1463 1866 1883 2265 3045 3180 3281 3293 4138 4959 5872 6024 7792 8332 8733
78 18 32 35 39 48 50 64 83 87 99 122 129 154 171 172 210 214 238 245 282 371 454 619 680 789 901 1194 1281 1502 1597 1629 1697 1840 2282 2293 2858 2943 2981 3407 3631 3676 3981 4672 4834 4859 5404 5819 7499 8702
79 15 46 47 50 51 56 58 62 63 64 71 76 82 85 87 97 98 102 104 108 115 119 121 123 142 151 224 238 256 300 310 329 371 372 401 410 476 484 485 594 703 782 850 1005 1017 1727 2533 2604 3890 5069
80 3 5 13 17 20 26 41 42 43 50 51 52 54 60 63 66 69 75 79 82 95 102 103 123 131 138 156 158 184 187 204 268 290 316 329 371 372 382 389 390 426 442 561 585 653 726 751 782 878 900 968 990 1065 1090 1153 1171 1225 1572 1799 1862 2229 2433 2614 2741 2780 2825 3106 3244 4022 4188 4317 4329 4807 5268 5546 7389
81 9 11 12 24 27 28 31 33 34 36 40 45 47 49 51 57 61 65 72 73 74 78 80 81 96 114 132 138 140 146 147 155 161 166 178 193 196 229 231 240 267 273 277 342 355 375 524 609 659 727 829 957 1506 1750 2088 2433 3549 4281
82 50 54 80 113 124 128 129 142 150 154 167 179 225 235 253 271 374 384 386 390 432 461 517 534 662 697 841 914 1134 1218 1227 1251 1541 1546 1606 2052 2282 2697 2967 3856 5707
83 2 6 7 9 25 27 35 37 44 49 50 66 67 70 71 76 84 85 89 91 103 111 120 125 140 144 151 162 206 228 289 335 370 476 859 871 1332 2654 3692 4178 4273 5442 7315
84 0 2 4 7 8 14 18 19 20 21 22 23 24 26 27 29 31 33 35 42 45 46 54 57 58 65 72 74 86 90 95 96 102 114 117 135 140 146 157 178 184 229 236 285 301 451 494 501 587 621 653 1256 1737 2248 2612 3008 3142 3412 4347 5091 7908
85 106 123 133 195 220 225 227 334 359 363 383 388 396 651 687 749 760 779 866 951 983 1048 1135 1251 1718 2052 2167 2500 2692 2965 3024 3036 3119 3251 3598 4750 4781 5605 6180 6475 7876 8860 9030
86 0 1 3 5 6 7 9 10 18 19 21 25 26 28 30 34 45 54 56 57 60 61 62 69 70 72 74 80 83 84 90 95 96 97 102 107 123 126 139 187 193 211 249 252 300 301 303 348 371 404 583 595 625 679 681 708 879 961 1270 1307 1408 1468 1591 1734 4281
87 6 25 74 88 94 119 137 159 163 169 179 194 196 212 214 216 221 227 234 238 257 346 361 377 422 447 454 519 598 659 679 702 735 909 1333 1334 1841 2334 3069 3299
88 85 94 108 130 141 150 161 173 189 194 201 231 250 265 282 308 384 406 445 449 497 510 511 554 628 777 1135 1275 1627 2143 2212 2552 2718 3044 3879 4171 7559 7734 9358
89 4 44 50 53 66 68 91 103 105 118 159 162 178 206 218 227 256 264 330 480 487 545 636 694 841 857 867 896 971 995 1154 1200 1307 1429 1480 1483 1513 1562 1896 2019 2503 2685 3022 3137 3139 3319 3483 3526 4140 4537 4618 4962 5175 5350 5773 6335 7354 7584 7777 8978 9054 9514 9657 9892
90 0 7 8 11 17 20 23 27 28 31 34 48 51 59 61 67 68 72 95 98 104 115 120 162 164 171 172 184 210 228 229 238 372 487 638 646 655 679 686 716 843 900 929 1016 1027 1052 1236 1745 1809 2371 2683 3100 3240 3248 3642 3977 4364 4551 5448 8402
91 99 169 198 209 263 294 349 350 408 415 426 447 644 654 663 833 964 1166 1465 1496 1599 1738 1925 2001 2072 2452 2657 3003 3066 3741 4370 4575 4962 5664 6045 7147 8307 8438 9127 9430
92 8 18 50 52 57 70 75 77 81 91 100 107 109 121 129 142 143 144 147 156 170 172 176 264 273 277 299 316 327 398 442 451 459 538 549 611 715 789 869 928 1227 1412 1541 1583 1673 1799 1862 1958 2298 2922
93 109 113 119 127 128 129 158 160 181 187 212 227 233 275 310 319 327 359 361 376 411 434 449 549 597 750 784 866 1011 1098 1269 1951 2049 2285 3600 3706 3996 4605 4984 6137 7564
94 68 76 128 167 169 185 188 189 194 201 203 282 370 402 417 436 503 590 654 697 735 763 857 967 1031 1218 1224 1558 1661 1665 1768 1942 2048 2085 2360 2816 4850 5483 7042 7635 9485
95 10 40 68 71 85 100 103 105 106 108 113 119 125 132 156 183 210 240 256 289 321 401 444 446 594 659 686 694 720 784 1117 1124 1312 1339 1575 1679 1756 2017 2138 2338 2668 2820 5442 5516 6951 7173 7461 8243 8728
96 3 38 39 48 50 54 55 57 58 62 66 71 79 114 131 147 149 156 183 197 249 268 271 273 346 451 589 609 662 709 715 737 992 1001 1122 1161 1168 1195 1350 1384 1482 1584 1643 1691 1692 1753 1766 1862 2003 2060 2067 2136 2198 2212 2240 2292 2818 3166 3239 3378 3424 3441 3457 3591 3708 3923 4130 4273 4288 4335 4656 4807 4813 5209 5429 5482 5603 5616 5720 6057 6222 6337 6369 6459 7033 7055 7081 7151 7234 7895 8094 8152 8454 8955 9039 9572 9832 9927 9946 9957
97 1 2 5 6 7 8 11 14 17 20 21 22 24 26 27 33 34 35 36 40 41 44 45 54 56 63 65 69 78 82 88 90 96 103 107 114 120 138 140 145 166 168 187 193 197 211 285 290 299 329 348 426 494 585 624 679 727 873 909 914 927 1171 1200 1395 1434 1468 1881 2889 3102 3441 4142 4266 4301 4500 4841 5276 5381 5546 6051 6102 6379 7117 7727 9551 9630 9691
98 1 4 6 7 8 9 10 11 12 18 19 20 21 23 24 26 30 37 38 39 40 41 43 44 45 54 56 58 62 63 65 69 72 110 114 117 121 139 145 146 157 193 224 229 236 285 303 355 410 494 612 621 728 797 815 915 927 1090 1756 2039 2148 2208 2304 2478 2591 3684 3849 4289 5350 5394 6018 6201 6698 7347 7753
99 6 9 23 24 27 29 36 39 47 48 54 67 73 81 84 115 125 135 138 139 145 161 175 178 198 199 207 224 228 273 285 299 325 355 370 424 459 482 604 609 637 747 867 935 962 979 1065 1274 1287 1352 1388 1401 1437 1521 1656 1756 1793 1850 1954 1989 2073 2478 2504 2721 3008 3057 3110 3543 4090 4258 4397 4487 4589 4818 4869 5851 5936 5959 5974 6141 6385 6539 6577 7234 7454 7869 7959 8707
