750
795 796
470 471
543 544
840 841
6 8
620 622
765 769
231 234
665 666
324 327
337 338
889
291 295
986
614
970
610
406
178
100
99 101
129 130
857 858
837 838
720 721
330 331
394 395
335 336
321 322
910 911
149
38
348
21
597
203
826
477
33
813 814
701 703
873 876
662 664
836
286
197
485
103
936
292
987
693
656
213
747
678
621
409 410
438 443
494 495
705 709
890
125
109
631 632
359 363
281
89
699 700
820
24
766
493
339 341
243 244
956 957
517 518
759 760
553 558
512 513
697 698
488
606
644
551
423
907
398 399
208
851
401 402
91 93
27 30
226 227
637 643
595 598
867
364
878
743
272
73
309
829
325
20 26
259 262
147 150
474 475
673 674
523 524
762 763
568 571
497
113
275
87
34
393
536
140
63
505
200 204
105 108
407 408
161 162
932 934
490 492
270 271
188 190
950
370
23
898 901
712
391
159
908
850
784
501 503
937 940
246 248
561
433
411
148
5
70
565
192
289 290
879 881
894 897
80 82
464 465
818 824
771
732
657 659
484 487
877
396
682
914
448
993 995
740 744
415 417
198 199
695 696
219
127
994
916 918
450
922
299
278
955
764
741
94 95
434 437
675 676
710 711
902 903
774 781
187
9
279
184
515
959
569
49 51
382 383
977 979
537 542
403 405
28
654
247
145
855
265
863
255
591
917
176
861 862
10 12
118 119
71 72
0 2
723
467
360
228
532
499
663
251
334
735 737
686 689
618 619
138 143
825 828
961 965
969
728
706
13
533
790
742
431
14
153 155
800 801
144 146
753 758
755
616
931
611
230
971
846 847
947 949
158 160
779
739
468
54 55
864
451
641
48
978
912 915
390 392
191 195
236 237
59 61
260
83
601 603
50
496 498
948
521 522
615 617
375 376
183 185
57 58
880
926
736
776
316
452 454
422 424
156 157
510 511
973 974
96 97
704
456
120
174
808 810
294
179
218 221
548 552
586 587
733
667
378
575
481 482
40 44
15 18
273 280
788 789
550
217
635 636
429
860
888
816 817
343 344
214 215
633 634
277
980 981
756
389
821
519
209
379
459 461
372 373
285 288
797 798
945 946
352
690
545 547
589 590
102 104
508
803
539
245
473
680
210
134 137
714 715
768
92
688
613
526
229
225
212
556
297 304
572 573
577 578
201
887
679
463
604
849
727
724
660 661
583 585
313
81
462
584
435
852
834 835
306 307
173 175
428 432
151 152
628 630
196
254
284
791
342
455 458
131 133
564 566
223 224
707
770 773
314
799
361
41
605
425
114 115
345 350
171 172
180 182
588
193
520
374
205
866 868
266 269
154
367
457
921
483
997
74
353 355
985 988
126 128
46 47
684 685
792
648
362
702
929 930
990 991
716 717
139
11
111
86 88
579 580
211
905
718
354
19
963
4
167
754
62
298
413 414
651 653
884 885
525 527
899
358
233
60
893
239
163 165
638
913
216
168 169
609 612
882 883
384 385
296
719
29
602
333
562 563
939
301
90
859
238 242
447 449
623
349
311
261
319
397
365 366
116 117
576
560
809
351
263 264
36 37
904 909
831
516
3
466 469
480
923
951
896
570
439
567
830
594
842
66 67
64 65
935
672
730
891 892
640
982 984
805 806
557
509
305
77
871 872
812
626
832 833
624 625
310 318
992
303
506
629
347
491
75
962
645
924
599 600
500
652
647
538
52 53
964
972
268
933
787
177
658
691
761
404
865
669
827
45
235
476 478
400
249 250
78
811
874
843
777
194
785
43
122
793 794
941 943
416
671
596
267
655
746
555
729
708
886
958 960
287
164
780
870
713
559
302
356
381
479
206 207
848
531
853 856
528 529
35
983
966
31 32
444 445
627
256 257
996 999
786
39
738
386 388
472
25
650
446
315
136
581 582
329
202
998
142
726 731
749 750
668 670
725
121
252 253
845
368 371
534 535
677
819
1
681 683
241
320
967 968
504
822
927 928
514
222
869
16
802
989
22
775
426 427
546
181
900
421
141
646
844
839
823
189
440
807
574
166
68 69
312
607 608
751 752
76 79
17
418 419
232
441
942
815
976
489
767
649
975
332
123 124
328
7
530
772
944
895
106
502
745
346
919 920
84 85
369
906
925
112
387
778
554
186
276
541
283
722
300
170
357
430
854
694
460
952 953
240
420
875
453
549
757
938
98
323
412
56
687
692
282
442
326
804
42
258
486
436
782 783
380
954
507
274
135
377
593
293
110
540
592
308
107
220
132
734
639
642
748
340
317
750
750
750
750
750
750
