105
5287 2
25182 28737 
1364 2
46785 61473 
5621 2
52140 32620 
3340 2
89643 82696 
8750 2
51553 34853 
6020 2
38495 38747 
6464 2
78557 73781 
1262 2
59548 37217 
9998 2
53242 14081 
9536 1
23190 
3301 1
25109 
9800 1
29458 
6937 1
47247 
1769 1
87017 
1750 1
18814 
6132 1
99616 
171 1
1041 
6475 1
12560 
2376 1
20487 
684 1
76599 
2269 1
13151 
5268 1
72659 
6732 1
68300 
3995 1
98541 
9 1
83907 
2123 1
85609 
4238 1
52583 
1685 1
75488 
9360 1
24107 
7416 1
7481 
1785 1
75745 
4151 1
2007 
3252 1
39908 
4431 1
55114 
6586 1
51950 
1560 1
15046 
9575 1
6882 
1751 1
76085 
3156 1
60921 
5456 1
2203 
7101 1
91494 
5300 1
95188 
5305 1
43610 
8079 1
42415 
6152 1
28053 
8619 1
13613 
2458 1
27462 
8207 1
54561 
4178 1
47125 
7488 1
93814 
6985 1
53397 
1331 1
69820 
6418 1
14997 
3815 1
14465 
6829 1
54721 
1656 1
93771 
7314 1
53518 
8252 1
15644 
7584 1
39153 
6979 1
89839 
619 1
32558 
5263 1
73291 
6219 1
8084 
984 1
5364 
6309 1
11607 
7259 1
28997 
7472 1
75927 
184 1
33542 
369 1
68137 
2985 1
25908 
6031 1
64514 
5310 1
49946 
7571 1
47873 
498 1
75135 
666 1
9951 
5850 1
31379 
4297 1
41818 
5437 1
58359 
4747 1
39334 
9211 1
53659 
6355 1
97645 
832 1
86392 
4182 1
61641 
3613 1
37763 
7995 1
76518 
6779 1
96152 
1094 1
67254 
6717 1
81339 
5147 1
22453 
9024 1
1252 
4530 1
49620 
1108 1
66781 
7492 1
80355 
4730 1
10529 
3060 1
12586 
8633 1
67844 
853 1
6295 
5948 1
80915 
6721 1
31450 
7295 1
50895 
4963 1
99629 
1476 1
47921 
7882 1
54913 
4873 1
72856 
5183 1
77213 
