99
600 97
93375 35347 98323 20198 60758 67832 1859 14304 5569 43172 86357 19927 1063 6730 23843 98077 52736 11430 3081 5688 14297 78011 31590 6069 24411 71153 50817 678 40626 16622 74405 69584 12463 45298 6595 3992 5385 95458 53981 3500 76474 45984 77361 8548 25005 94275 94991 31381 55130 56592 23826 7734 33849 96224 17744 42288 88017 28962 23293 94956 14977 97384 52580 66916 79930 2300 86818 12297 10821 66142 22139 52610 14349 88144 18314 31255 80770 94750 21468 37767 97355 42341 3497 21938 19956 29478 92199 17487 3153 75575 73703 24072 47339 11126 9684 26377 37866 
594 96
95675 8910 77811 24856 1968 52301 99743 94120 13423 25255 1667 18435 94007 68634 54035 18504 58851 94633 6181 72829 17932 21682 61321 11379 63867 86360 47755 60881 84312 82351 65898 28198 92275 67930 96113 29339 28216 35999 50310 90023 1116 33848 23797 21533 59042 45335 20404 20268 81581 97000 12199 1932 37433 59966 66330 61977 95792 61469 90045 14783 3123 37303 13144 97028 12923 29197 99738 56314 32342 30108 27713 82212 30973 45910 42607 76545 92244 91735 8702 47132 12326 5887 25427 99093 72382 24110 34525 99765 22546 93098 97668 77113 60819 30370 17564 20269 
209 96
56274 74594 23766 29464 39957 88554 59445 34146 92751 77998 55663 86616 15873 2422 75322 31727 2984 88808 8248 99004 40398 69999 50963 45077 4391 95405 88360 53786 63183 92953 5223 67641 88852 39268 72777 75323 16582 6493 1982 95909 60805 43021 52507 13168 60765 19917 84594 63515 36925 88442 36162 70228 34567 94339 79487 57945 18949 45216 76856 51869 45370 28228 7917 45721 29525 38487 42730 18579 73055 69464 99961 37070 70275 97234 93733 40571 71694 15403 56664 71473 6180 27975 82748 37080 76048 2033 85343 9384 79580 35017 65089 59000 19074 90316 15417 74921 
583 95
23101 68692 59137 31618 75160 11678 3157 17709 31291 90929 16760 95436 10948 75939 7875 81869 30264 56478 7937 97675 60602 23574 87306 80494 80560 31577 3791 36400 53170 21461 2177 62125 66802 98899 17221 66512 55334 78721 79125 38236 5145 80062 59888 99468 18643 31789 77797 8845 65062 68896 21721 3799 3379 93116 96752 92527 76743 77704 34562 23548 37909 90834 13066 53597 66295 1069 18562 54590 17045 57635 93651 5942 43177 48140 9112 44817 17420 65985 2388 42282 11911 79178 64601 18103 48316 63526 86995 56017 75956 39794 50930 10632 65117 87451 30051 
210 94
292 41228 44394 80799 14593 28809 98700 90206 59762 85632 60019 96573 27024 33164 75429 67 40628 72891 11441 54666 92334 76892 61488 94308 88894 23297 7589 46511 28256 14166 45043 47824 33126 52810 3982 85931 93542 63945 23612 87807 18254 8458 42754 63511 25939 338 55341 48880 47984 23735 38825 2685 8063 81610 24643 57020 4212 44707 32170 6790 19910 65955 31177 53962 53825 44486 54036 36917 74882 79111 42836 88348 35452 80285 48634 75088 46674 15383 24585 22713 64194 11909 99831 53644 90619 46778 33251 86590 70205 68154 65300 36605 71381 25973 
216 92
42834 92358 65336 21595 77945 11704 51049 78066 75380 4798 58755 57275 70461 82273 36696 59396 43100 52140 16192 9305 48238 89713 47003 9679 23925 19821 48999 60906 40500 11148 45039 21685 25772 90666 83014 84551 83078 55396 90009 66709 15934 70896 61872 29296 22693 7171 69396 90250 2977 9402 55766 98328 14043 41670 1528 33894 72398 57098 13483 99106 16359 92099 76465 45463 75166 6196 1477 72424 25680 20339 47067 95656 40365 47887 3928 3208 16029 3036 66143 58046 80392 56501 51023 25315 90688 18508 81552 72782 25396 84504 56665 90959 
555 91
62157 27073 49808 1395 28567 13786 45506 48567 42480 32338 6316 8937 81449 8272 55925 17670 75284 40648 1603 87305 88143 52563 29647 2425 70499 98943 21369 58547 80533 19132 11675 71394 29698 25336 30491 2222 18400 80751 42802 96721 83039 80737 20104 56714 31114 50208 54106 62932 85706 38506 19343 24905 93620 79890 69374 76374 29984 89144 13967 22592 68180 75887 92999 79610 48713 81441 43458 78697 12950 71654 62239 48895 94347 23796 1774 99038 71552 78855 61212 11952 65101 11687 41329 12734 51281 5561 75792 53370 27872 44317 77010 
808 90
73050 98272 58772 29599 75075 37784 88843 2788 5996 38866 12599 80211 46424 92696 27717 34708 67500 38380 9443 87323 23907 93222 43803 77427 97903 96874 99417 89439 80118 20564 69371 50376 18003 69082 49561 98849 77845 34160 38830 96481 89836 39321 46357 61785 10383 99447 64947 11841 78606 13503 66995 81179 8037 14255 55216 17073 87880 54376 55415 79687 60236 94936 34471 15941 1988 84857 96621 14622 56447 62882 47845 87007 74018 94531 12561 23551 25980 51163 84169 89206 89714 3329 42656 4581 58000 67752 87591 1201 34824 71031 
339 89
72093 56685 11226 85842 33939 16460 65989 10571 16906 17524 87887 49080 20228 97963 97734 12308 22452 13418 64657 69900 17051 70459 36312 93518 11172 6498 83739 15802 6556 80315 31600 88817 73030 13634 65410 76712 17908 47538 31498 94891 41067 79982 33258 95677 20701 82733 66102 42706 33764 26611 97530 63342 18614 72058 11434 60030 97717 65090 45621 40878 69123 41202 40242 59266 83930 90764 99589 92646 97809 51138 29363 52926 84875 30692 81369 56070 57920 39425 26770 42697 91955 35515 70378 46985 94015 44847 13049 93525 38018 
597 87
86330 6887 22373 56977 17965 77254 66401 4330 78840 68501 50573 66970 39943 36811 13317 62578 88906 57907 29447 16054 6145 71375 88043 16445 55601 420 82372 39019 44512 59027 89312 31233 67827 55301 74941 44031 48062 10745 97261 70830 65949 8655 54924 7262 56991 57031 76693 47559 99596 9903 22669 30679 3000 93418 71762 42106 9302 87764 65711 41180 51354 61335 73994 62991 17725 84088 87211 41167 1375 33326 44877 3053 79010 58035 92278 18248 41045 33275 83104 91475 54950 45228 75314 86386 2665 10676 21751 
178 87
15516 73877 85431 60432 3695 6246 54730 75469 24801 16418 5376 50110 76333 90904 72608 46060 14674 17798 91466 13498 82255 45945 54094 47690 65637 84814 46635 1782 38272 77613 51705 564 72941 15005 19305 57894 39381 13977 21200 19801 50084 94795 92044 16187 69856 9407 33218 65559 5873 32226 10885 49959 90224 16690 21286 10281 6321 35493 47017 18581 29241 13148 78446 75571 64051 66376 34086 23446 2974 22109 27140 68706 96244 71009 7247 65598 88198 37215 78071 95776 429 90186 8056 92100 20422 39495 9317 
503 86
56830 30100 37681 84440 8287 65341 7746 11111 74531 17367 59610 10288 11901 19822 64392 19105 75331 77393 20428 33970 39290 79795 36754 97461 63827 83171 52361 9129 41111 87200 20671 76452 10801 58583 13870 39038 20286 17388 91811 79919 27553 59801 10887 22895 93948 92407 46658 68540 65713 23339 29578 90329 38102 5980 18125 58001 88468 43696 4569 96156 14943 8333 72410 91759 74155 920 31556 41672 741 55710 73737 48724 51206 5083 48658 9035 92243 77762 55278 33481 15844 19444 56817 95976 28041 1169 
205 84
50311 27332 90949 50583 75062 54977 99207 23999 27680 39629 26432 30000 37665 11199 65972 87038 25881 49689 16635 57593 81020 37244 57024 87738 59299 10086 3283 92844 683 1922 85204 47294 96374 44839 78965 65853 87257 31696 37018 89563 64752 76356 9143 91117 84373 98824 88415 73562 3019 6832 79605 18040 10888 39535 19530 5152 97713 25994 16027 45068 98772 25603 5858 13741 66135 32443 18758 17244 25230 88811 42970 76748 41019 77816 30235 37324 55747 3137 32870 4922 26040 49397 96822 35137 
938 83
45622 35364 78384 98363 77309 42645 23309 14383 43465 89995 6197 93697 48271 69300 99874 77830 68996 73405 4891 33819 99535 413 43875 70603 48201 46922 27515 72650 53401 30934 21631 39839 35996 52227 38562 38156 63754 5913 78687 52664 41857 65890 4469 44808 31139 91601 22464 73642 37599 13300 74249 4749 29016 85875 51818 86552 46464 97254 48527 9575 83257 44053 55726 82195 23253 43781 87443 35867 68383 17521 92307 77056 46785 49622 67255 66348 95051 11161 9369 10817 25997 89648 31012 
995 80
12099 90028 43855 28235 52540 86168 20943 14226 54265 98235 4068 20618 20668 79244 94986 45869 24376 7498 2393 84146 63771 79325 45644 91597 74486 32644 17154 98914 56550 87707 18151 75891 96957 58997 32574 20526 2937 59156 77479 2374 62920 99908 59327 54877 55568 96201 25850 10352 56382 55922 68542 98801 5787 54782 30018 9451 38642 33778 2236 96438 43895 97170 18264 55727 57897 78271 72030 99890 37591 85388 47846 24555 92829 69328 86381 72893 27513 32779 85091 3183 
888 79
6670 26227 2198 63550 73554 87404 27888 85615 37992 59830 66469 47627 35334 56446 63606 14945 66431 3294 60544 50867 77505 74820 42993 95417 6092 61405 12212 96263 64057 52713 56821 38132 9530 93671 70555 11181 69502 16256 49379 30750 11384 58517 29042 366 82447 84216 50003 94785 10163 1741 44377 78612 44895 71335 31643 22111 88739 2301 59259 28391 9685 96193 25186 69746 87970 56394 75300 21132 99663 34801 71172 88421 49135 66782 41057 49165 36505 77783 73309 
117 76
71817 69420 31631 39164 45638 68568 15575 811 70289 70655 78983 57563 76347 28564 87297 2228 1710 92713 42580 5837 57429 66207 16381 54018 94172 55888 33190 4105 59098 84256 32635 37103 69571 53314 25419 76611 53781 56841 46994 84121 92400 52219 30983 51823 37806 63988 26811 61940 64132 34466 81560 60353 3219 59034 81763 66654 20499 60279 37566 4529 1280 51364 64389 60613 49710 80914 46869 1622 85919 76154 3040 29064 89324 92002 88034 37902 
993 75
28452 22707 69895 18329 40225 33501 45491 58891 99178 20915 81302 87259 72914 67656 16087 5570 30135 60305 21386 54480 4094 85807 18310 79483 58874 7581 19867 42367 33656 43991 44180 64710 66613 20696 89080 76268 29705 67713 53194 42293 71977 49669 52692 507 91776 68163 64135 63391 17098 69582 52636 36853 26907 14012 83962 40888 42467 90311 85211 16535 69870 53213 97989 32694 533 74896 87213 85260 51005 93137 56046 53443 91992 93482 44517 
577 74
8296 50808 43968 22310 20682 39891 72748 24625 73444 52760 63435 41487 77856 86603 92441 4803 73299 89058 99854 68172 6279 76295 19449 41470 57856 75533 30435 65436 55822 49418 93990 51369 37616 18249 4492 34552 32539 32647 88422 40321 35262 97201 13791 5844 23637 7440 51582 60361 34545 16326 33177 45505 54568 41134 14543 61605 98777 10727 668 39281 32561 55451 26417 97864 57993 7960 97312 30318 55923 15632 77012 18460 81739 4432 
373 73
55487 99636 26054 9005 85504 63529 81102 95528 63509 12177 91631 32368 77170 69355 48860 25789 29000 63613 43192 75833 48348 65371 36955 42793 66065 94661 78158 81023 74329 92757 18956 48660 30502 33317 78388 53893 59907 68551 29484 45273 83605 90572 73714 3704 65396 49167 26954 33130 34185 54844 99187 67292 75655 6553 81039 10853 87534 65172 39013 64588 79203 88997 47222 72052 14578 75723 6341 23836 55678 39121 76290 34912 31852 
129 71
19056 15803 84578 54386 98639 6603 82900 95679 40991 5335 82491 75409 27005 61114 78072 15581 27244 17594 3309 98278 46376 15481 75561 60365 59638 4021 68221 98519 70021 68394 31041 89354 70945 88170 36468 50500 299 81550 93085 39722 99258 65987 19146 54750 34197 271 55006 66086 8137 13632 55148 75524 85915 79176 60146 3140 26496 9501 26186 50510 86200 39962 27304 74158 81870 93305 36213 31482 73908 92962 71998 
142 69
28779 45814 54188 86319 28101 12157 73971 87997 34230 45425 46097 35136 83453 70846 63743 46115 31667 52762 74742 67499 26564 86280 72065 21500 86991 25899 61671 83515 59405 19651 28912 47639 42939 44211 20283 18626 36822 13691 95161 3981 57355 21910 246 97132 94230 44572 72787 60068 40975 54065 67854 44227 70032 91780 33794 11853 21735 63929 18349 2959 95371 96253 52560 94497 97664 72354 32347 87586 70665 
690 68
2438 71265 18638 65442 87330 47195 6753 2670 49319 89117 70879 94216 302 37514 68236 76971 28793 96414 64742 72068 10011 98147 80932 33978 77287 76172 85723 45704 3189 28557 41199 8929 58962 56937 21669 57870 36087 97155 70726 85668 59864 66228 99777 78411 62926 1056 45819 58142 20680 54787 73649 72411 91447 29349 33701 49752 19517 37305 4325 76119 56100 87062 80853 77262 76208 21694 8471 24940 
403 68
15540 79703 72627 92830 37897 18683 24869 72147 95113 97487 96782 36743 53294 67029 99410 9070 83558 53033 37818 54986 71132 3068 16082 26952 74075 65303 74298 87898 17478 27410 6614 74085 84783 82943 96434 58250 13603 29090 13281 33431 83824 65354 30114 69818 3323 42964 49524 80739 61728 50611 4363 96584 21327 23192 75997 22026 62241 4175 61518 10756 89568 98014 28645 24013 60855 21444 29116 73145 
266 66
67897 69364 47363 87610 36425 38702 26703 97703 68971 59252 50267 7526 95381 62331 86104 6076 28182 24986 93905 59414 44684 65459 72032 95217 53002 55850 9988 60111 87786 81352 34176 66321 25925 48272 87934 57837 15661 30143 21844 77337 42354 52098 89540 91417 61374 75063 84795 41677 14433 92814 61215 56342 79298 7394 22709 2782 53333 90067 88925 16037 9759 87 75999 60565 87381 39969 
60 65
82386 48119 95512 33471 99184 68750 52013 91102 51923 89538 48319 21553 22947 27494 96879 96744 15045 19491 1524 39092 31424 90722 31080 77101 5534 71505 74984 22247 63289 3456 77627 6273 43735 28283 25417 6045 90059 71591 15785 59278 71168 8573 72556 16352 7005 8283 76250 92223 40798 96914 90423 25715 70220 74231 7997 29991 99838 5158 14053 31632 1537 44072 9009 49432 33691 
335 64
89473 98295 21064 8950 7306 2295 90184 17177 58155 12028 63011 71037 59710 90287 35737 56720 92459 34847 32714 33003 89053 22816 83858 2373 91163 78601 2450 41338 63265 74011 68371 72115 75936 34079 7724 76850 21923 54563 11030 80408 58402 64738 71812 77914 44625 6400 34015 6523 14009 27471 31670 40849 40953 4845 82018 78597 75921 15073 66611 8238 48305 70565 29473 93553 
626 63
75777 11406 3116 40220 34880 19269 68611 34854 60180 27095 63137 11336 23171 83803 84951 58143 64329 78693 18556 12266 80261 57526 47540 67923 8459 13576 22036 69324 63995 28421 5708 17921 89843 28011 66820 73624 46222 93102 54581 22326 68897 89308 7928 56119 27509 82379 20239 72946 91814 68832 9617 65851 35580 67574 58171 35680 47436 26708 55284 24317 94767 11219 78080 
988 62
33393 25835 21891 56785 27753 32032 53086 55622 85654 26462 48396 28486 69369 91952 96197 46576 34465 23791 45339 17959 91042 40921 94709 94183 65240 29656 5506 70105 7774 62927 13749 79482 67288 69697 17290 52401 54974 73543 12412 55360 28921 56509 88735 40336 61996 30067 38151 62142 1935 674 69111 8766 72014 86562 57111 74048 40088 5018 79276 53242 12149 13076 
854 61
15774 19335 75955 12840 59957 24138 91537 87878 82885 63154 41674 54347 51815 90326 52942 26978 9846 27043 19100 98778 42988 51465 80789 51029 62180 62455 26942 63441 23575 10766 96949 40475 17771 50274 94542 12532 41967 61410 24787 51139 13405 15871 76481 94853 31343 2637 94869 95708 58080 34997 95698 185 13407 31213 82456 71277 40441 12213 19899 61567 6510 
556 60
81068 32626 828 35361 94639 80962 10691 73545 42978 30711 37492 25066 96893 98802 89945 74356 67096 60088 72945 26842 45587 51204 97709 36694 86809 20059 88724 9928 86830 63000 1482 61470 18286 16660 75558 64433 13329 10140 55343 68238 34763 22719 62017 21502 70649 55048 36426 91303 15965 32879 74901 11274 87950 3158 31465 12898 70347 5530 73124 87244 
462 59
15550 44679 87866 91293 62206 47390 7026 94549 78993 82331 27836 46139 54707 27792 91730 76271 55538 10648 37175 55977 68060 62545 25733 60194 36515 43797 34605 43838 92540 62816 3046 67698 11320 29799 54044 58689 85201 15115 80307 32139 76574 51280 91336 94470 25290 56257 42589 79527 57190 29513 49545 43470 24229 31317 34019 54449 97540 72263 17185 
76 58
79912 31811 49998 8935 147 88147 33882 61786 53727 30602 33726 68606 89234 37570 4762 19295 55842 9478 10219 86311 8738 77684 45117 14313 9361 61262 3072 4940 53812 85724 7448 85142 40982 28053 77157 94974 42016 56467 6027 70558 45134 82204 94221 18544 18566 64426 40083 15127 15086 78226 13864 99805 19130 81933 84521 8790 83292 23139 
495 57
24131 36476 86434 57775 93172 56210 97466 35432 36164 27837 32858 95410 26167 87483 27743 75161 49761 29099 10063 59326 87780 49396 34346 80762 63293 77021 33189 65418 69400 36601 71784 13597 1464 11388 53489 77890 74367 41583 566 31583 48386 8755 68386 15299 71530 77876 33179 76327 9597 65766 72960 58135 18527 93005 49251 19350 56919 
478 56
54764 11613 48241 74525 55590 94364 49191 9809 24366 85733 86963 58707 40006 8713 94279 7897 99747 29017 71771 79412 65893 86260 59319 50475 79767 27634 32475 58661 2287 2490 4916 60885 12696 10454 27210 38062 22382 86106 51610 96844 86060 18698 49504 6401 58272 21998 44173 17766 34897 65040 5195 40754 15753 13193 46667 68565 
869 56
94988 88561 54886 61995 59043 67392 2910 52816 22957 22981 74031 26668 28373 60757 25792 41030 84822 5280 60576 91065 40292 41849 16891 60037 30820 63682 58179 48254 31174 31224 71323 69026 59545 16853 59931 27577 1811 13753 83790 90381 83300 99 89981 32954 50987 30058 20751 62821 43331 45939 6153 56548 41816 52091 43154 72699 
4 54
14716 81122 80830 60058 51836 10378 38590 50258 10566 66572 47642 77231 93704 99850 45667 12769 23155 63122 2463 64104 47828 6885 798 35998 9276 46852 10649 54536 11444 25886 70126 97178 28646 13459 88317 18401 99684 59690 26391 99188 81065 83249 53009 78140 40721 94789 44206 42857 20872 13949 14317 21127 82428 69785 
314 53
28539 47585 27148 90915 57301 73729 4739 60487 61912 97805 63062 80667 31144 83159 19775 47330 54841 78267 71449 27695 18143 73483 88201 22448 54439 15812 82182 65786 88176 8308 60960 2855 37023 49636 19403 12500 18191 64045 4048 95893 65718 69448 96875 43542 79726 3788 19864 15362 588 45369 1041 98502 5464 
635 52
84387 96361 1554 19700 67314 38000 2410 63078 592 56469 79063 18920 93638 95266 52690 12490 63215 67493 43076 17562 92768 66235 43215 15901 1321 72276 56441 48970 32486 14599 86010 56111 17356 41755 13178 44401 14666 97331 59357 72210 36830 69839 40657 24741 79672 58949 9209 35373 11539 32167 60861 68419 
794 50
12081 42329 55853 48698 18453 59263 93043 88914 30477 33480 14595 57494 70564 51787 57555 72043 96254 73270 32628 39820 73456 95702 69541 29562 99553 91897 9048 35505 89356 73593 77786 74541 17739 50330 19416 95392 50730 51780 36506 46812 28224 25787 55819 50882 67069 82581 87647 88828 6555 39634 
359 49
87322 80385 36263 45851 69099 29212 48814 50194 70490 80446 26207 94051 63962 82701 95704 45612 66577 86497 84323 1460 41234 5424 18402 95814 24468 84835 7714 14880 96174 69036 10287 25344 47794 68269 59309 34845 21435 23590 73102 52274 70927 76773 30770 93884 21854 36686 19314 60661 52675 
343 48
30252 552 26108 50507 89128 46326 24908 40411 38463 6533 96922 89702 17224 58706 25651 36377 47408 35499 17610 3893 36660 95162 15331 85747 44857 87545 46157 99116 34498 31047 11215 85319 62016 27746 31570 28160 28581 52149 4192 65333 67839 62186 25781 79714 24276 29056 19650 75559 
491 47
31676 10021 45573 73388 58208 95707 78195 5477 60115 1486 25964 34459 75844 80378 28158 81702 40986 93252 70550 18116 56815 4517 9973 6302 96995 14524 53332 92337 6393 87879 69664 37416 78393 25581 69842 6424 16952 58006 88013 23233 32086 19418 70214 90181 90433 72405 72041 
410 47
74508 92860 99359 56559 31318 51181 90734 49698 53598 55072 15163 83818 30515 54197 62457 42859 16569 64403 30055 64684 8463 3778 50657 19990 3796 82391 62860 27445 55297 52612 92957 46480 5915 13316 54121 2963 93618 17933 4416 2581 89339 87169 85135 30808 89104 43903 42659 
20 46
87670 2939 3247 11759 22397 32866 69067 75812 46418 20165 30717 99216 162 36339 50102 91341 55246 46954 43545 84378 50732 25003 61443 76655 29235 69326 27547 96020 35066 24558 35016 29644 13721 56322 93110 76203 29482 99016 37292 65383 33207 32321 76950 35270 72024 79116 
241 44
82496 22941 3902 42981 96750 32777 10918 60886 29335 83740 79135 4621 83202 31867 66120 32632 4480 83956 35942 72794 29651 74719 50079 64217 93785 65211 86853 35317 22172 36951 86505 51537 60911 91111 21240 82989 71215 85177 59714 92089 75837 57499 88316 98438 
479 44
6100 38014 72857 21103 66752 68039 5070 82336 81945 14847 34659 12677 4947 69137 5487 14689 28638 55531 52734 74199 23174 10207 23871 86901 57144 88426 59807 60481 50634 33069 37342 18466 54097 60625 54937 12439 59708 7125 60335 83522 18818 79500 42843 26037 
736 42
68656 67023 10631 76443 40551 73519 14212 97674 20704 57340 52557 66539 22601 78629 90499 69828 35444 59111 99995 49604 96527 57663 34106 49866 695 91762 36923 7041 89860 45206 87251 77253 21452 57224 13678 73384 7979 254 16431 16930 1533 46443 
270 42
21589 86761 82414 81682 97077 70955 73950 88508 94985 68461 33983 68598 57718 47881 52249 29239 42197 82260 53921 33564 95589 20035 84154 18925 1112 71376 75256 35430 14534 6590 24020 23378 60531 5577 91599 82629 67377 43541 62173 18182 72693 14917 
753 41
83060 5153 12207 31786 22609 13298 75951 60095 32802 80219 7631 96171 2027 27979 76161 61022 72864 66113 26937 87437 34791 88225 27475 21967 9016 91357 78967 77485 11193 84636 60795 57374 95292 58989 24223 53923 37943 49290 68961 73521 77959 
125 39
82267 24274 99351 3270 23556 1651 81000 60788 76183 77474 61714 92888 6219 60799 1925 3757 28263 75385 12931 68574 92141 4965 25431 76155 16186 14817 86896 38232 42747 39828 27026 72711 25385 31280 3007 46965 93059 4013 56605 
387 39
24983 45696 28634 33559 88981 91112 32382 61280 10149 38277 1529 43247 55176 44795 19912 26677 2883 78404 55553 11019 90251 44327 28213 44013 12312 38870 52649 21810 90025 47317 42884 75947 41495 44151 82601 10085 63085 86513 88692 
268 38
97793 97134 30575 53043 82880 31980 33763 70101 92022 631 33936 87327 52338 16631 93868 51001 83472 3162 99534 77148 48810 22219 45953 32246 82750 24117 7191 58068 66154 41471 14781 41475 61761 17087 70746 47291 12292 68421 
237 37
89328 39123 61013 24862 45296 7586 95273 14655 37469 34925 12992 68570 43862 50203 66529 99531 83620 39493 96401 1314 72217 86758 80177 99516 3065 49202 48 3120 27615 58245 29836 79994 6867 55471 43642 74237 18013 
815 36
26683 87609 7537 32316 57976 51463 68610 44333 54792 98439 78343 56580 91793 58843 74614 35608 93617 84197 36572 15714 44005 63146 6338 41064 89340 27748 96520 55043 72022 34831 55552 96462 42918 74251 2107 93742 
563 35
73120 5259 73780 54041 62974 55684 70708 76800 26281 79418 29528 42703 15796 8583 21997 51098 54282 88748 97145 78678 2760 73333 92843 53007 98906 18767 40447 50691 67189 74755 24989 81264 21584 28406 21568 
23 34
49586 71237 519 6991 8932 14221 90837 70149 15363 10477 38372 73556 13925 27299 60914 92839 83254 72134 76251 47373 53801 62262 93826 70685 2504 19143 70233 74664 63864 64256 25452 2763 24457 22997 
476 33
16566 81594 93908 39332 34967 11057 9063 12470 28393 82521 68710 15850 23758 79494 16141 49401 11229 75714 78346 19364 54393 79287 45976 4077 42794 51658 60066 83613 32077 49047 78070 50486 4164 
431 33
42353 49027 32741 51435 47334 26133 86738 21027 54045 58792 87867 90601 64429 71314 86821 40722 51855 8551 55169 82467 21239 91832 30595 32129 79484 5032 95890 9765 2625 71916 24358 22900 14636 
64 32
34983 49970 19019 32146 83498 82611 37294 29594 3807 69157 44993 60949 65180 43755 26542 71433 71509 51518 532 44055 16227 39658 27633 17419 89686 76 21782 17721 91216 47623 8234 88190 
587 31
53080 91155 95105 54892 64010 56764 19579 72265 43779 32732 69971 40793 89547 68251 27982 13751 39578 13058 95434 39756 58985 61485 14503 27816 10619 98388 24193 70077 28141 87481 59813 
669 30
88252 14403 84427 80613 28521 84686 70123 67618 78154 19082 30029 76671 89612 26849 75247 25957 52147 84077 32895 60762 39336 36051 70239 82586 34076 37966 2754 79400 70641 30738 
150 29
59996 35187 52764 86727 75108 12844 81803 56972 84163 43085 87529 89663 2291 61376 19937 54292 83462 90774 26290 38352 13690 27413 38681 57507 39952 74624 31235 49759 51387 
962 28
55869 24157 30017 47552 55864 34817 91115 13703 52927 68288 46879 27806 22182 51436 44529 75113 22795 85678 66849 80677 15836 24747 49988 20824 91434 54761 9891 31899 
350 27
77973 90852 48068 43339 23282 32945 21429 5817 46545 48709 36075 65681 18196 76780 8124 81187 88566 58542 60922 57054 99792 57644 47634 25752 29089 12932 94998 
39 27
94427 2400 22993 43225 54576 14619 15766 58487 25844 42338 9761 41021 18099 87971 66789 4231 31936 62803 74129 35216 30952 42085 8604 41598 91977 93337 60731 
795 26
71501 74924 57108 79700 62384 9484 61691 11966 84819 63482 73411 84632 51167 76749 6387 88302 39358 50215 67316 64091 86166 12781 92422 8276 15189 59691 
793 25
26101 75817 87891 98699 48395 5611 9603 9626 37262 13740 40000 12709 37528 29585 436 89952 37701 94707 93947 34225 54445 59809 35588 10894 79760 
586 25
94656 86362 37804 27077 92468 66172 92264 20565 10715 31801 59648 49647 96574 94796 54262 1177 58364 57737 48199 20347 57696 44825 27023 95446 62784 
971 24
55807 60467 45258 49334 61274 68593 64923 72836 43439 35026 95840 81401 18305 81909 61024 80499 4283 73288 56120 231 17037 78668 69140 50595 
581 23
58948 27483 95913 47492 33273 81524 65337 31171 54336 77374 12689 72751 4918 70560 39250 92675 24689 32837 94413 9585 57203 61317 82324 
630 22
95440 80939 58252 30944 85860 37500 6264 41272 81066 71393 34183 89267 6931 35887 31099 97198 32914 9425 91312 78007 79696 46923 
535 22
92078 86171 38952 21113 67649 35327 21704 78616 47951 5011 24386 47594 16637 84911 29213 92170 19035 11636 68494 74200 75622 81346 
197 21
12999 64216 97610 96375 56747 2996 34670 95428 69783 78936 91453 35090 40796 61172 70086 35122 42378 35940 33152 6863 16806 
455 20
87818 11039 54129 23165 73605 91295 72776 97974 41837 72714 4842 70317 56784 24045 44156 95470 76068 23923 20092 54444 
983 19
29632 15085 99583 4711 17476 11603 21767 75532 47192 9513 8262 42774 17871 21557 79835 58303 38741 44237 55938 
534 18
7894 3922 49226 83123 69225 97033 21537 87831 76488 8470 32502 7956 68343 91331 92464 78108 47612 77269 
366 17
20253 89643 44200 66705 71134 90103 43326 73458 41046 36168 5748 64756 45592 47574 30432 71233 75045 
798 17
95408 65036 91123 76287 34933 22455 59333 95876 50717 57900 11997 9467 8629 46776 19398 2477 55794 
121 16
28313 46487 52832 16102 21344 11463 90515 14726 8480 17819 2892 54358 14358 39728 71133 38811 
191 15
72377 89654 24308 74042 57479 20942 78572 18069 85833 76598 44131 69937 34497 40602 8252 
356 15
97677 52232 29785 11658 67579 86084 45313 5266 52518 68550 29418 55342 17175 98198 37384 
528 14
99960 14318 72788 25628 84413 44525 79350 23065 70792 56688 42275 41800 33988 45575 
509 12
6419 23125 94058 16036 79021 98993 87705 75847 23756 61590 86921 45635 
622 11
30684 48688 46228 16393 13755 45277 79029 96932 26657 98415 51200 
634 10
43507 43864 45728 3951 43547 4988 82319 22478 6464 99690 
646 9
67007 20711 641 22316 74908 50589 92735 24792 45670 
687 9
35409 64489 65469 28149 14175 60920 58704 7671 62127 
977 8
16501 31033 15336 37809 36140 5655 64515 40525 
709 7
27030 97625 19849 10325 56549 31415 47752 
155 7
41120 41612 98776 17584 87943 26143 97871 
889 6
49862 19296 55259 57217 77903 68959 
543 5
42390 31796 53273 78396 86194 
164 4
14377 52394 90995 83016 
773 4
19039 57638 6846 93751 
679 3
66296 29838 35664 
66 2
51874 84205 
949 2
64661 898 
85 1
77138 
