10
774 54
68526 13521 41335 86598 99282 63526 56964 14445 36026 33617 84343 40625 60449 42545 17113 77619 52179 41216 52623 74366 89849 5393 26233 24092 7053 77387 39735 96071 59413 62487 48680 59931 43226 6877 34570 86175 37750 81027 47031 61906 28999 55476 72681 99714 37948 6802 63132 78686 78148 76909 78697 41790 95519 94658 
147 49
9532 1430 18438 63835 57065 79267 81130 16157 65988 19216 52313 82326 81638 71295 17391 96232 9958 59768 83647 13991 19805 83985 8215 99936 94892 11388 38471 66250 79729 9242 70314 18040 87297 8622 82083 69758 70126 94300 29926 34490 44375 17842 11614 23082 70500 81069 88424 44387 14759 
813 43
5114 87564 4390 13825 79403 14571 51935 7507 81005 77357 7369 26008 14278 30376 16336 71226 86286 55690 25241 43968 91063 76737 22466 38253 2205 46482 83468 58217 55445 2787 30706 73090 67043 33930 53326 51500 82601 23461 97883 45966 51054 21499 28425 
902 36
13748 8149 29164 87213 38489 90111 23871 70923 94975 92768 98749 93717 59718 46896 85825 37238 51552 4052 86117 71701 43888 68458 98583 81354 61125 78505 27461 56730 54264 31751 14749 56416 73485 36981 37801 3811 
247 32
53658 5510 74410 6965 31708 66098 23251 19956 20103 44098 23159 82020 25013 30528 57440 78098 1922 12434 99756 64387 93990 98460 50941 2601 32883 84670 60697 42859 86537 39789 17821 65873 
847 26
51217 97129 64991 52238 36565 21548 23784 70891 91027 14896 20912 29987 97611 67423 7506 15502 18089 31441 67379 2273 24609 94844 50171 72250 25903 12422 
881 22
22152 71563 21852 42104 75763 33867 32545 87004 29751 35700 98561 16638 340 90259 1605 1274 60343 41145 16610 16020 61707 54881 
390 16
1401 5253 32732 19591 77842 88494 22883 24144 70096 61979 74206 2778 6166 19864 56527 19402 
573 11
62872 96605 99790 63174 3588 38374 12846 24225 16072 9034 77560 
261 6
82035 28915 22044 75293 20252 41976 
