223
5003 10
17526 31104 25332 83186 64002 29901 80586 22741 97303 76284
9692 17
991 12574 90107 94674 59362 89000 4046 53196 17138 49181 6893 38246 70740 10196 45235 44492 95232
54 16
67037 84312 25896 13920 66803 72890 42403 52778 1443 50638 97254 81349 16396 49211 24468 30585
6886 11
18228 31876 27227 34128 73537 58564 5969 63331 98641 9162 96184
5934 12
43197 2096 25573 93200 83879 83038 784 70280 20981 42818 10181 61008
4343 10
98181 6854 2801 51840 27144 14267 30423 98499 63682 7638
7824 11
65558 17153 96445 32687 672 88331 14521 69898 91366 37480 75796
2791 13
45527 3902 94423 9113 59542 90458 35754 237 74206 79406 17202 19717 17394
2046 11
96894 2182 12494 66633 42330 61705 70810 14743 55057 54706 61720
9386 13
37279 13613 41193 41539 88092 12559 26066 32870 93735 69034 4288 24106 60607
1265 15
43649 23903 16146 68475 74434 86827 6345 12384 40536 15495 63830 72999 24675 19613 62157
5057 18
98302 35107 51615 26128 52320 92737 91836 37004 20724 27485 37723 10394 30101 56288 69573 56493 54671 27927
4255 20
81866 86820 56287 86341 72649 86205 43634 64636 77860 30433 96564 4701 67242 99761 82795 26711 80831 49819 63616 36939
8178 10
9401 81080 40436 45833 4923 53621 40020 50605 50677 96730
4707 13
51038 61388 66824 22690 19297 60478 95990 17278 26328 32447 43031 85339 52851
9736 12
35923 93180 86185 50465 88283 26211 19710 83210 15325 46358 60246 25865
5006 20
54408 54828 50106 68314 43268 21514 30427 91079 53649 6050 25614 12938 18289 57867 64415 76702 46101 95257 35815 39830
1401 20
21662 36831 18325 32087 99567 40839 25313 59882 89744 35776 650 63603 33765 10209 4430 85309 63672 77727 41249 88283
9752 10
27133 97353 51247 3775 5944 43989 27738 55576 19038 7306
5840 11
39061 70067 7708 27613 9233 8068 18131 15468 62095 7579 12494
6594 14
50315 54261 23659 31640 23273 87680 56405 86297 84968 83086 28837 78452 62447 67175
2440 12
36019 32503 17250 95621 29022 52280 48961 273 51054 38466 44569 95859
2926 15
54429 40328 65807 38518 73405 71063 64459 40243 766 79790 1535 3508 43807 58374 28810
3465 13
42777 27452 93292 32124 40282 65839 76757 41021 82230 32136 2792 32672 88976
8884 18
90230 59177 63572 26684 3550 11645 36919 20310 67226 96767 42053 82713 22326 12151 6991 55880 94654 68993
2560 19
47035 50332 87694 47585 42077 98687 34286 9355 3919 90653 30532 46678 23625 36243 53012 57157 54891 12033 61536
7108 15
54978 90784 99096 5157 7068 68338 52131 74552 6588 84838 48577 33285 12876 31126 17639
5379 14
2764 75619 89115 81143 88736 23465 94105 76487 64056 31790 7914 44426 64738 53520
5121 12
73778 35894 87583 73338 50113 54993 54368 34109 45662 75182 53422 61370
9806 20
3034 7833 27565 5897 66069 66792 23799 91531 48636 63040 51194 25166 32539 75753 17347 90405 26491 45685 5999 49240
4844 13
14200 15524 24410 53528 57653 72477 30271 33064 68542 92499 95477 84617 62163
5731 11
93771 32915 8135 80820 41295 20255 67876 64788 90736 70772 86939
7775 14
49803 10611 17638 12252 65314 84415 64631 92500 92727 92260 95467 90698 16062 75428
2366 15
77114 65455 49331 1973 51078 60684 39807 1659 49368 15075 93864 78503 31925 6938 90125
3650 12
19999 19126 43650 9220 35380 59147 61795 53189 54281 84273 13681 84962
5265 10
87710 89175 68284 78472 69990 48776 28968 62576 77151 23263
1161 11
41509 24904 17614 57095 31630 50715 45754 83258 35684 47289 6615
1008 18
57938 78515 46188 13092 51508 27054 27777 31576 49419 78428 2818 65480 52669 95842 84098 56557 16964 96445
5167 14
46379 34460 48851 91696 36994 72007 38237 93921 73438 62964 19003 81952 93693 53574
1181 11
5320 29214 27377 28042 4193 28899 83554 92124 12567 78261 74718
1561 18
30326 71237 38789 92091 25619 18027 58267 92126 9880 16710 37006 87458 53032 16984 90433 5669 37612 27889
7874 17
59671 80391 45742 30154 29032 88927 88206 4589 66548 20886 24224 70627 95943 7841 77996 43227 96421
1551 19
57630 56068 37223 9404 57225 8504 4790 2684 97317 68416 88606 44066 60973 97265 34746 12481 51535 41567 21609
2666 17
33667 60452 55114 24085 95190 18220 76598 26796 86730 77976 53405 78768 88819 25484 4386 15898 29143
3749 16
40071 34952 6135 80760 33851 53713 99459 99171 20994 70919 1725 68045 52300 64239 85040 5157
7192 14
21787 32542 34150 55295 45138 75172 64314 59563 51806 68889 72459 16452 72769 12267
9784 12
78920 13793 19016 66459 38253 96746 65309 18143 43056 87305 55441 67463
5555 16
43114 41617 26780 15588 5128 48511 40617 72557 77368 44824 52666 43089 53231 21604 3773 88406
2058 13
32764 85397 9370 20315 58545 36073 80998 19708 37058 96608 89966 65925 51763
3198 12
68105 74745 96959 67834 87414 65323 35538 76939 57602 66872 73616 55752
2700 10
84961 4844 99999 6160 25033 35481 98285 12918 62129 6407
7719 11
57356 38267 61121 54772 85654 75127 4244 93122 97224 62329 94946
6352 18
42358 31336 45271 49638 61506 34590 27570 65044 40118 66726 43860 95531 23511 38972 64329 42176 77842 3993
7325 15
35441 50295 51877 50765 15623 51100 64475 86616 30357 50907 78626 10541 45772 83174 46360
7785 11
54677 4026 41614 48557 59501 77242 35794 72110 59837 22157 46623
5616 10
5202 40986 9568 63050 75437 94408 81337 11907 48716 83210
5253 16
64201 99430 62612 57400 73072 61696 99376 36834 85784 78115 76325 73675 77442 34580 79894 57109
8591 18
31632 10379 50910 84079 55863 31112 79328 4367 30074 78446 94483 64419 92938 60267 60237 2595 49613 58214
165 19
70232 77458 56855 28355 37089 6338 82111 76135 81958 78600 57068 71402 78531 77356 91426 51720 33518 88798 29967
4073 17
2359 68855 46024 27061 80978 27832 28100 15207 74354 54761 55069 15461 10082 63376 53563 26997 42866
661 20
48941 87312 32402 83190 46618 77606 50977 25973 15297 26557 49350 31489 55860 41272 44823 15973 86001 9112 5110 66405
6528 18
25347 50675 47273 75647 95983 19149 26612 13492 15264 66048 94286 7474 56565 44540 89483 8991 31839 52222
2904 10
19713 55723 27446 60058 54135 43181 31835 94923 42921 91335
2032 15
37577 13151 26930 65662 30203 38220 98878 13168 38720 45084 91965 24656 22799 74328 4790
9045 18
13713 20061 78045 81167 86487 43068 19468 62787 19059 21167 54030 45335 21723 37302 69232 78288 82414 41506
8454 11
95523 93451 96965 96329 40763 71938 86463 23672 42698 67245 18457
6847 12
48885 21656 1272 10242 48260 61374 30637 89984 35523 34226 12486 4527
7411 10
95591 2570 44795 20950 1625 6138 26406 55583 23573 28926
1113 13
51111 68200 5952 52266 71738 92130 56563 29243 70689 87168 78953 47297 36323
532 18
40565 28371 79778 41915 91636 22798 86400 83846 44285 89500 4761 50729 92286 75534 9513 78986 55620 67734
6008 20
29920 45867 5250 34661 11410 84551 87851 79165 43410 24401 60417 96729 54791 36282 49132 29348 34879 80558 14507 65795
4820 12
16363 44794 51353 47110 76438 23528 34392 41889 7553 98860 33462 59744
9235 14
33298 68457 73539 28208 18807 57604 34253 75751 17945 17797 6052 41087 21296 72012
8738 17
34438 20614 68221 1081 46844 42857 89237 2052 92795 33701 88550 485 69069 47390 10840 36519 41936
7960 11
29746 61265 1014 37587 99727 92331 68218 84486 71378 35063 26691
426 11
48728 5242 69733 49744 6427 63707 89569 34598 47318 98210 44266
5663 17
47686 52013 19879 37358 81716 62251 56926 11433 45285 27257 88330 44041 71284 44330 71163 70280 40617
1962 19
37278 84765 44428 96281 62671 73818 2502 30483 58664 29826 89879 68175 82765 51671 10878 78135 69742 96098 73637
8728 19
71936 35203 33260 69082 65433 50050 87702 32405 56671 10134 74374 73194 74978 35881 72584 47730 18116 81479 15654
8839 19
73517 13780 93992 11548 81713 62467 17418 61444 25692 80409 4964 15830 66404 30601 79479 48420 24954 25978 76776
3488 13
77277 64792 15889 94169 21612 52642 40038 1852 43815 22876 15548 33760 90475
3130 18
88641 56914 23567 26726 74193 74557 21113 79652 92289 51923 61595 31519 1414 82904 71423 16468 33482 59713
6218 16
28704 99660 71790 9772 18018 21458 11167 26004 97296 70536 66609 93996 36207 78879 52549 90010
2900 12
63775 64218 51805 28661 71673 47321 5624 8159 314 21725 42158 15207
8806 19
53684 68367 62452 16845 75719 72171 58071 37049 39730 38700 78327 2698 15056 26433 29987 4637 4935 22017 40312
6793 16
5382 74394 79152 6450 33019 42097 67385 11329 35889 19311 77295 93306 57183 28348 17817 31062
5375 10
77236 85931 36742 93957 45291 17446 62983 66440 13374 88229
1538 11
89539 52573 41813 68919 18017 28339 47429 42143 58325 26690 65580
7219 17
30095 80035 10232 61498 83244 65577 8046 79025 99905 6933 52610 56374 81402 95844 76261 46688 10771
9264 11
55825 37317 64889 92647 69055 22683 77524 34349 74098 39081 77169
966 17
74040 20379 15370 59592 64648 18952 65968 40690 52294 54415 53320 68523 42312 99123 6750 74347 61905
3490 17
36562 47025 28515 28574 9042 63597 26325 38819 90057 9197 523 53819 16656 25948 73667 42799 26137
8948 11
39086 74142 96525 56187 80513 27993 92763 50376 73090 99039 30319
8471 18
78117 94993 69879 35984 16276 82112 8621 88411 56064 34159 84197 59116 96319 85198 55075 33641 95942 94936
1208 10
58729 93048 8643 33345 13442 90719 65113 65994 67791 42053
9027 15
30917 80014 57018 33279 66363 7339 7881 32154 87363 96865 58873 65327 16771 672 65839
358 14
99987 72306 13196 74558 92882 26921 25027 61764 82429 24525 80552 17648 71018 69733
9221 19
76388 57012 19985 67088 26344 74554 24514 70487 25306 52725 29873 90500 83297 88825 86722 93774 8245 88738 84026
1347 17
18145 72872 16671 75457 7094 40508 34578 91136 94280 81931 82341 36295 27208 5755 98140 82119 89330
1458 12
20711 69893 25034 96190 82004 9039 26866 84185 35673 82976 57706 18413
5233 17
26521 16523 64931 55260 55282 97031 47707 1232 25607 93476 68560 84401 59516 88677 78256 33531 44879
607 17
19540 27386 51027 8687 23142 71566 78225 40585 7687 16270 77966 9855 93400 19286 12217 94328 60777
7436 11
60441 56562 74957 78204 72142 52041 15286 25505 82794 97220 87458
5451 10
24619 97843 43091 96027 11394 84604 84441 98744 66624 79931
9480 16
80537 74009 37602 42351 15794 54988 62468 24088 50598 89930 58791 12866 14023 7050 74313 7150
4743 13
36881 78557 29155 80226 71133 68179 31549 33099 2448 58776 93560 86802 7474
5174 16
67023 94207 88338 89281 99148 50512 67893 39935 55198 43569 25843 22545 15491 11234 87840 90616
8015 14
86034 28081 37858 62193 98322 3447 83912 77829 45257 53394 11866 89655 37755 66069
8107 13
96377 32686 43436 5915 53938 96135 43493 17453 33966 10439 5316 27140 94000
7716 14
55976 1378 81305 44713 10333 64986 15088 67235 80031 81357 74486 84331 49735 9804
2161 13
85231 60933 8541 77726 35535 42313 79403 33316 54735 11177 27813 90603 29731
6857 15
15612 86137 18415 61611 70698 716 20089 62817 68854 63757 86539 59017 98015 87451 9302
9975 14
37935 98346 49879 75546 41564 12838 7047 3270 84934 47748 71752 20251 73261 4637
6385 16
98745 10866 97321 74546 96401 73316 91028 60313 62682 63976 27684 84616 43475 93346 21740 63619
1958 12
25806 17895 30599 11340 68944 6851 55623 56930 57066 10476 67480 47326
3701 10
17233 9943 60238 66766 58016 57789 40513 29363 62387 82564
3470 15
20558 98740 83206 73037 46955 33836 78132 77800 56067 88324 72116 20222 44068 23632 41087
5971 19
29132 22135 38344 22971 30555 74513 36326 83747 37400 48281 66882 70249 29902 46878 26586 59170 89985 17058 33269
2586 11
19272 66886 18470 50996 75206 24658 40783 21861 75360 63508 44794
2276 15
16594 88880 49600 40974 53887 39529 60061 28198 83080 75298 80809 50057 59168 43859 22235
2809 12
44789 99563 38226 68206 19538 92864 61650 66954 79755 28638 7027 26301
333 20
14167 66077 85210 54340 26728 17375 65703 77281 16094 98009 629 56452 42018 2253 22979 83552 28898 66274 43130 56312
6183 13
65582 49809 44469 68223 95481 51268 23121 96469 16724 19522 7000 43809 8036
803 19
53927 70093 90712 81940 38793 16274 97193 67839 50810 13551 64953 46309 87528 62986 31818 28304 80392 39931 8554
2103 17
94707 52305 10579 25083 98670 52840 19124 11028 14424 37862 6743 32613 82672 52599 61578 29044 82318
8924 20
12031 37607 75238 70709 11531 35164 63884 4045 74346 94983 39946 96539 82408 19112 35280 43711 36417 18916 60589 3317
7477 15
28999 4486 98722 73679 28312 64906 70695 21914 14337 1718 81611 71454 21320 99478 57829
9331 15
22983 70780 57656 61560 18687 45190 31863 69600 4633 15630 76322 90493 67845 90150 80320
3795 10
73797 93681 16388 72062 3783 28233 7354 560 63779 80409
2392 19
5874 45798 19690 38070 61950 20247 49985 24706 62322 50451 49173 27503 13110 61279 42608 9482 48016 60584 95757
8353 15
88320 4831 97333 66026 20142 42951 33320 24142 68447 37692 92991 47077 56004 65754 16456
1141 17
76387 92514 22460 90440 36138 46144 22369 75236 61271 83684 14213 3452 20032 22551 97348 27304 17484
645 13
84181 55001 98599 29121 18510 6448 19778 41048 3243 26267 47155 34872 35601
2210 15
4302 83224 72104 2981 68536 72234 79013 44063 62997 64725 75192 17811 93881 7007 13613
7224 13
91960 87834 5633 78669 99160 50259 50855 99840 33617 49699 47075 1021 13845
9880 10
27620 91957 9624 89178 75514 71004 96292 7240 18267 20255
6377 16
59581 9703 5993 51511 8518 38727 27763 67396 27433 79352 9806 87756 53190 56798 19430 66152
8618 12
15525 26628 17819 92996 13828 98333 59270 55352 21205 80547 84943 43686
3008 14
31683 8538 11958 30813 24130 30115 34054 96931 96975 18518 84471 22516 75415 99357
6545 10
51313 47027 25427 5041 77762 19365 42511 99088 46569 26779
976 20
25452 69105 89648 84913 20915 2565 61575 79713 78129 70061 27399 92649 96395 40726 7768 3121 3485 61758 1581 84408
7199 14
24487 45151 27031 63115 60924 74428 61915 68792 12935 62380 76608 38452 51920 14
6860 13
57414 50826 52009 73758 60350 52824 22766 27106 40502 85474 89647 75756 94084
4774 11
58031 29237 81549 10565 39616 99147 96939 45243 91747 69929 58747
8579 17
25061 67792 32857 59987 50172 56611 86479 58380 23517 94163 18647 3105 29781 49773 93644 66400 59806
2331 12
99421 67429 47495 77431 7728 99841 78051 95845 35191 82730 79548 86018
3530 18
95931 48127 92725 82559 94431 69424 13064 5875 28647 69212 94086 30514 14682 57410 6552 43068 97317 44789
1139 12
20382 63126 46215 51672 1884 41635 13159 33173 24234 59678 80578 19263
6859 15
46345 96771 8746 62573 36388 85409 63595 89409 61742 55716 64498 58121 22568 80638 59782
6390 12
42080 39452 2525 32063 80827 32181 50928 1276 54822 21226 68863 2981
6370 20
33734 88380 46583 427 32239 37690 18097 91160 32566 93433 94898 93870 3501 84683 48312 43840 60385 40362 25601 34253
7583 12
53998 50075 1645 49646 82153 81527 45936 29251 22611 89142 56236 54750
5239 20
96215 93034 98401 60165 84253 40472 78457 72887 31060 60645 77807 77922 77815 48604 85295 32705 84030 20909 84346 99630
181 12
88702 73019 97164 33637 66738 45774 704 94684 72058 50000 9526 8538
1086 11
60512 16383 47250 92886 67639 42472 33845 5810 35102 76487 45867
7668 18
78534 93229 8053 36925 67900 51435 85338 98104 77890 77543 72876 13007 59940 14518 21284 62646 13360 32857
3092 19
27169 56358 18211 77378 41758 28130 30594 53688 43220 52121 52667 31908 30153 97590 45266 68998 61478 76547 85027
3899 18
77763 94267 65256 57756 51086 501 14286 3164 37706 34694 31861 61790 39555 53892 62006 96065 26833 87204
9437 18
63959 29046 54626 79888 7993 26585 57399 15267 84345 22126 42750 9563 18572 78864 61983 44727 9879 78953
9847 20
40102 53569 49572 25360 83320 76930 11764 81346 98774 83562 67470 90236 51583 34886 42249 31148 86436 37905 85170 96190
9588 16
45766 52079 99620 82776 2915 77918 72607 11697 51868 32837 71425 61586 45047 23697 17909 20609
378 15
1040 71306 97644 20862 95421 49619 23703 11750 51768 73029 54584 44005 48627 74832 17811
5857 16
6504 40680 22716 72811 85184 94779 99699 7444 67607 86694 44471 65193 25390 58643 76320 32808
3526 17
69986 11688 31730 23684 58112 4962 88159 55524 11525 98517 35922 74056 92743 76640 55256 41057 18404
6654 17
5163 56962 4688 82253 56570 72165 31707 78231 68860 18908 40876 42309 10613 63573 4327 61709 27796
3172 13
96240 71744 47058 49452 63434 93592 60034 43269 79747 11291 64521 9062 8967
1073 13
5929 93867 55666 38098 74211 45906 66568 92552 91109 19224 64480 9823 74957
2044 20
29958 39554 69029 71861 27066 89068 25945 63471 64546 92294 79761 7230 69976 59429 90947 34336 2766 73699 63723 84863
1055 15
89499 94770 44346 82915 74646 82162 5300 57989 55998 28720 80197 19411 86678 19891 48511
6099 16
58905 44700 85515 27595 59527 51265 56736 59683 10602 51534 19825 39635 68465 98075 67503 60308
7651 11
58783 76550 35438 42105 41039 31415 68266 28212 65559 1786 49900
1812 20
90159 89310 81393 52135 40192 89741 97811 38890 85113 78702 53322 87752 86931 87679 65584 26813 54479 78892 52496 66766
6867 13
27024 66601 44935 13419 38443 51229 53114 83791 41730 91405 74037 5604 8746
1340 18
48422 30989 2184 79385 26338 29399 66307 7179 83278 2239 7227 11220 46563 56105 9369 18235 42587 70815
3882 12
70321 40561 11716 96397 97302 59879 49323 14591 19096 69472 15361 36839
1766 19
53596 67168 24458 81273 52409 79777 72289 74387 61094 77826 69757 50775 13224 75892 6660 93776 75696 12421 554
4600 10
37460 8445 62439 22180 3579 69772 44640 70670 42989 36120
2890 11
60955 55383 53382 58072 64427 8520 58129 58257 87869 4120 59460
6224 15
56907 88865 27734 29991 81674 14464 59495 47338 29149 54759 34784 54182 83248 16667 99486
1111 15
46827 77265 47683 70313 2241 56794 64229 11913 13865 52678 97307 11568 24567 61130 50783
8449 14
14558 20646 28274 80146 39740 8130 1067 63841 79160 6551 88496 150 18333 45138
1272 14
63294 87062 81749 70208 60531 43982 35562 92416 86023 52389 40023 60782 72853 99699
6477 12
54594 93840 34387 3333 73936 7617 30083 72353 93482 30467 10324 55151
58 15
73007 20337 94469 38991 92131 54095 4043 76612 82981 17962 86222 45516 26116 44540 29746
9262 18
58501 67106 71584 69915 49295 36382 29142 59008 21529 50119 84435 61316 45949 56822 53215 29760 84968 1725
1267 20
96082 17825 66432 40834 13994 5885 9506 34469 39525 592 30878 9453 62486 90776 67886 91226 82685 18473 2829 53688
6601 14
17231 51301 23397 72784 73875 33026 10989 96661 70705 54476 79351 49250 1255 22199
6071 10
14499 8331 69243 27645 85117 26744 8851 24260 89757 66149
9229 12
3924 70379 7757 31978 13919 19698 53451 82637 58849 46611 78486 39452
9620 11
17094 33179 5576 65988 65426 78351 21016 12849 88604 13867 50977
7142 16
43691 35387 19387 69766 72642 5224 61807 1585 27558 67052 76010 51013 98014 31774 1536 14558
3415 15
74564 76940 15130 10811 51104 11174 67042 61919 5836 68213 68404 57367 56476 9039 55114
2054 20
92636 91659 1710 6185 27668 44097 85047 64013 64706 45711 15150 57039 78222 78287 80293 59767 94677 2201 93387 38213
7371 16
50743 29813 5145 57846 86480 43296 48999 68656 31253 31316 21001 36522 5835 82639 53762 39494
2798 19
62930 13972 5547 90997 55073 74714 25320 24639 58337 28463 39151 96876 7485 79291 3363 51701 2298 36023 46101
3906 12
83516 87685 94329 55817 6030 36478 8468 1949 67311 45066 91591 49262
3762 11
61428 26579 22922 50833 68129 47825 81655 76719 39282 94456 11062
4798 12
20972 3629 4884 45710 75410 20854 31668 11259 36368 85777 17631 63031
3227 16
85530 74786 14935 91026 242 93980 54977 57700 25613 95505 97704 98135 60855 54427 5158 76380
6274 13
27258 79704 17552 25329 9694 13318 33073 10430 30901 13353 52705 34860 67429
3738 10
71841 7563 92805 3088 69821 11106 36649 10148 53900 81904
9913 16
86317 73854 34662 54421 5896 74864 11524 96531 44924 36752 93744 27883 49953 79315 26746 6464
3840 15
96164 16237 5334 57288 77180 16075 82945 78316 22963 81718 85873 35383 99721 87178 21985
6185 19
43886 10957 64503 88182 94908 13777 85140 80553 39140 75533 1550 81670 47875 53631 4259 92901 49168 50605 26521
7514 17
84840 65697 44651 94203 20636 97283 85114 17566 28664 48287 46123 72608 27555 2159 88281 48953 32886
6706 10
44340 74551 39496 78717 53515 93556 57944 14892 29936 71361
6868 13
31971 13511 24010 67448 21326 25215 45771 23253 12551 25788 63633 99107 27558
1035 14
48726 50636 15575 35573 15701 78113 99328 34097 73988 1425 54159 26639 3006 38237
1284 17
91858 25926 9653 24449 47498 76152 23372 57915 73962 7946 41598 40470 47274 86714 4411 57491 10114
6608 13
2017 98603 80953 9777 6829 65440 45646 18616 59424 92625 83533 56386 67023
1526 18
49380 50207 60687 46236 32302 6366 17543 22533 76068 90084 52941 32737 69806 69094 97275 75968 9957 55383
5765 12
4691 88576 21176 65957 54227 37791 66855 89199 15756 6430 86956 68457
1147 15
60608 69938 45329 17399 65427 5415 93125 78191 51658 64382 91386 61399 15800 5677 4463
1123 11
84388 15386 81414 60904 13407 25432 58159 92945 62034 39015 32793
7579 10
38358 15040 4869 94876 20713 13707 94363 90586 14658 28899
7197 19
33752 79354 40527 45087 9789 70548 60373 57881 37221 35493 57825 50884 22905 29183 47711 32052 85002 23852 17486
6729 15
71573 48874 23983 3908 67975 13917 56690 61011 31467 67652 57564 76185 88673 48775 40561
836 19
79309 88896 58737 32937 65475 11472 43994 48816 46794 21077 33905 95451 26497 23010 65888 42037 33446 66978 56437
7862 11
67246 51312 24226 80707 56089 66736 78834 43963 2746 90271 97965
8063 19
30541 40424 54650 6973 99401 40264 584 56526 83707 20005 67137 89491 29518 66482 41326 62555 91775 86727 43447
9399 17
72644 58992 61898 2194 10385 57177 24519 51538 91922 13122 18540 66141 21818 55071 12168 24630 82656
8366 17
92987 85671 28568 42380 10967 83581 90808 83744 42059 48329 53228 6347 69000 38146 65423 87384 57116
4705 17
37941 9691 19051 51664 92431 71928 26982 33664 24661 95102 66365 29112 15961 28939 58350 46654 27498
