67
13 2
27540 35977
198 4
43277 85926 67461 72862
936 11
6219 30600 91792 31663 61472 35974 73598 43530 89443 16142 30618
81 13
61114 2707 37652 79916 4736 30539 24063 31106 53156 79511 18456 86279 9268
202 41
8459 82705 20207 77488 37429 13591 38706 24816 18722 36825 39499 92132 79783 43387 92210 37272 71119 54156 47813 88631 43266 22889 8887 24837 92699 31837 2115 78222 85648 21088 14770 20295 94808 80647 5922 39869 5627 54672 64825 82484 11629
416 15
77021 14666 72703 94715 85126 78105 92947 1804 17330 43182 79390 70897 17636 61303 75226
233 75
12612 72800 88769 98639 47390 88461 56514 28283 25262 95770 84370 60486 71385 15738 6489 63762 69606 83721 14044 53928 7574 17990 26943 13953 48126 73002 49723 16149 83716 96984 28073 44501 20353 52542 72359 26491 41182 1602 10642 34989 82027 77384 94158 58864 22883 67783 48463 72822 39377 67116 76529 61684 54594 38056 24361 50994 18886 82651 49919 19845 18159 6552 45297 29566 84936 89884 61363 68014 58815 62034 23855 75648 80620 95929 65203
120 12
27416 77479 37305 54379 90825 25587 84406 26106 44585 32188 8848 85140
221 21
2939 63931 18439 4511 58210 8930 59295 9653 71305 44632 7527 69314 68448 95958 55582 30788 66391 96568 62039 47015 42072
70 7
46955 59038 39147 69450 12609 64693 51218
682 7
62803 36725 2095 99911 37421 71748 64141
144 2
2159 86252
49 30
13650 46198 75692 79600 85206 75200 5839 31203 51487 26840 89592 93232 65489 9618 41777 64456 4463 6779 98830 30959 73953 48584 89403 57247 50481 27227 76864 27350 31512 89548
904 32
96194 27513 68927 57341 1856 86671 86160 98418 43209 20175 81671 66038 54659 22015 63021 41572 24938 55707 79888 23015 79128 34195 53883 85665 69792 99157 44885 62037 65717 2428 89214 42169
231 7
32599 49217 32684 23534 51340 2623 63041
703 20
71501 60396 47401 44773 39512 87338 14638 26371 49064 81481 90768 1560 54963 18747 9559 95323 129 6977 86675 62254
184 119
15966 71063 45208 75741 84293 21631 45038 73283 38321 74200 27660 97355 7440 59034 34471 81478 97951 57958 44497 3304 45651 93019 38492 65 94499 3206 10413 23840 15454 10844 66902 87087 99129 90160 63736 65861 86064 41939 4506 51569 48314 27726 79310 15548 70901 32042 55429 27370 63440 66977 62587 39912 1215 96428 30946 88286 75548 62950 17680 95179 16883 14296 1864 603 89777 37017 51879 68468 8758 41606 41813 20719 51385 13472 41214 94591 95709 706 77516 17115 40729 45692 62264 97295 86113 60033 8425 66588 45827 35634 45283 81631 43498 47344 20906 75375 99714 58628 31239 90031 80896 71760 90062 98996 4877 65475 95554 78414 80508 76497 82678 48347 1296 5388 2473 71261 45857 8392 19250
151 125
1063 72914 93278 42289 66577 50463 22172 57737 89981 81887 81440 12227 85343 94073 20367 95672 93964 60018 52268 70890 57864 52060 59133 99426 74518 60878 45422 3882 83675 94817 66306 62966 40324 74962 61952 61361 99968 24814 13695 19488 34736 21629 11511 31445 86068 46008 39443 63638 8362 86658 61090 54504 53402 46573 13018 50659 2800 46808 73117 71854 91127 85084 74481 38154 42330 67648 55047 90639 33737 53118 94143 18503 36063 22487 83053 98821 12831 6657 17742 87974 82710 4313 67889 67825 50964 31634 35915 53871 29044 20146 95242 28516 83191 3607 64097 9374 75019 81618 56699 49043 77848 94791 9294 63020 15402 71312 48882 18214 82583 37301 77500 61686 41121 26883 62501 15891 89276 96155 82793 7687 46133 17215 89720 18087 10983
471 14
3483 15816 14167 12704 51538 81107 32118 73200 6961 35339 73414 18841 90830 99955
332 103
94639 62457 28574 13503 56522 83800 88468 62760 70580 76924 55456 5526 51117 80930 12165 80396 90258 15741 44291 49041 5233 48973 26489 43795 21089 66448 40702 52583 69561 94685 96777 80024 68799 35473 15925 68007 96887 48401 23170 16423 17375 81447 40205 24360 62033 70013 99260 37187 63409 54767 67038 41658 71646 35021 27381 39805 60593 77116 98779 85279 16728 40155 17193 52499 93117 78922 8838 83363 76291 7891 18461 22443 52611 6371 96040 96378 68766 19625 8874 52625 71191 71492 54355 17885 57322 37060 99086 77534 4661 52830 77638 29988 27059 15869 84988 52982 31542 21778 211 29301 89290 53012 97781
472 116
21064 47418 7937 81187 13621 57683 71379 77113 30310 31907 74235 93234 47576 7251 83502 23604 38442 27006 97276 32894 81835 42855 99659 54673 73001 48019 2709 32771 90372 77871 27521 80158 78042 52165 86628 55182 96055 12468 92480 9890 3201 15917 5504 18738 33836 82034 76615 23032 98146 38309 62079 8328 39955 16161 89242 18119 38640 93899 13273 71359 80956 62344 4092 38930 60046 24698 6043 44710 4884 58561 81345 29284 43308 44094 44360 61574 14741 41619 50205 15048 15152 29404 95571 33441 30140 71975 97378 61231 29602 63789 48956 4455 26428 77499 44792 88146 24379 81123 44309 81386 56184 12536 63058 56854 91672 66954 76535 37636 45190 73071 59500 15997 64548 45015 41419 89489
175 54
77811 96370 95536 43305 20404 8845 10659 58687 19595 76551 27270 15915 38096 39666 932 57222 33869 34766 43057 93814 96635 11709 86176 79573 431 41828 92362 65549 16923 38241 43727 57357 72949 10004 66255 15706 20570 51905 42231 11212 12889 49955 19425 88585 86775 18577 28876 49541 11468 11960 80449 56136 73945 30984
334 38
91447 39039 97001 18725 51771 84974 50728 84426 72904 27316 39543 68058 14888 41820 21705 42135 60891 25163 90139 47924 63234 91910 57154 11456 82338 74113 65946 57857 26763 68105 49775 68563 53047 15267 16452 12790 34218 60657
323 141
33393 87719 13423 41379 37500 66247 58874 9361 49647 27299 25116 69761 52612 42483 85221 69294 99765 12292 74058 83438 7074 30427 46040 26123 13880 31619 70291 30305 46407 83188 92559 86560 53175 49022 16884 61989 79876 99786 8883 96146 97603 52027 20554 97485 87924 47949 10742 47862 7131 10908 4191 98578 206 73516 32549 95759 24758 68722 53649 52506 64007 15224 7950 82910 77756 60787 53963 6000 59922 72519 25235 6978 3833 19562 90214 67770 22191 67430 80419 8522 69094 67239 29926 1846 46625 75477 65447 91075 39569 84285 68496 81506 92147 59526 92056 784 89470 34028 33760 40373 80335 70485 9352 23384 54883 86090 5778 63140 90888 9415 67626 10977 83364 86281 51793 3860 52467 14348 57676 4774 90458 33994 19825 96314 49188 35901 73551 90606 66542 41407 73719 90403 89716 26558 19232 2608 61799 76657 2360 43633 47917
531 54
44905 95876 73562 83355 49758 77762 28603 754 44414 78065 98783 19639 62513 42538 92216 24114 13743 89593 73864 95172 8163 35825 86035 52895 64205 72843 4415 28112 54367 85273 54555 26181 99285 58409 85580 60978 28342 97046 97464 40384 84760 10604 39383 39623 22475 60631 81482 85035 96017 43106 97585 75859 53293 99843
2 41
4967 31577 20417 33458 94531 25309 28336 81648 14231 56751 40238 91892 46105 92753 80121 75008 61729 3694 15822 22850 37448 57618 990 94927 80013 29076 15378 47713 28678 9816 32282 21110 63065 7988 18731 20070 73076 94929 4797 64189 59076
242 183
12081 1303 30964 23309 16393 15635 32858 57563 37570 90722 78572 65180 64947 38924 94339 27769 65383 17933 61215 20339 18145 49056 93575 12896 97427 14799 92149 41395 86359 33401 20383 55520 32637 37892 90908 92629 69741 12518 59530 58919 61062 36540 90364 92904 70020 5609 64039 12546 69834 34008 56439 23206 38221 64978 36182 53026 77616 26568 40346 47442 22996 12435 43758 35599 11331 53136 34971 67911 8923 45413 60107 55372 33638 53231 50317 57836 11812 54731 29481 79359 26544 10895 78544 53088 38343 79920 53320 19066 15059 14607 94757 16347 3786 92933 45930 43398 90570 48619 84195 25171 33364 5660 64322 54158 63064 98441 17024 5931 33716 29132 94394 71813 24818 6266 34329 80862 66289 6003 47879 61332 15076 481 96781 5084 84292 27691 88404 74189 95296 59270 49756 4377 96624 41876 63075 9219 81625 65278 97752 33153 91934 104 51691 42511 55172 13847 67593 88412 92467 48759 75252 49547 98423 26466 44600 34924 6136 81996 15998 94705 40394 23496 36417 85877 71910 84005 49174 30451 78954 40948 68310 77582 5870 63767 47075 18451 93438 15689 69951 20191 94725 3963 96865
91 94
11039 63072 25733 70631 80571 5621 88951 44599 19517 99801 70036 97036 55898 52783 6205 86337 90235 89801 71546 50881 95163 80168 66772 95401 18415 95 32230 20648 8689 88072 61143 45815 33821 6496 89025 62303 28138 8208 4389 43332 69011 26941 58288 50768 97441 71470 2514 94556 33185 38111 25709 14267 12869 41784 44617 90436 32607 91174 52345 25819 21155 49624 79444 77304 26464 68209 14773 76340 57554 10663 44049 41359 18203 35181 1912 68834 29002 48361 67437 88329 89251 5878 53023 82472 24572 20651 70808 49976 5919 68728 38882 22736 25042 25692
629 24
86651 72254 58470 7430 76198 42790 49760 85930 44767 15381 33843 40469 6335 49084 44432 78674 4119 44720 59031 94070 40806 32770 61500 23563
281 8
35282 28028 44849 98763 61772 39307 34826 58260
791 40
39332 31224 71836 79564 62081 98023 19448 38611 17613 20946 36453 86134 43751 27655 5998 24153 88572 38411 69705 4229 80983 63810 42142 77432 8196 44175 9281 58315 86816 39630 5876 66331 16911 73211 19992 3080 50407 9910 19799 82971
316 180
75062 34616 47273 77505 56212 7426 96874 87306 27590 71260 48810 32542 8676 72022 31953 41167 1988 81348 94497 98893 60397 2137 96728 33556 94807 3179 84755 43744 77214 48088 49335 66694 77059 85097 45887 65990 26928 20489 14244 83034 74530 71317 28111 83915 3889 45114 32457 96259 75078 1591 91318 89386 11097 88947 40476 37633 1333 44132 54607 73761 62644 70737 13679 66571 49042 2659 55032 79996 20740 26226 77078 4095 61631 11253 18495 55697 94774 86660 2640 57317 95325 79323 54039 9794 16725 33313 81105 58413 21621 52935 52354 72445 74885 32462 38922 7152 32506 88578 32913 81878 76449 20767 40043 1910 36348 52101 53297 50445 38193 89781 56351 54001 27335 43944 18096 28442 29640 55024 76573 37133 8446 50413 52317 80375 87682 59102 77494 86685 6539 41902 61658 38150 10299 69617 23895 94703 84170 70723 39973 56828 3612 73265 92513 72918 11938 84200 76779 93231 37184 66072 68985 1853 71013 93756 21251 41591 47637 40782 19578 21900 15368 12678 49629 13219 47767 9030 28034 38603 76044 51018 71680 93847 98292 68083 80578 12078 94063 45738 48626 42129
569 178
53084 46424 87330 47553 41926 78220 2996 23758 4841 91410 98824 14734 80323 81065 99527 82819 39669 31712 56682 14259 54872 94570 80788 81955 7036 6851 48750 15829 70001 58028 98881 46385 52549 31941 30414 95517 57757 8237 39292 77855 72104 67949 20575 92010 16211 87278 15677 70244 22494 84093 91634 66091 83213 26261 45502 59945 51841 48216 83075 59804 94123 61904 68658 229 41713 43112 41726 5830 9504 76678 64860 11004 6959 92574 71141 17710 5489 39483 88699 82977 89416 19971 34282 25187 61411 5535 35859 4973 11013 25879 31087 58522 65261 53046 62196 30916 48924 61188 50580 72663 80250 22330 89501 8448 99108 26994 50985 25078 86179 39697 32990 67179 4652 18608 47028 97633 4636 20099 7507 28459 67471 93632 5691 99593 38809 9234 49600 10830 27988 18973 46018 20977 80059 60237 32532 3381 49980 63589 14873 10446 66280 52527 9947 31525 92021 70342 77274 23342 92415 89391 80358 50000 3057 83969 59331 27039 58887 29453 94345 63794 39089 70450 18108 40889 66073 5413 8269 75480 1672 72330 63262 16826 44814 69423 82130 60791 10966 31805
650 176
75284 16622 66225 75111 81330 63682 40416 17269 4749 50021 36372 46812 67805 2691 82155 30188 687 86187 79944 65473 89341 45237 97274 71454 34443 47837 18207 92437 28554 68811 11843 79012 74409 32079 71054 29803 55460 59082 78934 11395 40375 31795 55615 4545 87783 56660 80936 83756 2776 68431 98928 62905 16221 78285 57543 52802 21236 37788 1098 95942 85962 81746 30398 56528 42342 65204 80913 7415 13594 68476 71609 60806 84099 58555 31932 67361 39597 98613 56765 27050 29288 67529 68178 18603 14908 95551 44231 87927 63749 13111 45196 37871 46874 23833 28835 8980 23077 43207 62946 52465 40189 32372 51731 21480 89575 49498 45171 24753 92613 27440 70770 47811 94883 90836 57227 27041 18352 23606 29546 84665 57959 49030 14089 30069 25669 74036 79879 90816 14553 59599 50153 68499 51417 38 32445 73717 87963 25414 23624 20888 49905 13309 62919 20631 85417 69765 26603 95608 11110 46565 92499 45322 65958 50887 13677 36783 12388 89845 89493 13659 46534 99196 84350 49235 37483 51848 24367 80218 77491 25785 21250 15280 79186 66227 83402 51261
676 174
50246 11449 31631 67773 43172 623 30264 86437 76131 9129 28232 39839 41021 80751 10357 94042 47594 44384 24689 39396 13256 7616 49710 53271 28463 73935 41188 87027 93045 67346 29539 70993 56265 75662 93939 82976 40425 54359 66882 69626 44635 91679 24225 16972 54539 55218 38100 94462 36980 64882 63593 67125 31034 41117 12552 56443 26098 2 27028 60595 95875 34919 18513 6466 51715 31293 63645 78906 58009 64188 23629 69422 76506 73625 52634 72546 89780 49668 74489 85301 97278 54385 77222 90692 4778 7462 25526 2248 23649 39603 30066 5202 11045 59696 92284 40357 69570 50566 37595 87123 11433 17033 83089 56750 95781 10071 89823 96992 93454 38807 84150 1228 17007 63795 38278 63395 45871 35072 38641 83443 38476 52089 46734 54714 45475 94027 78041 32942 65575 21789 21917 49667 95220 59130 32473 38578 95117 8071 51445 91345 96715 34488 33830 77807 5333 4011 37962 45525 56126 12832 78999 24216 66766 25570 38160 67136 91175 11121 10761 54854 9182 1921 79040 84983 46739 37559 21040 5953 33907 54874 4876 92832 63634 613
32 116
50311 84623 30094 74031 46499 28638 53781 85411 89805 55932 74624 35495 91126 52102 86473 45394 40315 15943 33623 10661 88279 24047 58363 92837 95726 25900 58108 90386 45812 12820 86275 26396 58596 86271 32000 10024 94847 87268 29198 73981 98532 58181 17047 68538 4046 77228 51795 1485 58462 29124 15095 27826 4383 72183 24996 54186 82110 45291 70910 11614 45276 51941 74837 54297 66250 87868 19600 49772 3613 83426 12063 17741 72452 92549 92984 45865 49115 17676 99014 70861 65141 91206 61108 4125 83645 38853 82664 51669 24130 15813 5119 88542 34240 13769 97894 67801 62099 28157 13236 97200 80139 8249 11771 45088 2893 76586 59518 70913 56719 93255 3392 52761 33421 78556 53449 52418
428 168
54386 21178 30215 57976 75368 69455 45612 41857 44119 63289 22671 29812 62468 74541 72382 67465 18401 37229 73229 17766 22803 59508 77419 83184 24354 8757 69829 61511 12313 44366 44039 17582 56811 63304 33114 818 56081 64359 94375 61428 5459 12136 68491 71038 17782 64031 90395 37835 61527 78578 87206 89460 34426 69152 83659 46403 21153 96714 5337 96004 57059 85366 78918 44302 12320 31376 51202 95537 34949 34906 57851 69804 35849 74879 81984 79596 88214 30564 6645 20649 39712 90228 52526 77357 42192 75094 95902 39564 43906 56774 66456 12796 54771 10197 96913 94493 74136 71483 58203 47603 79475 14997 37402 94480 7831 68211 97546 90234 37039 19034 82248 51344 89026 86125 65841 15663 76367 76521 69397 65377 93499 78046 14999 70185 49350 20066 37738 27599 21879 72461 60789 7341 90578 32367 16277 99146 2089 50269 48003 57118 86843 46043 66563 82670 34637 84897 11705 37771 61050 43323 54643 78508 90914 95800 66027 80130 51717 27212 78023 54380 14812 38294 77146 91996 40728 5681 37862 25605
56 166
48977 92696 90748 50817 63288 56478 68135 57024 80884 83472 66290 94229 19045 50895 91776 92787 93618 43873 45174 40665 63553 49708 19492 81095 31184 72466 57895 34306 56426 42196 82690 59659 43434 91621 91122 25264 83310 29861 55446 17046 23432 68342 65792 97631 39810 67272 60880 39539 90861 64520 86272 13369 45488 77511 25494 11001 37558 30452 33506 70837 4608 62132 96943 48149 15610 92800 15023 97362 99281 79379 27447 30626 52287 33542 86949 91481 67148 28929 56803 49448 97383 58698 80712 84277 15893 31664 14285 6054 85954 45182 81548 12148 49004 18784 91005 72178 73897 48929 61850 44089 47104 88619 27722 19142 97554 60296 31940 62887 84007 86162 40723 7245 26269 68839 71740 34347 12086 96158 36867 70433 23074 83145 39099 71484 16479 36883 9223 4493 49493 57693 48091 6581 74907 74564 41239 34423 2302 939 62937 22239 41351 25829 98729 48765 63114 52241 6213 26655 22875 85967 88154 27003 25150 22075 79107 16237 32254 27477 82544 65956 99344 8596 31636 59370 16682 55260
566 164
67314 85408 12157 47370 55955 93222 31871 42859 4269 86104 79350 88139 74083 64084 33170 84881 75113 46658 13058 70364 89540 93751 57091 31570 62017 45976 13036 24020 89339 10914 79072 55920 83262 88308 44570 32469 21166 51309 87115 45995 37223 53186 52344 23102 30456 71595 78842 29173 23414 79347 64462 65214 79723 43804 81209 11568 14459 73131 68212 80431 27138 32918 10795 2562 61947 78644 67466 67835 34835 38700 49591 60690 83077 68134 35619 70821 21511 44515 77085 55272 30784 85576 41275 26796 19485 4776 53576 92224 32884 43912 14401 49209 83153 26692 79809 76704 7865 93532 84436 17664 12567 36530 43760 57183 12161 17162 61347 28807 80915 89359 61622 15174 41416 99075 86903 10859 89054 2696 17155 45383 23438 72086 81981 93334 7294 53615 89461 38833 82565 10252 26337 38845 13588 55965 98228 6814 6201 82463 18260 97495 17678 25196 50364 86373 29537 75134 4596 58 76846 48137 59085 17797 36108 94733 5854 49086 53685 97940 84832 74904 52544 12082 52841 65566
80 162
77309 24518 87322 85087 36743 6069 75533 62042 98793 28863 61590 21240 70486 59809 57111 32071 24357 94015 18331 86261 28910 12657 77147 37056 94061 22092 42286 5700 92819 44220 62072 82373 88602 59994 89111 60616 18797 39915 15217 11251 52139 75224 42182 33209 18491 17366 97247 77307 95052 59757 80588 12119 19599 23837 84380 26421 27441 31310 80395 7425 89521 52460 55506 22427 79491 89275 65915 59001 59275 60582 83516 7398 73795 29294 47588 35630 12976 44763 5957 43327 39862 70188 85347 74313 50538 66365 75967 7708 12936 70404 67297 23454 45600 35984 30185 27040 34868 78640 44136 68119 53478 85215 5001 66178 40674 28257 56829 91270 42715 65108 48664 67225 65872 30015 77114 64191 52161 32932 71062 12945 14743 27048 99648 29043 59014 48766 88435 12909 45607 72388 63933 61153 31955 2349 45372 59570 3876 97605 92632 91877 39054 4953 93729 95011 40720 49740 46345 76936 14061 13136 19998 99264 95933 4501 52254 66328 9560 48878 14940 13869 21793 94118
536 160
46009 90852 18638 83130 74619 17051 92602 6674 18003 29017 37262 87102 43221 90409 2892 69123 40447 75463 49896 76783 63350 3102 8010 93297 58460 9720 86524 10372 35698 32864 54209 3332 80466 54547 31327 27642 7728 2412 3525 11615 6659 53028 67655 64587 70736 32596 19840 50002 1541 77417 46347 25533 1760 37846 37565 77977 81558 4078 63165 40954 59947 98123 1693 35736 99975 55700 76710 28544 96226 5500 30803 1356 85127 11225 49967 68377 15690 67511 67035 22826 88200 50571 61489 16550 31988 75849 64969 42564 18505 53068 26845 40703 71725 85666 72209 71272 4470 47759 92247 91593 86033 95808 67194 41766 53823 63549 78447 69221 45701 97946 77285 17354 75702 95018 8580 33977 82831 7760 35295 12656 26922 66031 67692 23742 56125 71447 7088 68814 16362 16007 76404 41417 22932 87187 61789 20706 94478 1749 6634 8439 8465 23437 37110 28395 34253 76839 59971 30010 1064 51707 39562 47979 73850 70346 88476 78617 74630 33733 23693 73778
463 9
69374 3496 9592 51567 84698 4723 72088 55917 77430
628 23
21435 195 2077 36084 75296 41450 86412 7421 11306 39111 20111 61834 26672 28769 76074 62512 84904 24701 71292 98692 5476 90249 41304
71 128
99485 82273 36501 77393 32802 20784 12677 9494 51851 51912 15005 7734 65949 20104 67288 61340 60821 4063 84843 47612 9617 82456 93459 67563 41757 54031 51380 54274 67812 17236 70857 35662 71649 26944 63018 21165 93572 43401 18012 87992 61660 19271 93018 16097 85421 28627 59685 9553 53895 511 99175 356 13349 78373 90789 36419 60537 28323 61810 35211 30299 43741 76869 97443 49691 18637 32137 32135 92774 95422 91534 22073 35475 43467 74191 70315 94351 35720 27182 79354 34672 1419 20819 11462 37690 95756 38465 58423 12676 77098 62876 28424 93353 86137 30588 83817 7505 9815 54953 61465 56658 12218 18086 68517 53580 18084 86912 66441 42664 6713 17598 24746 30532 86467 85596 44737 51119 87715 24970 37162 75027 50490 60590 17905 37980 68333 11095 7428
710 124
7495 86567 45638 85638 93056 82182 55553 78068 7520 57696 75088 88198 7339 59606 23049 1536 81417 40330 20551 28963 95396 70171 48647 42520 38931 45899 86019 43026 548 69119 90203 38376 28532 47711 85901 47695 83351 8716 48840 70130 48819 30839 95722 22204 17004 85291 81713 76371 35633 94994 41168 69586 64826 23783 89580 10798 9991 52493 32327 64576 83725 28056 19837 8991 84992 22743 65508 56267 87654 32528 90800 20260 95027 89014 87386 9969 89639 99489 69342 58647 97755 49694 23143 99378 8305 28783 14744 68768 86543 64004 40528 7110 45714 79870 60007 32707 59728 2315 88055 55508 64824 73242 12239 22933 99749 73529 29092 33998 76835 49742 46861 3801 51262 96134 6852 95919 12550 63623 56005 45131 18727 11670 81757 27621
653 122
67080 1968 6730 59202 14226 61756 8552 36075 36759 42367 56714 4285 57374 52121 377 26811 61618 41362 53885 8702 30249 50611 26497 58577 58949 97312 99188 30638 37080 25120 84588 2168 8634 42221 44774 49613 87298 25093 40005 85134 65292 99206 97602 75699 44563 36587 43829 15914 979 44642 46191 74978 65604 89732 20937 7411 84909 58237 31750 85850 25947 32212 6031 68208 54851 75656 55038 54279 69162 3722 83942 35823 3231 42035 7151 72987 30640 66214 31992 89871 17152 84643 95142 47126 59591 17531 92687 85804 68914 34722 36978 42625 42894 83450 57061 24795 33017 96732 75177 5847 48735 65346 41880 80760 13818 34717 74460 41467 33314 61018 82551 93883 47235 53306 33919 84960 18224 25633 60640 93592 18744 49491
44 8
67337 19798 6481 11301 7177 48493 12732 27027
140 106
94656 86371 61757 17689 50268 92443 41317 87620 4112 90305 68429 51029 70355 53923 3704 25186 72528 40875 10281 42964 45501 6400 29478 22610 61605 28236 55710 54360 23737 8238 71008 78706 10969 23745 67661 97591 6900 99230 78478 98338 21204 94395 61948 24750 50851 84742 79103 41642 95346 637 48442 40247 63843 58959 21977 2898 61466 95094 94978 16925 7347 6241 78090 31215 25920 56239 73343 15660 94608 41486 58024 635 2008 77803 52516 52812 79182 43736 77859 19399 98835 14739 99698 89114 83279 42541 49859 51091 20079 48144 20277 32753 40940 63104 44731 84018 47120 30882 29385 19573 2140 45147 68408 35471 35009 38634
85 36
63509 76488 77138 10038 52245 67527 90886 59961 12098 36833 15970 17122 9166 24156 87157 13508 66384 17360 10525 37999 2631 57201 3925 23711 30861 3402 63586 7691 42497 28661 70639 11414 37293 32807 3554 56350
433 100
45118 73949 11379 53158 80676 85678 88512 51658 99091 9165 76589 40647 47145 82078 61648 33074 58152 45235 68693 7702 38401 10614 76827 8825 3709 20419 39736 29428 57531 94437 39441 79045 21625 51260 598 52771 66281 83248 40911 56460 88595 60452 57866 1722 70647 38008 38477 26406 95935 24400 85821 27688 79673 88187 81817 35802 66891 47848 6479 2118 8177 56401 93759 87234 35534 93953 93033 68521 71330 13105 49063 96784 38556 45185 89842 84091 69335 73600 33297 28492 77330 53783 43368 99160 31405 69296 28905 60017 31617 8787 36975 18793 36823 79812 1691 88358 23992 52818 10970 55447
565 27
47926 18298 59448 21867 99859 28502 2500 11011 81791 73215 49006 96649 46138 23335 11480 9327 7647 55720 82707 17779 54181 44973 86886 15498 77673 34974 68289
771 64
89748 92268 87822 17529 63481 86305 37864 96219 31596 48900 35303 1432 5977 74651 28971 76935 51287 52765 88192 17100 94562 41521 29843 96319 48706 20870 80081 63542 12249 34589 90107 97829 98395 66877 17353 96169 53572 41638 48184 89847 55127 59942 1150 55784 30156 8821 24925 83655 74380 33247 96674 66363 76015 52416 1018 84601 20523 93189 3278 38585 9395 36001 24080 69122
92 34
25835 92141 62057 57228 12694 83909 15389 65297 71251 21223 33895 84072 17756 94908 4816 42785 92803 66147 49823 27004 91348 14002 62218 82407 31832 39226 39904 84279 5361 6485 1850 83347 50908 53394
112 70
79703 82288 76912 59396 56065 59852 63867 2628 3633 42530 20288 37018 2704 1464 58689 17771 47031 32539 8967 6733 44833 52649 5844 36505 91977 78857 92422 56071 3481 85181 99223 82428 24010 94835 3894 7737 99169 42660 45082 42281 22625 99652 62913 68186 69088 26225 15830 33709 15993 69548 84660 25595 89519 47498 67395 40565 12971 42989 38960 71227 61223 860 30976 31090 78620 83926 83583 33394 48747 42310
992 62
2798 45917 60481 60240 68879 77868 20451 10800 21732 37026 16620 77112 82418 40914 17996 64160 17816 47280 31504 74443 83527 13474 30922 95760 359 11955 95794 42470 14530 6811 76197 61604 50342 16902 55655 58279 27808 4103 41386 92259 53178 37439 30148 41952 20375 2864 31237 10512 72006 30101 96533 37232 18375 68081 17947 37044 92378 54269 35879 26063 3275 14763
575 60
27483 14207 40225 20591 67711 28490 94279 46759 45298 51534 73270 79494 62342 25358 3981 27026 2471 40590 58926 81552 4845 78759 27164 47757 83449 35117 28321 16422 9043 38927 2503 25047 97806 87397 78304 92939 21816 85506 69868 72292 54029 63934 54422 71918 63879 9023 75468 70473 53771 69558 70310 8099 33963 2119 7926 67303 39936 9486 37464 5115
328 12
33740 81785 49207 19527 367 53214 19780 96227 43999 33938 25160 34807
772 52
81419 88554 43342 53518 65576 48768 34502 5549 1925 32781 44903 84615 93990 66512 3678 64805 89612 54358 81082 1878 59713 54568 4368 70464 11911 47708 42653 39400 88961 71277 92386 25646 28169 81013 84522 99797 92406 77074 98879 36944 39128 91180 78256 87449 9843 62534 55823 51311 64368 26012 55817 83802
447 50
81102 93243 8287 14221 24411 93743 53484 17670 86206 92735 76860 16665 19937 94785 66916 76356 38361 97850 51280 72424 25427 58573 83932 65980 15112 32239 20162 65283 62243 72514 60682 23913 63252 93796 87092 64533 15702 59856 15450 78089 22374 25786 70139 46242 69113 32301 33590 60658 71716 68666
252 46
9005 76994 35488 89298 95917 65633 45869 74298 74941 10163 64697 96444 90774 82637 10675 3265 84438 27995 39759 67327 48225 49957 70146 78522 5354 58173 16741 51908 16718 57789 47791 40446 73232 18341 81575 96044 37876 99413 56366 41992 86401 67628 48601 59953 88021 44923
0 44
3951 53602 28809 53941 48814 45358 11007 80118 28604 15755 35444 87833 25170 65211 1177 62860 35319 27615 84835 59278 42434 70381 81264 86920 60041 20380 71381 54810 84637 5683 94267 72715 4731 6973 86242 65856 77669 89610 11917 3313 34608 46257 30475 91648
541 17
96782 59810 93418 30209 93491 73074 43135 62190 24930 53375 54475 1339 80208 27260 65129 34813 51843
844 34
45465 37777 23171 27024 37665 50194 63435 15999 61067 63690 8081 25162 17526 93453 11444 4492 96752 71654 70758 27748 63659 91216 28699 65445 26391 85507 79400 15731 60122 98434 70767 94485 76625 78085
841 3
97336 53547 18412
589 16
88561 99351 24998 73050 80723 27971 35334 26432 26726 24202 49481 19296 1387 54540 15850 91453
552 3
26350 64790 19646
944 4
24606 37804 5153 18210
